[0.027s] Invoking command in '/root/AgricSense-VLA/jackal_ws/build/jackal_msgs': CMAKE_PREFIX_PATH=${CMAKE_PREFIX_PATH}:/root/AgricSense-VLA/jackal_ws/install/wireless_watcher:/root/AgricSense-VLA/jackal_ws/install/sensor_tools:/opt/ros/humble /usr/bin/cmake /root/AgricSense-VLA/jackal_ws/src/jackal/jackal_msgs -DAMENT_CMAKE_SYMLINK_INSTALL=1 -DCMAKE_INSTALL_PREFIX=/root/AgricSense-VLA/jackal_ws/install/jackal_msgs
[0.150s] -- The C compiler identification is GNU 11.4.0
[0.238s] -- The CXX compiler identification is GNU 11.4.0
[0.246s] -- Detecting C compiler ABI info
[0.301s] -- Detecting C compiler ABI info - done
[0.307s] -- Check for working C compiler: /usr/bin/cc - skipped
[0.307s] -- Detecting C compile features
[0.307s] -- Detecting C compile features - done
[0.310s] -- Detecting CXX compiler ABI info
[0.375s] -- Detecting CXX compiler ABI info - done
[0.380s] -- Check for working CXX compiler: /usr/bin/c++ - skipped
[0.380s] -- Detecting CXX compile features
[0.380s] -- Detecting CXX compile features - done
[0.383s] -- Found ament_cmake: 1.3.11 (/opt/ros/humble/share/ament_cmake/cmake)
[0.505s] -- Found Python3: /usr/bin/python3 (found version "3.10.12") found components: Interpreter 
[0.556s] -- Override CMake install command with custom implementation using symlinks instead of copying resources
[0.597s] -- Found std_msgs: 4.2.4 (/opt/ros/humble/share/std_msgs/cmake)
[0.636s] -- Found rosidl_generator_c: 3.1.6 (/opt/ros/humble/share/rosidl_generator_c/cmake)
[0.642s] -- Found rosidl_adapter: 3.1.6 (/opt/ros/humble/share/rosidl_adapter/cmake)
[0.654s] -- Found rosidl_generator_cpp: 3.1.6 (/opt/ros/humble/share/rosidl_generator_cpp/cmake)
[0.665s] -- Using all available rosidl_typesupport_c: rosidl_typesupport_fastrtps_c;rosidl_typesupport_introspection_c
[0.682s] -- Using all available rosidl_typesupport_cpp: rosidl_typesupport_fastrtps_cpp;rosidl_typesupport_introspection_cpp
[0.707s] -- Found rosidl_default_generators: 1.2.0 (/opt/ros/humble/share/rosidl_default_generators/cmake)
[0.972s] -- Found ament_cmake_ros: 0.10.0 (/opt/ros/humble/share/ament_cmake_ros/cmake)
[1.267s] -- Using all available rosidl_typesupport_c: rosidl_typesupport_fastrtps_c;rosidl_typesupport_introspection_c
[1.372s] -- Using all available rosidl_typesupport_cpp: rosidl_typesupport_fastrtps_cpp;rosidl_typesupport_introspection_cpp
[1.391s] -- Found PythonInterp: /usr/bin/python3 (found suitable version "3.10.12", minimum required is "3.6") 
[1.393s] -- Found python_cmake_module: 0.10.0 (/opt/ros/humble/share/python_cmake_module/cmake)
[1.418s] -- Found PythonLibs: /usr/lib/x86_64-linux-gnu/libpython3.10.so (found suitable version "3.10.12", minimum required is "3.5") 
[1.418s] -- Using PYTHON_EXECUTABLE: /usr/bin/python3
[1.418s] -- Using PYTHON_INCLUDE_DIRS: /usr/include/python3.10
[1.418s] -- Using PYTHON_LIBRARIES: /usr/lib/x86_64-linux-gnu/libpython3.10.so
[1.435s] -- Found PythonExtra: .so  
[1.492s] -- Configuring done
[1.519s] -- Generating done
[1.527s] -- Build files have been written to: /root/AgricSense-VLA/jackal_ws/build/jackal_msgs
[1.532s] Invoked command in '/root/AgricSense-VLA/jackal_ws/build/jackal_msgs' returned '0': CMAKE_PREFIX_PATH=${CMAKE_PREFIX_PATH}:/root/AgricSense-VLA/jackal_ws/install/wireless_watcher:/root/AgricSense-VLA/jackal_ws/install/sensor_tools:/opt/ros/humble /usr/bin/cmake /root/AgricSense-VLA/jackal_ws/src/jackal/jackal_msgs -DAMENT_CMAKE_SYMLINK_INSTALL=1 -DCMAKE_INSTALL_PREFIX=/root/AgricSense-VLA/jackal_ws/install/jackal_msgs
[1.533s] Invoking command in '/root/AgricSense-VLA/jackal_ws/build/jackal_msgs': CMAKE_PREFIX_PATH=${CMAKE_PREFIX_PATH}:/root/AgricSense-VLA/jackal_ws/install/wireless_watcher:/root/AgricSense-VLA/jackal_ws/install/sensor_tools:/opt/ros/humble /usr/bin/cmake --build /root/AgricSense-VLA/jackal_ws/build/jackal_msgs -- -j20 -l20
[1.571s] [  1%] [34m[1mGenerating C code for ROS interfaces[0m
[1.582s] [  1%] Built target ament_cmake_python_symlink_jackal_msgs
[1.582s] [  2%] [34m[1mGenerating C++ code for ROS interfaces[0m
[1.746s] running egg_info
[1.746s] creating jackal_msgs.egg-info
[1.746s] writing jackal_msgs.egg-info/PKG-INFO
[1.746s] writing dependency_links to jackal_msgs.egg-info/dependency_links.txt
[1.747s] writing top-level names to jackal_msgs.egg-info/top_level.txt
[1.747s] writing manifest file 'jackal_msgs.egg-info/SOURCES.txt'
[1.748s] reading manifest file 'jackal_msgs.egg-info/SOURCES.txt'
[1.748s] writing manifest file 'jackal_msgs.egg-info/SOURCES.txt'
[1.766s] [  2%] Built target ament_cmake_python_build_jackal_msgs_egg
[2.198s] [  2%] Built target jackal_msgs__cpp
[2.199s] [  5%] [32mBuilding C object CMakeFiles/jackal_msgs__rosidl_generator_c.dir/rosidl_generator_c/jackal_msgs/msg/detail/drive_feedback__functions.c.o[0m
[2.199s] [  5%] [32mBuilding C object CMakeFiles/jackal_msgs__rosidl_generator_c.dir/rosidl_generator_c/jackal_msgs/msg/detail/power__functions.c.o[0m
[2.199s] [  6%] [32mBuilding C object CMakeFiles/jackal_msgs__rosidl_generator_c.dir/rosidl_generator_c/jackal_msgs/msg/detail/feedback__functions.c.o[0m
[2.199s] [  7%] [32mBuilding C object CMakeFiles/jackal_msgs__rosidl_generator_c.dir/rosidl_generator_c/jackal_msgs/srv/detail/set_domain_id__functions.c.o[0m
[2.201s] [  8%] [32mBuilding C object CMakeFiles/jackal_msgs__rosidl_generator_c.dir/rosidl_generator_c/jackal_msgs/msg/detail/stop_status__functions.c.o[0m
[2.202s] [ 10%] [32mBuilding C object CMakeFiles/jackal_msgs__rosidl_generator_c.dir/rosidl_generator_c/jackal_msgs/msg/detail/drive__functions.c.o[0m
[2.203s] [ 11%] [32mBuilding C object CMakeFiles/jackal_msgs__rosidl_generator_c.dir/rosidl_generator_c/jackal_msgs/msg/detail/status__functions.c.o[0m
[2.207s] [ 12%] [34m[1mGenerating C++ introspection for ROS interfaces[0m
[2.208s] [ 13%] [34m[1mGenerating C++ type support dispatch for ROS interfaces[0m
[2.209s] [ 15%] [34m[1mGenerating C++ type support for eProsima Fast-RTPS[0m
[2.267s] [ 16%] [32m[1mLinking C shared library libjackal_msgs__rosidl_generator_c.so[0m
[2.303s] [ 16%] Built target jackal_msgs__rosidl_generator_c
[2.311s] [ 17%] [34m[1mGenerating C type support dispatch for ROS interfaces[0m
[2.314s] [ 18%] [34m[1mGenerating C type support for eProsima Fast-RTPS[0m
[2.315s] [ 20%] [34m[1mGenerating C introspection for ROS interfaces[0m
[2.677s] [ 21%] [32mBuilding CXX object CMakeFiles/jackal_msgs__rosidl_typesupport_cpp.dir/rosidl_typesupport_cpp/jackal_msgs/msg/status__type_support.cpp.o[0m
[2.678s] [ 22%] [32mBuilding CXX object CMakeFiles/jackal_msgs__rosidl_typesupport_cpp.dir/rosidl_typesupport_cpp/jackal_msgs/msg/stop_status__type_support.cpp.o[0m
[2.678s] [ 24%] [32mBuilding CXX object CMakeFiles/jackal_msgs__rosidl_typesupport_cpp.dir/rosidl_typesupport_cpp/jackal_msgs/srv/set_domain_id__type_support.cpp.o[0m
[2.679s] [ 25%] [32mBuilding CXX object CMakeFiles/jackal_msgs__rosidl_typesupport_cpp.dir/rosidl_typesupport_cpp/jackal_msgs/msg/power__type_support.cpp.o[0m
[2.679s] [ 26%] [32mBuilding CXX object CMakeFiles/jackal_msgs__rosidl_typesupport_cpp.dir/rosidl_typesupport_cpp/jackal_msgs/msg/drive_feedback__type_support.cpp.o[0m
[2.679s] [ 29%] [32mBuilding CXX object CMakeFiles/jackal_msgs__rosidl_typesupport_cpp.dir/rosidl_typesupport_cpp/jackal_msgs/msg/drive__type_support.cpp.o[0m
[2.679s] [ 29%] [32mBuilding CXX object CMakeFiles/jackal_msgs__rosidl_typesupport_cpp.dir/rosidl_typesupport_cpp/jackal_msgs/msg/feedback__type_support.cpp.o[0m
[2.793s] [ 31%] [32mBuilding CXX object CMakeFiles/jackal_msgs__rosidl_typesupport_fastrtps_cpp.dir/rosidl_typesupport_fastrtps_cpp/jackal_msgs/msg/detail/dds_fastrtps/drive_feedback__type_support.cpp.o[0m
[2.794s] [ 32%] [32mBuilding CXX object CMakeFiles/jackal_msgs__rosidl_typesupport_fastrtps_cpp.dir/rosidl_typesupport_fastrtps_cpp/jackal_msgs/msg/detail/dds_fastrtps/power__type_support.cpp.o[0m
[2.794s] [ 32%] [32mBuilding CXX object CMakeFiles/jackal_msgs__rosidl_typesupport_fastrtps_cpp.dir/rosidl_typesupport_fastrtps_cpp/jackal_msgs/msg/detail/dds_fastrtps/stop_status__type_support.cpp.o[0m
[2.795s] [ 34%] [32mBuilding CXX object CMakeFiles/jackal_msgs__rosidl_typesupport_fastrtps_cpp.dir/rosidl_typesupport_fastrtps_cpp/jackal_msgs/msg/detail/dds_fastrtps/drive__type_support.cpp.o[0m
[2.796s] [ 35%] [32mBuilding CXX object CMakeFiles/jackal_msgs__rosidl_typesupport_fastrtps_cpp.dir/rosidl_typesupport_fastrtps_cpp/jackal_msgs/msg/detail/dds_fastrtps/feedback__type_support.cpp.o[0m
[2.796s] [ 36%] [32mBuilding CXX object CMakeFiles/jackal_msgs__rosidl_typesupport_fastrtps_cpp.dir/rosidl_typesupport_fastrtps_cpp/jackal_msgs/msg/detail/dds_fastrtps/status__type_support.cpp.o[0m
[2.799s] [ 37%] [32mBuilding CXX object CMakeFiles/jackal_msgs__rosidl_typesupport_fastrtps_cpp.dir/rosidl_typesupport_fastrtps_cpp/jackal_msgs/srv/detail/dds_fastrtps/set_domain_id__type_support.cpp.o[0m
[2.930s] [ 39%] [32mBuilding C object CMakeFiles/jackal_msgs__rosidl_typesupport_introspection_c.dir/rosidl_typesupport_introspection_c/jackal_msgs/msg/detail/drive__type_support.c.o[0m
[2.934s] [ 40%] [32mBuilding C object CMakeFiles/jackal_msgs__rosidl_typesupport_introspection_c.dir/rosidl_typesupport_introspection_c/jackal_msgs/msg/detail/drive_feedback__type_support.c.o[0m
[2.938s] [ 41%] [32mBuilding C object CMakeFiles/jackal_msgs__rosidl_typesupport_introspection_c.dir/rosidl_typesupport_introspection_c/jackal_msgs/msg/detail/feedback__type_support.c.o[0m
[2.942s] [ 43%] [32mBuilding C object CMakeFiles/jackal_msgs__rosidl_typesupport_introspection_c.dir/rosidl_typesupport_introspection_c/jackal_msgs/msg/detail/power__type_support.c.o[0m
[2.943s] [ 44%] [32mBuilding C object CMakeFiles/jackal_msgs__rosidl_typesupport_introspection_c.dir/rosidl_typesupport_introspection_c/jackal_msgs/msg/detail/status__type_support.c.o[0m
[2.965s] [ 45%] [32mBuilding C object CMakeFiles/jackal_msgs__rosidl_typesupport_introspection_c.dir/rosidl_typesupport_introspection_c/jackal_msgs/msg/detail/stop_status__type_support.c.o[0m
[2.972s] [ 46%] [32mBuilding C object CMakeFiles/jackal_msgs__rosidl_typesupport_introspection_c.dir/rosidl_typesupport_introspection_c/jackal_msgs/srv/detail/set_domain_id__type_support.c.o[0m
[2.982s] [ 48%] [32mBuilding CXX object CMakeFiles/jackal_msgs__rosidl_typesupport_fastrtps_c.dir/rosidl_typesupport_fastrtps_c/jackal_msgs/msg/detail/drive__type_support_c.cpp.o[0m
[2.986s] [ 49%] [32mBuilding CXX object CMakeFiles/jackal_msgs__rosidl_typesupport_fastrtps_c.dir/rosidl_typesupport_fastrtps_c/jackal_msgs/msg/detail/feedback__type_support_c.cpp.o[0m
[2.990s] [ 50%] [32mBuilding CXX object CMakeFiles/jackal_msgs__rosidl_typesupport_fastrtps_c.dir/rosidl_typesupport_fastrtps_c/jackal_msgs/msg/detail/drive_feedback__type_support_c.cpp.o[0m
[2.994s] [ 51%] [32mBuilding CXX object CMakeFiles/jackal_msgs__rosidl_typesupport_fastrtps_c.dir/rosidl_typesupport_fastrtps_c/jackal_msgs/msg/detail/power__type_support_c.cpp.o[0m
[2.999s] [ 53%] [32mBuilding CXX object CMakeFiles/jackal_msgs__rosidl_typesupport_fastrtps_c.dir/rosidl_typesupport_fastrtps_c/jackal_msgs/msg/detail/status__type_support_c.cpp.o[0m
[3.014s] [ 54%] [32mBuilding CXX object CMakeFiles/jackal_msgs__rosidl_typesupport_fastrtps_c.dir/rosidl_typesupport_fastrtps_c/jackal_msgs/srv/detail/set_domain_id__type_support_c.cpp.o[0m
[3.018s] [ 55%] [32m[1mLinking C shared library libjackal_msgs__rosidl_typesupport_introspection_c.so[0m
[3.021s] [ 56%] [32mBuilding CXX object CMakeFiles/jackal_msgs__rosidl_typesupport_fastrtps_c.dir/rosidl_typesupport_fastrtps_c/jackal_msgs/msg/detail/stop_status__type_support_c.cpp.o[0m
[3.043s] [ 58%] [32m[1mLinking CXX shared library libjackal_msgs__rosidl_typesupport_cpp.so[0m
[3.055s] [ 58%] Built target jackal_msgs__rosidl_typesupport_introspection_c
[3.093s] [ 58%] Built target jackal_msgs__rosidl_typesupport_cpp
[3.191s] [ 59%] [32mBuilding CXX object CMakeFiles/jackal_msgs__rosidl_typesupport_introspection_cpp.dir/rosidl_typesupport_introspection_cpp/jackal_msgs/msg/detail/drive__type_support.cpp.o[0m
[3.202s] [ 60%] [32mBuilding CXX object CMakeFiles/jackal_msgs__rosidl_typesupport_introspection_cpp.dir/rosidl_typesupport_introspection_cpp/jackal_msgs/msg/detail/drive_feedback__type_support.cpp.o[0m
[3.206s] [ 62%] [32mBuilding CXX object CMakeFiles/jackal_msgs__rosidl_typesupport_introspection_cpp.dir/rosidl_typesupport_introspection_cpp/jackal_msgs/msg/detail/power__type_support.cpp.o[0m
[3.206s] [ 63%] [32mBuilding CXX object CMakeFiles/jackal_msgs__rosidl_typesupport_introspection_cpp.dir/rosidl_typesupport_introspection_cpp/jackal_msgs/msg/detail/status__type_support.cpp.o[0m
[3.207s] [ 64%] [32mBuilding CXX object CMakeFiles/jackal_msgs__rosidl_typesupport_introspection_cpp.dir/rosidl_typesupport_introspection_cpp/jackal_msgs/msg/detail/feedback__type_support.cpp.o[0m
[3.228s] [ 65%] [32mBuilding CXX object CMakeFiles/jackal_msgs__rosidl_typesupport_c.dir/rosidl_typesupport_c/jackal_msgs/msg/drive__type_support.cpp.o[0m
[3.232s] [ 67%] [32mBuilding CXX object CMakeFiles/jackal_msgs__rosidl_typesupport_introspection_cpp.dir/rosidl_typesupport_introspection_cpp/jackal_msgs/msg/detail/stop_status__type_support.cpp.o[0m
[3.236s] [ 68%] [32mBuilding CXX object CMakeFiles/jackal_msgs__rosidl_typesupport_c.dir/rosidl_typesupport_c/jackal_msgs/msg/drive_feedback__type_support.cpp.o[0m
[3.269s] [ 69%] [32mBuilding CXX object CMakeFiles/jackal_msgs__rosidl_typesupport_c.dir/rosidl_typesupport_c/jackal_msgs/msg/feedback__type_support.cpp.o[0m
[3.286s] [ 70%] [32mBuilding CXX object CMakeFiles/jackal_msgs__rosidl_typesupport_c.dir/rosidl_typesupport_c/jackal_msgs/msg/power__type_support.cpp.o[0m
[3.290s] [ 72%] [32mBuilding CXX object CMakeFiles/jackal_msgs__rosidl_typesupport_c.dir/rosidl_typesupport_c/jackal_msgs/msg/status__type_support.cpp.o[0m
[3.304s] [ 73%] [32mBuilding CXX object CMakeFiles/jackal_msgs__rosidl_typesupport_c.dir/rosidl_typesupport_c/jackal_msgs/msg/stop_status__type_support.cpp.o[0m
[3.313s] [ 74%] [32mBuilding CXX object CMakeFiles/jackal_msgs__rosidl_typesupport_introspection_cpp.dir/rosidl_typesupport_introspection_cpp/jackal_msgs/srv/detail/set_domain_id__type_support.cpp.o[0m
[3.320s] [ 75%] [32mBuilding CXX object CMakeFiles/jackal_msgs__rosidl_typesupport_c.dir/rosidl_typesupport_c/jackal_msgs/srv/set_domain_id__type_support.cpp.o[0m
[3.352s] [ 77%] [32m[1mLinking CXX shared library libjackal_msgs__rosidl_typesupport_c.so[0m
[3.385s] [ 77%] Built target jackal_msgs__rosidl_typesupport_c
[3.386s] [ 78%] [32m[1mLinking CXX shared library libjackal_msgs__rosidl_typesupport_fastrtps_cpp.so[0m
[3.455s] [ 78%] Built target jackal_msgs__rosidl_typesupport_fastrtps_cpp
[3.530s] [ 79%] [32m[1mLinking CXX shared library libjackal_msgs__rosidl_typesupport_fastrtps_c.so[0m
[3.591s] [ 79%] Built target jackal_msgs__rosidl_typesupport_fastrtps_c
[3.682s] [ 81%] [32m[1mLinking CXX shared library libjackal_msgs__rosidl_typesupport_introspection_cpp.so[0m
[3.745s] [ 81%] Built target jackal_msgs__rosidl_typesupport_introspection_cpp
[3.765s] [ 81%] Built target jackal_msgs
[3.783s] [ 82%] [34m[1mGenerating Python code for ROS interfaces[0m
[4.815s] [ 82%] Built target jackal_msgs__py
[4.832s] [ 84%] [32mBuilding C object CMakeFiles/jackal_msgs__rosidl_generator_py.dir/rosidl_generator_py/jackal_msgs/msg/_feedback_s.c.o[0m
[4.832s] [ 84%] [32mBuilding C object CMakeFiles/jackal_msgs__rosidl_generator_py.dir/rosidl_generator_py/jackal_msgs/msg/_drive_s.c.o[0m
[4.832s] [ 86%] [32mBuilding C object CMakeFiles/jackal_msgs__rosidl_generator_py.dir/rosidl_generator_py/jackal_msgs/msg/_status_s.c.o[0m
[4.835s] [ 87%] [32mBuilding C object CMakeFiles/jackal_msgs__rosidl_generator_py.dir/rosidl_generator_py/jackal_msgs/msg/_power_s.c.o[0m
[4.835s] [ 88%] [32mBuilding C object CMakeFiles/jackal_msgs__rosidl_generator_py.dir/rosidl_generator_py/jackal_msgs/msg/_drive_feedback_s.c.o[0m
[4.836s] [ 89%] [32mBuilding C object CMakeFiles/jackal_msgs__rosidl_generator_py.dir/rosidl_generator_py/jackal_msgs/srv/_set_domain_id_s.c.o[0m
[4.836s] [ 91%] [32mBuilding C object CMakeFiles/jackal_msgs__rosidl_generator_py.dir/rosidl_generator_py/jackal_msgs/msg/_stop_status_s.c.o[0m
[4.957s] [ 92%] [32m[1mLinking C shared library rosidl_generator_py/jackal_msgs/libjackal_msgs__rosidl_generator_py.so[0m
[4.998s] [ 92%] Built target jackal_msgs__rosidl_generator_py
[5.018s] [ 93%] [32mBuilding C object CMakeFiles/jackal_msgs__rosidl_typesupport_c__pyext.dir/rosidl_generator_py/jackal_msgs/_jackal_msgs_s.ep.rosidl_typesupport_c.c.o[0m
[5.018s] [ 94%] [32mBuilding C object CMakeFiles/jackal_msgs__rosidl_typesupport_fastrtps_c__pyext.dir/rosidl_generator_py/jackal_msgs/_jackal_msgs_s.ep.rosidl_typesupport_fastrtps_c.c.o[0m
[5.019s] [ 96%] [32mBuilding C object CMakeFiles/jackal_msgs__rosidl_typesupport_introspection_c__pyext.dir/rosidl_generator_py/jackal_msgs/_jackal_msgs_s.ep.rosidl_typesupport_introspection_c.c.o[0m
[5.101s] [ 97%] [32m[1mLinking C shared library rosidl_generator_py/jackal_msgs/jackal_msgs_s__rosidl_typesupport_introspection_c.cpython-310-x86_64-linux-gnu.so[0m
[5.102s] [ 98%] [32m[1mLinking C shared library rosidl_generator_py/jackal_msgs/jackal_msgs_s__rosidl_typesupport_fastrtps_c.cpython-310-x86_64-linux-gnu.so[0m
[5.128s] [100%] [32m[1mLinking C shared library rosidl_generator_py/jackal_msgs/jackal_msgs_s__rosidl_typesupport_c.cpython-310-x86_64-linux-gnu.so[0m
[5.144s] [100%] Built target jackal_msgs__rosidl_typesupport_fastrtps_c__pyext
[5.145s] [100%] Built target jackal_msgs__rosidl_typesupport_introspection_c__pyext
[5.169s] [100%] Built target jackal_msgs__rosidl_typesupport_c__pyext
[5.180s] Invoked command in '/root/AgricSense-VLA/jackal_ws/build/jackal_msgs' returned '0': CMAKE_PREFIX_PATH=${CMAKE_PREFIX_PATH}:/root/AgricSense-VLA/jackal_ws/install/wireless_watcher:/root/AgricSense-VLA/jackal_ws/install/sensor_tools:/opt/ros/humble /usr/bin/cmake --build /root/AgricSense-VLA/jackal_ws/build/jackal_msgs -- -j20 -l20
[5.181s] Invoking command in '/root/AgricSense-VLA/jackal_ws/build/jackal_msgs': CMAKE_PREFIX_PATH=${CMAKE_PREFIX_PATH}:/root/AgricSense-VLA/jackal_ws/install/wireless_watcher:/root/AgricSense-VLA/jackal_ws/install/sensor_tools:/opt/ros/humble /usr/bin/cmake --install /root/AgricSense-VLA/jackal_ws/build/jackal_msgs
[5.187s] -- Install configuration: ""
[5.187s] -- Execute custom install script
[5.188s] -- Symlinking: /root/AgricSense-VLA/jackal_ws/install/jackal_msgs/share/ament_index/resource_index/rosidl_interfaces/jackal_msgs
[5.196s] -- Symlinking: /root/AgricSense-VLA/jackal_ws/install/jackal_msgs/include/jackal_msgs/jackal_msgs/msg/detail/drive__functions.h
[5.203s] -- Symlinking: /root/AgricSense-VLA/jackal_ws/install/jackal_msgs/include/jackal_msgs/jackal_msgs/msg/detail/drive__struct.h
[5.214s] -- Symlinking: /root/AgricSense-VLA/jackal_ws/install/jackal_msgs/include/jackal_msgs/jackal_msgs/msg/detail/drive__type_support.h
[5.220s] -- Symlinking: /root/AgricSense-VLA/jackal_ws/install/jackal_msgs/include/jackal_msgs/jackal_msgs/msg/detail/drive_feedback__functions.h
[5.227s] -- Symlinking: /root/AgricSense-VLA/jackal_ws/install/jackal_msgs/include/jackal_msgs/jackal_msgs/msg/detail/drive_feedback__struct.h
[5.237s] -- Symlinking: /root/AgricSense-VLA/jackal_ws/install/jackal_msgs/include/jackal_msgs/jackal_msgs/msg/detail/drive_feedback__type_support.h
[5.244s] -- Symlinking: /root/AgricSense-VLA/jackal_ws/install/jackal_msgs/include/jackal_msgs/jackal_msgs/msg/detail/feedback__functions.h
[5.250s] -- Symlinking: /root/AgricSense-VLA/jackal_ws/install/jackal_msgs/include/jackal_msgs/jackal_msgs/msg/detail/feedback__struct.h
[5.259s] -- Symlinking: /root/AgricSense-VLA/jackal_ws/install/jackal_msgs/include/jackal_msgs/jackal_msgs/msg/detail/feedback__type_support.h
[5.267s] -- Symlinking: /root/AgricSense-VLA/jackal_ws/install/jackal_msgs/include/jackal_msgs/jackal_msgs/msg/detail/power__functions.h
[5.275s] -- Symlinking: /root/AgricSense-VLA/jackal_ws/install/jackal_msgs/include/jackal_msgs/jackal_msgs/msg/detail/power__struct.h
[5.284s] -- Symlinking: /root/AgricSense-VLA/jackal_ws/install/jackal_msgs/include/jackal_msgs/jackal_msgs/msg/detail/power__type_support.h
[5.294s] -- Symlinking: /root/AgricSense-VLA/jackal_ws/install/jackal_msgs/include/jackal_msgs/jackal_msgs/msg/detail/status__functions.h
[5.302s] -- Symlinking: /root/AgricSense-VLA/jackal_ws/install/jackal_msgs/include/jackal_msgs/jackal_msgs/msg/detail/status__struct.h
[5.312s] -- Symlinking: /root/AgricSense-VLA/jackal_ws/install/jackal_msgs/include/jackal_msgs/jackal_msgs/msg/detail/status__type_support.h
[5.321s] -- Symlinking: /root/AgricSense-VLA/jackal_ws/install/jackal_msgs/include/jackal_msgs/jackal_msgs/msg/detail/stop_status__functions.h
[5.327s] -- Symlinking: /root/AgricSense-VLA/jackal_ws/install/jackal_msgs/include/jackal_msgs/jackal_msgs/msg/detail/stop_status__struct.h
[5.335s] -- Symlinking: /root/AgricSense-VLA/jackal_ws/install/jackal_msgs/include/jackal_msgs/jackal_msgs/msg/detail/stop_status__type_support.h
[5.345s] -- Symlinking: /root/AgricSense-VLA/jackal_ws/install/jackal_msgs/include/jackal_msgs/jackal_msgs/msg/drive.h
[5.353s] -- Symlinking: /root/AgricSense-VLA/jackal_ws/install/jackal_msgs/include/jackal_msgs/jackal_msgs/msg/drive_feedback.h
[5.360s] -- Symlinking: /root/AgricSense-VLA/jackal_ws/install/jackal_msgs/include/jackal_msgs/jackal_msgs/msg/feedback.h
[5.367s] -- Symlinking: /root/AgricSense-VLA/jackal_ws/install/jackal_msgs/include/jackal_msgs/jackal_msgs/msg/power.h
[5.374s] -- Symlinking: /root/AgricSense-VLA/jackal_ws/install/jackal_msgs/include/jackal_msgs/jackal_msgs/msg/rosidl_generator_c__visibility_control.h
[5.381s] -- Symlinking: /root/AgricSense-VLA/jackal_ws/install/jackal_msgs/include/jackal_msgs/jackal_msgs/msg/status.h
[5.390s] -- Symlinking: /root/AgricSense-VLA/jackal_ws/install/jackal_msgs/include/jackal_msgs/jackal_msgs/msg/stop_status.h
[5.396s] -- Symlinking: /root/AgricSense-VLA/jackal_ws/install/jackal_msgs/include/jackal_msgs/jackal_msgs/srv/detail/set_domain_id__functions.h
[5.403s] -- Symlinking: /root/AgricSense-VLA/jackal_ws/install/jackal_msgs/include/jackal_msgs/jackal_msgs/srv/detail/set_domain_id__struct.h
[5.409s] -- Symlinking: /root/AgricSense-VLA/jackal_ws/install/jackal_msgs/include/jackal_msgs/jackal_msgs/srv/detail/set_domain_id__type_support.h
[5.416s] -- Symlinking: /root/AgricSense-VLA/jackal_ws/install/jackal_msgs/include/jackal_msgs/jackal_msgs/srv/set_domain_id.h
[5.426s] -- Symlinking: /root/AgricSense-VLA/jackal_ws/install/jackal_msgs/share/jackal_msgs/environment/library_path.sh
[5.434s] -- Symlinking: /root/AgricSense-VLA/jackal_ws/install/jackal_msgs/share/jackal_msgs/environment/library_path.dsv
[5.441s] -- Symlinking: /root/AgricSense-VLA/jackal_ws/install/jackal_msgs/include/jackal_msgs/jackal_msgs/msg/detail/drive__rosidl_typesupport_fastrtps_c.h
[5.448s] -- Symlinking: /root/AgricSense-VLA/jackal_ws/install/jackal_msgs/include/jackal_msgs/jackal_msgs/msg/detail/drive_feedback__rosidl_typesupport_fastrtps_c.h
[5.458s] -- Symlinking: /root/AgricSense-VLA/jackal_ws/install/jackal_msgs/include/jackal_msgs/jackal_msgs/msg/detail/feedback__rosidl_typesupport_fastrtps_c.h
[5.464s] -- Symlinking: /root/AgricSense-VLA/jackal_ws/install/jackal_msgs/include/jackal_msgs/jackal_msgs/msg/detail/power__rosidl_typesupport_fastrtps_c.h
[5.472s] -- Symlinking: /root/AgricSense-VLA/jackal_ws/install/jackal_msgs/include/jackal_msgs/jackal_msgs/msg/detail/status__rosidl_typesupport_fastrtps_c.h
[5.480s] -- Symlinking: /root/AgricSense-VLA/jackal_ws/install/jackal_msgs/include/jackal_msgs/jackal_msgs/msg/detail/stop_status__rosidl_typesupport_fastrtps_c.h
[5.487s] -- Symlinking: /root/AgricSense-VLA/jackal_ws/install/jackal_msgs/include/jackal_msgs/jackal_msgs/msg/rosidl_typesupport_fastrtps_c__visibility_control.h
[5.495s] -- Symlinking: /root/AgricSense-VLA/jackal_ws/install/jackal_msgs/include/jackal_msgs/jackal_msgs/srv/detail/set_domain_id__rosidl_typesupport_fastrtps_c.h
[5.504s] -- Symlinking: /root/AgricSense-VLA/jackal_ws/install/jackal_msgs/include/jackal_msgs/jackal_msgs/msg/detail/drive__builder.hpp
[5.510s] -- Symlinking: /root/AgricSense-VLA/jackal_ws/install/jackal_msgs/include/jackal_msgs/jackal_msgs/msg/detail/drive__struct.hpp
[5.517s] -- Symlinking: /root/AgricSense-VLA/jackal_ws/install/jackal_msgs/include/jackal_msgs/jackal_msgs/msg/detail/drive__traits.hpp
[5.522s] -- Symlinking: /root/AgricSense-VLA/jackal_ws/install/jackal_msgs/include/jackal_msgs/jackal_msgs/msg/detail/drive__type_support.hpp
[5.532s] -- Symlinking: /root/AgricSense-VLA/jackal_ws/install/jackal_msgs/include/jackal_msgs/jackal_msgs/msg/detail/drive_feedback__builder.hpp
[5.540s] -- Symlinking: /root/AgricSense-VLA/jackal_ws/install/jackal_msgs/include/jackal_msgs/jackal_msgs/msg/detail/drive_feedback__struct.hpp
[5.546s] -- Symlinking: /root/AgricSense-VLA/jackal_ws/install/jackal_msgs/include/jackal_msgs/jackal_msgs/msg/detail/drive_feedback__traits.hpp
[5.554s] -- Symlinking: /root/AgricSense-VLA/jackal_ws/install/jackal_msgs/include/jackal_msgs/jackal_msgs/msg/detail/drive_feedback__type_support.hpp
[5.562s] -- Symlinking: /root/AgricSense-VLA/jackal_ws/install/jackal_msgs/include/jackal_msgs/jackal_msgs/msg/detail/feedback__builder.hpp
[5.568s] -- Symlinking: /root/AgricSense-VLA/jackal_ws/install/jackal_msgs/include/jackal_msgs/jackal_msgs/msg/detail/feedback__struct.hpp
[5.575s] -- Symlinking: /root/AgricSense-VLA/jackal_ws/install/jackal_msgs/include/jackal_msgs/jackal_msgs/msg/detail/feedback__traits.hpp
[5.584s] -- Symlinking: /root/AgricSense-VLA/jackal_ws/install/jackal_msgs/include/jackal_msgs/jackal_msgs/msg/detail/feedback__type_support.hpp
[5.591s] -- Symlinking: /root/AgricSense-VLA/jackal_ws/install/jackal_msgs/include/jackal_msgs/jackal_msgs/msg/detail/power__builder.hpp
[5.600s] -- Symlinking: /root/AgricSense-VLA/jackal_ws/install/jackal_msgs/include/jackal_msgs/jackal_msgs/msg/detail/power__struct.hpp
[5.607s] -- Symlinking: /root/AgricSense-VLA/jackal_ws/install/jackal_msgs/include/jackal_msgs/jackal_msgs/msg/detail/power__traits.hpp
[5.617s] -- Symlinking: /root/AgricSense-VLA/jackal_ws/install/jackal_msgs/include/jackal_msgs/jackal_msgs/msg/detail/power__type_support.hpp
[5.624s] -- Symlinking: /root/AgricSense-VLA/jackal_ws/install/jackal_msgs/include/jackal_msgs/jackal_msgs/msg/detail/status__builder.hpp
[5.630s] -- Symlinking: /root/AgricSense-VLA/jackal_ws/install/jackal_msgs/include/jackal_msgs/jackal_msgs/msg/detail/status__struct.hpp
[5.639s] -- Symlinking: /root/AgricSense-VLA/jackal_ws/install/jackal_msgs/include/jackal_msgs/jackal_msgs/msg/detail/status__traits.hpp
[5.645s] -- Symlinking: /root/AgricSense-VLA/jackal_ws/install/jackal_msgs/include/jackal_msgs/jackal_msgs/msg/detail/status__type_support.hpp
[5.652s] -- Symlinking: /root/AgricSense-VLA/jackal_ws/install/jackal_msgs/include/jackal_msgs/jackal_msgs/msg/detail/stop_status__builder.hpp
[5.662s] -- Symlinking: /root/AgricSense-VLA/jackal_ws/install/jackal_msgs/include/jackal_msgs/jackal_msgs/msg/detail/stop_status__struct.hpp
[5.668s] -- Symlinking: /root/AgricSense-VLA/jackal_ws/install/jackal_msgs/include/jackal_msgs/jackal_msgs/msg/detail/stop_status__traits.hpp
[5.677s] -- Symlinking: /root/AgricSense-VLA/jackal_ws/install/jackal_msgs/include/jackal_msgs/jackal_msgs/msg/detail/stop_status__type_support.hpp
[5.684s] -- Symlinking: /root/AgricSense-VLA/jackal_ws/install/jackal_msgs/include/jackal_msgs/jackal_msgs/msg/drive.hpp
[5.692s] -- Symlinking: /root/AgricSense-VLA/jackal_ws/install/jackal_msgs/include/jackal_msgs/jackal_msgs/msg/drive_feedback.hpp
[5.701s] -- Symlinking: /root/AgricSense-VLA/jackal_ws/install/jackal_msgs/include/jackal_msgs/jackal_msgs/msg/feedback.hpp
[5.709s] -- Symlinking: /root/AgricSense-VLA/jackal_ws/install/jackal_msgs/include/jackal_msgs/jackal_msgs/msg/power.hpp
[5.717s] -- Symlinking: /root/AgricSense-VLA/jackal_ws/install/jackal_msgs/include/jackal_msgs/jackal_msgs/msg/rosidl_generator_cpp__visibility_control.hpp
[5.725s] -- Symlinking: /root/AgricSense-VLA/jackal_ws/install/jackal_msgs/include/jackal_msgs/jackal_msgs/msg/status.hpp
[5.730s] -- Symlinking: /root/AgricSense-VLA/jackal_ws/install/jackal_msgs/include/jackal_msgs/jackal_msgs/msg/stop_status.hpp
[5.738s] -- Symlinking: /root/AgricSense-VLA/jackal_ws/install/jackal_msgs/include/jackal_msgs/jackal_msgs/srv/detail/set_domain_id__builder.hpp
[5.744s] -- Symlinking: /root/AgricSense-VLA/jackal_ws/install/jackal_msgs/include/jackal_msgs/jackal_msgs/srv/detail/set_domain_id__struct.hpp
[5.751s] -- Symlinking: /root/AgricSense-VLA/jackal_ws/install/jackal_msgs/include/jackal_msgs/jackal_msgs/srv/detail/set_domain_id__traits.hpp
[5.757s] -- Symlinking: /root/AgricSense-VLA/jackal_ws/install/jackal_msgs/include/jackal_msgs/jackal_msgs/srv/detail/set_domain_id__type_support.hpp
[5.764s] -- Symlinking: /root/AgricSense-VLA/jackal_ws/install/jackal_msgs/include/jackal_msgs/jackal_msgs/srv/set_domain_id.hpp
[5.771s] -- Symlinking: /root/AgricSense-VLA/jackal_ws/install/jackal_msgs/include/jackal_msgs/jackal_msgs/msg/detail/drive__rosidl_typesupport_fastrtps_cpp.hpp
[5.780s] -- Symlinking: /root/AgricSense-VLA/jackal_ws/install/jackal_msgs/include/jackal_msgs/jackal_msgs/msg/detail/drive_feedback__rosidl_typesupport_fastrtps_cpp.hpp
[5.788s] -- Symlinking: /root/AgricSense-VLA/jackal_ws/install/jackal_msgs/include/jackal_msgs/jackal_msgs/msg/detail/feedback__rosidl_typesupport_fastrtps_cpp.hpp
[5.797s] -- Symlinking: /root/AgricSense-VLA/jackal_ws/install/jackal_msgs/include/jackal_msgs/jackal_msgs/msg/detail/power__rosidl_typesupport_fastrtps_cpp.hpp
[5.804s] -- Symlinking: /root/AgricSense-VLA/jackal_ws/install/jackal_msgs/include/jackal_msgs/jackal_msgs/msg/detail/status__rosidl_typesupport_fastrtps_cpp.hpp
[5.814s] -- Symlinking: /root/AgricSense-VLA/jackal_ws/install/jackal_msgs/include/jackal_msgs/jackal_msgs/msg/detail/stop_status__rosidl_typesupport_fastrtps_cpp.hpp
[5.819s] -- Symlinking: /root/AgricSense-VLA/jackal_ws/install/jackal_msgs/include/jackal_msgs/jackal_msgs/msg/rosidl_typesupport_fastrtps_cpp__visibility_control.h
[5.828s] -- Symlinking: /root/AgricSense-VLA/jackal_ws/install/jackal_msgs/include/jackal_msgs/jackal_msgs/srv/detail/set_domain_id__rosidl_typesupport_fastrtps_cpp.hpp
[5.835s] -- Symlinking: /root/AgricSense-VLA/jackal_ws/install/jackal_msgs/include/jackal_msgs/jackal_msgs/msg/detail/drive__rosidl_typesupport_introspection_c.h
[5.842s] -- Symlinking: /root/AgricSense-VLA/jackal_ws/install/jackal_msgs/include/jackal_msgs/jackal_msgs/msg/detail/drive_feedback__rosidl_typesupport_introspection_c.h
[5.851s] -- Symlinking: /root/AgricSense-VLA/jackal_ws/install/jackal_msgs/include/jackal_msgs/jackal_msgs/msg/detail/feedback__rosidl_typesupport_introspection_c.h
[5.857s] -- Symlinking: /root/AgricSense-VLA/jackal_ws/install/jackal_msgs/include/jackal_msgs/jackal_msgs/msg/detail/power__rosidl_typesupport_introspection_c.h
[5.864s] -- Symlinking: /root/AgricSense-VLA/jackal_ws/install/jackal_msgs/include/jackal_msgs/jackal_msgs/msg/detail/status__rosidl_typesupport_introspection_c.h
[5.871s] -- Symlinking: /root/AgricSense-VLA/jackal_ws/install/jackal_msgs/include/jackal_msgs/jackal_msgs/msg/detail/stop_status__rosidl_typesupport_introspection_c.h
[5.877s] -- Symlinking: /root/AgricSense-VLA/jackal_ws/install/jackal_msgs/include/jackal_msgs/jackal_msgs/msg/rosidl_typesupport_introspection_c__visibility_control.h
[5.884s] -- Symlinking: /root/AgricSense-VLA/jackal_ws/install/jackal_msgs/include/jackal_msgs/jackal_msgs/srv/detail/set_domain_id__rosidl_typesupport_introspection_c.h
[5.891s] -- Symlinking: /root/AgricSense-VLA/jackal_ws/install/jackal_msgs/include/jackal_msgs/jackal_msgs/msg/detail/drive__rosidl_typesupport_introspection_cpp.hpp
[5.897s] -- Symlinking: /root/AgricSense-VLA/jackal_ws/install/jackal_msgs/include/jackal_msgs/jackal_msgs/msg/detail/drive_feedback__rosidl_typesupport_introspection_cpp.hpp
[5.906s] -- Symlinking: /root/AgricSense-VLA/jackal_ws/install/jackal_msgs/include/jackal_msgs/jackal_msgs/msg/detail/feedback__rosidl_typesupport_introspection_cpp.hpp
[5.915s] -- Symlinking: /root/AgricSense-VLA/jackal_ws/install/jackal_msgs/include/jackal_msgs/jackal_msgs/msg/detail/power__rosidl_typesupport_introspection_cpp.hpp
[5.924s] -- Symlinking: /root/AgricSense-VLA/jackal_ws/install/jackal_msgs/include/jackal_msgs/jackal_msgs/msg/detail/status__rosidl_typesupport_introspection_cpp.hpp
[5.931s] -- Symlinking: /root/AgricSense-VLA/jackal_ws/install/jackal_msgs/include/jackal_msgs/jackal_msgs/msg/detail/stop_status__rosidl_typesupport_introspection_cpp.hpp
[5.941s] -- Symlinking: /root/AgricSense-VLA/jackal_ws/install/jackal_msgs/include/jackal_msgs/jackal_msgs/srv/detail/set_domain_id__rosidl_typesupport_introspection_cpp.hpp
[5.947s] -- Symlinking: /root/AgricSense-VLA/jackal_ws/install/jackal_msgs/share/jackal_msgs/environment/pythonpath.sh
[5.954s] -- Symlinking: /root/AgricSense-VLA/jackal_ws/install/jackal_msgs/share/jackal_msgs/environment/pythonpath.dsv
[5.963s] -- Symlinking: /root/AgricSense-VLA/jackal_ws/install/jackal_msgs/local/lib/python3.10/dist-packages/jackal_msgs-1.0.4-py3.10.egg-info/PKG-INFO
[5.968s] -- Symlinking: /root/AgricSense-VLA/jackal_ws/install/jackal_msgs/local/lib/python3.10/dist-packages/jackal_msgs-1.0.4-py3.10.egg-info/SOURCES.txt
[5.977s] -- Symlinking: /root/AgricSense-VLA/jackal_ws/install/jackal_msgs/local/lib/python3.10/dist-packages/jackal_msgs-1.0.4-py3.10.egg-info/dependency_links.txt
[5.984s] -- Symlinking: /root/AgricSense-VLA/jackal_ws/install/jackal_msgs/local/lib/python3.10/dist-packages/jackal_msgs-1.0.4-py3.10.egg-info/top_level.txt
[5.992s] -- Symlinking: /root/AgricSense-VLA/jackal_ws/install/jackal_msgs/local/lib/python3.10/dist-packages/jackal_msgs/__init__.py
[5.999s] -- Symlinking: /root/AgricSense-VLA/jackal_ws/install/jackal_msgs/local/lib/python3.10/dist-packages/jackal_msgs/_jackal_msgs_s.ep.rosidl_typesupport_c.c
[6.009s] -- Symlinking: /root/AgricSense-VLA/jackal_ws/install/jackal_msgs/local/lib/python3.10/dist-packages/jackal_msgs/_jackal_msgs_s.ep.rosidl_typesupport_fastrtps_c.c
[6.015s] -- Symlinking: /root/AgricSense-VLA/jackal_ws/install/jackal_msgs/local/lib/python3.10/dist-packages/jackal_msgs/_jackal_msgs_s.ep.rosidl_typesupport_introspection_c.c
[6.024s] -- Symlinking: /root/AgricSense-VLA/jackal_ws/install/jackal_msgs/local/lib/python3.10/dist-packages/jackal_msgs/jackal_msgs_s__rosidl_typesupport_c.cpython-310-x86_64-linux-gnu.so
[6.032s] -- Symlinking: /root/AgricSense-VLA/jackal_ws/install/jackal_msgs/local/lib/python3.10/dist-packages/jackal_msgs/jackal_msgs_s__rosidl_typesupport_fastrtps_c.cpython-310-x86_64-linux-gnu.so
[6.040s] -- Symlinking: /root/AgricSense-VLA/jackal_ws/install/jackal_msgs/local/lib/python3.10/dist-packages/jackal_msgs/jackal_msgs_s__rosidl_typesupport_introspection_c.cpython-310-x86_64-linux-gnu.so
[6.049s] -- Symlinking: /root/AgricSense-VLA/jackal_ws/install/jackal_msgs/local/lib/python3.10/dist-packages/jackal_msgs/libjackal_msgs__rosidl_generator_py.so
[6.056s] -- Symlinking: /root/AgricSense-VLA/jackal_ws/install/jackal_msgs/local/lib/python3.10/dist-packages/jackal_msgs/msg/__init__.py
[6.066s] -- Symlinking: /root/AgricSense-VLA/jackal_ws/install/jackal_msgs/local/lib/python3.10/dist-packages/jackal_msgs/msg/_drive.py
[6.075s] -- Symlinking: /root/AgricSense-VLA/jackal_ws/install/jackal_msgs/local/lib/python3.10/dist-packages/jackal_msgs/msg/_drive_feedback.py
[6.084s] -- Symlinking: /root/AgricSense-VLA/jackal_ws/install/jackal_msgs/local/lib/python3.10/dist-packages/jackal_msgs/msg/_drive_feedback_s.c
[6.091s] -- Symlinking: /root/AgricSense-VLA/jackal_ws/install/jackal_msgs/local/lib/python3.10/dist-packages/jackal_msgs/msg/_drive_s.c
[6.098s] -- Symlinking: /root/AgricSense-VLA/jackal_ws/install/jackal_msgs/local/lib/python3.10/dist-packages/jackal_msgs/msg/_feedback.py
[6.108s] -- Symlinking: /root/AgricSense-VLA/jackal_ws/install/jackal_msgs/local/lib/python3.10/dist-packages/jackal_msgs/msg/_feedback_s.c
[6.115s] -- Symlinking: /root/AgricSense-VLA/jackal_ws/install/jackal_msgs/local/lib/python3.10/dist-packages/jackal_msgs/msg/_power.py
[6.121s] -- Symlinking: /root/AgricSense-VLA/jackal_ws/install/jackal_msgs/local/lib/python3.10/dist-packages/jackal_msgs/msg/_power_s.c
[6.129s] -- Symlinking: /root/AgricSense-VLA/jackal_ws/install/jackal_msgs/local/lib/python3.10/dist-packages/jackal_msgs/msg/_status.py
[6.134s] -- Symlinking: /root/AgricSense-VLA/jackal_ws/install/jackal_msgs/local/lib/python3.10/dist-packages/jackal_msgs/msg/_status_s.c
[6.141s] -- Symlinking: /root/AgricSense-VLA/jackal_ws/install/jackal_msgs/local/lib/python3.10/dist-packages/jackal_msgs/msg/_stop_status.py
[6.151s] -- Symlinking: /root/AgricSense-VLA/jackal_ws/install/jackal_msgs/local/lib/python3.10/dist-packages/jackal_msgs/msg/_stop_status_s.c
[6.159s] -- Symlinking: /root/AgricSense-VLA/jackal_ws/install/jackal_msgs/local/lib/python3.10/dist-packages/jackal_msgs/srv/__init__.py
[6.168s] -- Symlinking: /root/AgricSense-VLA/jackal_ws/install/jackal_msgs/local/lib/python3.10/dist-packages/jackal_msgs/srv/_set_domain_id.py
[6.173s] -- Symlinking: /root/AgricSense-VLA/jackal_ws/install/jackal_msgs/local/lib/python3.10/dist-packages/jackal_msgs/srv/_set_domain_id_s.c
[6.181s] -- Up-to-date symlink: /root/AgricSense-VLA/jackal_ws/install/jackal_msgs/local/lib/python3.10/dist-packages/jackal_msgs/jackal_msgs_s__rosidl_typesupport_fastrtps_c.cpython-310-x86_64-linux-gnu.so
[6.181s] -- Up-to-date symlink: /root/AgricSense-VLA/jackal_ws/install/jackal_msgs/local/lib/python3.10/dist-packages/jackal_msgs/jackal_msgs_s__rosidl_typesupport_introspection_c.cpython-310-x86_64-linux-gnu.so
[6.182s] -- Up-to-date symlink: /root/AgricSense-VLA/jackal_ws/install/jackal_msgs/local/lib/python3.10/dist-packages/jackal_msgs/jackal_msgs_s__rosidl_typesupport_c.cpython-310-x86_64-linux-gnu.so
[6.182s] -- Symlinking: /root/AgricSense-VLA/jackal_ws/install/jackal_msgs/share/jackal_msgs/msg/Drive.idl
[6.191s] -- Symlinking: /root/AgricSense-VLA/jackal_ws/install/jackal_msgs/share/jackal_msgs/msg/DriveFeedback.idl
[6.198s] -- Symlinking: /root/AgricSense-VLA/jackal_ws/install/jackal_msgs/share/jackal_msgs/msg/Feedback.idl
[6.205s] -- Symlinking: /root/AgricSense-VLA/jackal_ws/install/jackal_msgs/share/jackal_msgs/msg/Power.idl
[6.213s] -- Symlinking: /root/AgricSense-VLA/jackal_ws/install/jackal_msgs/share/jackal_msgs/msg/Status.idl
[6.219s] -- Symlinking: /root/AgricSense-VLA/jackal_ws/install/jackal_msgs/share/jackal_msgs/msg/StopStatus.idl
[6.225s] -- Symlinking: /root/AgricSense-VLA/jackal_ws/install/jackal_msgs/share/jackal_msgs/srv/SetDomainId.idl
[6.232s] -- Symlinking: /root/AgricSense-VLA/jackal_ws/install/jackal_msgs/share/jackal_msgs/msg/Drive.msg
[6.239s] -- Symlinking: /root/AgricSense-VLA/jackal_ws/install/jackal_msgs/share/jackal_msgs/msg/DriveFeedback.msg
[6.245s] -- Symlinking: /root/AgricSense-VLA/jackal_ws/install/jackal_msgs/share/jackal_msgs/msg/Feedback.msg
[6.251s] -- Symlinking: /root/AgricSense-VLA/jackal_ws/install/jackal_msgs/share/jackal_msgs/msg/Power.msg
[6.259s] -- Symlinking: /root/AgricSense-VLA/jackal_ws/install/jackal_msgs/share/jackal_msgs/msg/Status.msg
[6.265s] -- Symlinking: /root/AgricSense-VLA/jackal_ws/install/jackal_msgs/share/jackal_msgs/msg/StopStatus.msg
[6.272s] -- Symlinking: /root/AgricSense-VLA/jackal_ws/install/jackal_msgs/share/jackal_msgs/srv/SetDomainId.srv
[6.279s] -- Symlinking: /root/AgricSense-VLA/jackal_ws/install/jackal_msgs/share/jackal_msgs/srv/SetDomainId_Request.msg
[6.285s] -- Symlinking: /root/AgricSense-VLA/jackal_ws/install/jackal_msgs/share/jackal_msgs/srv/SetDomainId_Response.msg
[6.290s] -- Symlinking: /root/AgricSense-VLA/jackal_ws/install/jackal_msgs/share/ament_index/resource_index/package_run_dependencies/jackal_msgs
[6.298s] -- Symlinking: /root/AgricSense-VLA/jackal_ws/install/jackal_msgs/share/ament_index/resource_index/parent_prefix_path/jackal_msgs
[6.304s] -- Symlinking: /root/AgricSense-VLA/jackal_ws/install/jackal_msgs/share/jackal_msgs/environment/ament_prefix_path.sh
[6.310s] -- Symlinking: /root/AgricSense-VLA/jackal_ws/install/jackal_msgs/share/jackal_msgs/environment/ament_prefix_path.dsv
[6.317s] -- Symlinking: /root/AgricSense-VLA/jackal_ws/install/jackal_msgs/share/jackal_msgs/environment/path.sh
[6.323s] -- Symlinking: /root/AgricSense-VLA/jackal_ws/install/jackal_msgs/share/jackal_msgs/environment/path.dsv
[6.331s] -- Symlinking: /root/AgricSense-VLA/jackal_ws/install/jackal_msgs/share/jackal_msgs/local_setup.bash
[6.336s] -- Symlinking: /root/AgricSense-VLA/jackal_ws/install/jackal_msgs/share/jackal_msgs/local_setup.sh
[6.343s] -- Symlinking: /root/AgricSense-VLA/jackal_ws/install/jackal_msgs/share/jackal_msgs/local_setup.zsh
[6.351s] -- Symlinking: /root/AgricSense-VLA/jackal_ws/install/jackal_msgs/share/jackal_msgs/local_setup.dsv
[6.360s] -- Symlinking: /root/AgricSense-VLA/jackal_ws/install/jackal_msgs/share/jackal_msgs/package.dsv
[6.367s] -- Symlinking: /root/AgricSense-VLA/jackal_ws/install/jackal_msgs/share/ament_index/resource_index/packages/jackal_msgs
[6.375s] -- Symlinking: /root/AgricSense-VLA/jackal_ws/install/jackal_msgs/share/jackal_msgs/cmake/rosidl_cmake-extras.cmake
[6.383s] -- Symlinking: /root/AgricSense-VLA/jackal_ws/install/jackal_msgs/share/jackal_msgs/cmake/ament_cmake_export_dependencies-extras.cmake
[6.389s] -- Symlinking: /root/AgricSense-VLA/jackal_ws/install/jackal_msgs/share/jackal_msgs/cmake/ament_cmake_export_include_directories-extras.cmake
[6.395s] -- Symlinking: /root/AgricSense-VLA/jackal_ws/install/jackal_msgs/share/jackal_msgs/cmake/ament_cmake_export_libraries-extras.cmake
[6.403s] -- Symlinking: /root/AgricSense-VLA/jackal_ws/install/jackal_msgs/share/jackal_msgs/cmake/ament_cmake_export_targets-extras.cmake
[6.411s] -- Symlinking: /root/AgricSense-VLA/jackal_ws/install/jackal_msgs/share/jackal_msgs/cmake/rosidl_cmake_export_typesupport_targets-extras.cmake
[6.418s] -- Symlinking: /root/AgricSense-VLA/jackal_ws/install/jackal_msgs/share/jackal_msgs/cmake/rosidl_cmake_export_typesupport_libraries-extras.cmake
[6.424s] -- Symlinking: /root/AgricSense-VLA/jackal_ws/install/jackal_msgs/share/jackal_msgs/cmake/jackal_msgsConfig.cmake
[6.430s] -- Symlinking: /root/AgricSense-VLA/jackal_ws/install/jackal_msgs/share/jackal_msgs/cmake/jackal_msgsConfig-version.cmake
[6.440s] -- Symlinking: /root/AgricSense-VLA/jackal_ws/install/jackal_msgs/share/jackal_msgs/package.xml
[6.446s] -- Installing: /root/AgricSense-VLA/jackal_ws/install/jackal_msgs/lib/libjackal_msgs__rosidl_generator_c.so
[6.446s] -- Set runtime path of "/root/AgricSense-VLA/jackal_ws/install/jackal_msgs/lib/libjackal_msgs__rosidl_generator_c.so" to ""
[6.446s] -- Installing: /root/AgricSense-VLA/jackal_ws/install/jackal_msgs/lib/libjackal_msgs__rosidl_typesupport_fastrtps_c.so
[6.446s] -- Set runtime path of "/root/AgricSense-VLA/jackal_ws/install/jackal_msgs/lib/libjackal_msgs__rosidl_typesupport_fastrtps_c.so" to ""
[6.446s] -- Installing: /root/AgricSense-VLA/jackal_ws/install/jackal_msgs/lib/libjackal_msgs__rosidl_typesupport_fastrtps_cpp.so
[6.446s] -- Set runtime path of "/root/AgricSense-VLA/jackal_ws/install/jackal_msgs/lib/libjackal_msgs__rosidl_typesupport_fastrtps_cpp.so" to ""
[6.446s] -- Installing: /root/AgricSense-VLA/jackal_ws/install/jackal_msgs/lib/libjackal_msgs__rosidl_typesupport_introspection_c.so
[6.446s] -- Set runtime path of "/root/AgricSense-VLA/jackal_ws/install/jackal_msgs/lib/libjackal_msgs__rosidl_typesupport_introspection_c.so" to ""
[6.446s] -- Installing: /root/AgricSense-VLA/jackal_ws/install/jackal_msgs/lib/libjackal_msgs__rosidl_typesupport_c.so
[6.446s] -- Set runtime path of "/root/AgricSense-VLA/jackal_ws/install/jackal_msgs/lib/libjackal_msgs__rosidl_typesupport_c.so" to ""
[6.446s] -- Installing: /root/AgricSense-VLA/jackal_ws/install/jackal_msgs/lib/libjackal_msgs__rosidl_typesupport_introspection_cpp.so
[6.447s] -- Set runtime path of "/root/AgricSense-VLA/jackal_ws/install/jackal_msgs/lib/libjackal_msgs__rosidl_typesupport_introspection_cpp.so" to ""
[6.447s] -- Installing: /root/AgricSense-VLA/jackal_ws/install/jackal_msgs/lib/libjackal_msgs__rosidl_typesupport_cpp.so
[6.447s] -- Set runtime path of "/root/AgricSense-VLA/jackal_ws/install/jackal_msgs/lib/libjackal_msgs__rosidl_typesupport_cpp.so" to ""
[6.482s] Listing '/root/AgricSense-VLA/jackal_ws/install/jackal_msgs/local/lib/python3.10/dist-packages/jackal_msgs'...
[6.483s] Compiling '/root/AgricSense-VLA/jackal_ws/install/jackal_msgs/local/lib/python3.10/dist-packages/jackal_msgs/__init__.py'...
[6.483s] Listing '/root/AgricSense-VLA/jackal_ws/install/jackal_msgs/local/lib/python3.10/dist-packages/jackal_msgs/msg'...
[6.483s] Compiling '/root/AgricSense-VLA/jackal_ws/install/jackal_msgs/local/lib/python3.10/dist-packages/jackal_msgs/msg/__init__.py'...
[6.483s] Compiling '/root/AgricSense-VLA/jackal_ws/install/jackal_msgs/local/lib/python3.10/dist-packages/jackal_msgs/msg/_drive.py'...
[6.483s] Compiling '/root/AgricSense-VLA/jackal_ws/install/jackal_msgs/local/lib/python3.10/dist-packages/jackal_msgs/msg/_drive_feedback.py'...
[6.483s] Compiling '/root/AgricSense-VLA/jackal_ws/install/jackal_msgs/local/lib/python3.10/dist-packages/jackal_msgs/msg/_feedback.py'...
[6.483s] Compiling '/root/AgricSense-VLA/jackal_ws/install/jackal_msgs/local/lib/python3.10/dist-packages/jackal_msgs/msg/_power.py'...
[6.483s] Compiling '/root/AgricSense-VLA/jackal_ws/install/jackal_msgs/local/lib/python3.10/dist-packages/jackal_msgs/msg/_status.py'...
[6.483s] Compiling '/root/AgricSense-VLA/jackal_ws/install/jackal_msgs/local/lib/python3.10/dist-packages/jackal_msgs/msg/_stop_status.py'...
[6.483s] Listing '/root/AgricSense-VLA/jackal_ws/install/jackal_msgs/local/lib/python3.10/dist-packages/jackal_msgs/srv'...
[6.483s] Compiling '/root/AgricSense-VLA/jackal_ws/install/jackal_msgs/local/lib/python3.10/dist-packages/jackal_msgs/srv/__init__.py'...
[6.483s] Compiling '/root/AgricSense-VLA/jackal_ws/install/jackal_msgs/local/lib/python3.10/dist-packages/jackal_msgs/srv/_set_domain_id.py'...
[6.486s] -- Installing: /root/AgricSense-VLA/jackal_ws/install/jackal_msgs/lib/libjackal_msgs__rosidl_generator_py.so
[6.486s] -- Set runtime path of "/root/AgricSense-VLA/jackal_ws/install/jackal_msgs/lib/libjackal_msgs__rosidl_generator_py.so" to ""
[6.486s] -- Installing: /root/AgricSense-VLA/jackal_ws/install/jackal_msgs/share/jackal_msgs/cmake/export_jackal_msgs__rosidl_generator_cExport.cmake
[6.486s] -- Installing: /root/AgricSense-VLA/jackal_ws/install/jackal_msgs/share/jackal_msgs/cmake/export_jackal_msgs__rosidl_generator_cExport-noconfig.cmake
[6.486s] -- Installing: /root/AgricSense-VLA/jackal_ws/install/jackal_msgs/share/jackal_msgs/cmake/export_jackal_msgs__rosidl_typesupport_fastrtps_cExport.cmake
[6.487s] -- Installing: /root/AgricSense-VLA/jackal_ws/install/jackal_msgs/share/jackal_msgs/cmake/export_jackal_msgs__rosidl_typesupport_fastrtps_cExport-noconfig.cmake
[6.487s] -- Installing: /root/AgricSense-VLA/jackal_ws/install/jackal_msgs/share/jackal_msgs/cmake/export_jackal_msgs__rosidl_generator_cppExport.cmake
[6.487s] -- Installing: /root/AgricSense-VLA/jackal_ws/install/jackal_msgs/share/jackal_msgs/cmake/export_jackal_msgs__rosidl_typesupport_fastrtps_cppExport.cmake
[6.487s] -- Installing: /root/AgricSense-VLA/jackal_ws/install/jackal_msgs/share/jackal_msgs/cmake/export_jackal_msgs__rosidl_typesupport_fastrtps_cppExport-noconfig.cmake
[6.487s] -- Installing: /root/AgricSense-VLA/jackal_ws/install/jackal_msgs/share/jackal_msgs/cmake/jackal_msgs__rosidl_typesupport_introspection_cExport.cmake
[6.487s] -- Installing: /root/AgricSense-VLA/jackal_ws/install/jackal_msgs/share/jackal_msgs/cmake/jackal_msgs__rosidl_typesupport_introspection_cExport-noconfig.cmake
[6.487s] -- Installing: /root/AgricSense-VLA/jackal_ws/install/jackal_msgs/share/jackal_msgs/cmake/jackal_msgs__rosidl_typesupport_cExport.cmake
[6.487s] -- Installing: /root/AgricSense-VLA/jackal_ws/install/jackal_msgs/share/jackal_msgs/cmake/jackal_msgs__rosidl_typesupport_cExport-noconfig.cmake
[6.488s] -- Installing: /root/AgricSense-VLA/jackal_ws/install/jackal_msgs/share/jackal_msgs/cmake/jackal_msgs__rosidl_typesupport_introspection_cppExport.cmake
[6.488s] -- Installing: /root/AgricSense-VLA/jackal_ws/install/jackal_msgs/share/jackal_msgs/cmake/jackal_msgs__rosidl_typesupport_introspection_cppExport-noconfig.cmake
[6.488s] -- Installing: /root/AgricSense-VLA/jackal_ws/install/jackal_msgs/share/jackal_msgs/cmake/jackal_msgs__rosidl_typesupport_cppExport.cmake
[6.488s] -- Installing: /root/AgricSense-VLA/jackal_ws/install/jackal_msgs/share/jackal_msgs/cmake/jackal_msgs__rosidl_typesupport_cppExport-noconfig.cmake
[6.488s] -- Installing: /root/AgricSense-VLA/jackal_ws/install/jackal_msgs/share/jackal_msgs/cmake/export_jackal_msgs__rosidl_generator_pyExport.cmake
[6.488s] -- Installing: /root/AgricSense-VLA/jackal_ws/install/jackal_msgs/share/jackal_msgs/cmake/export_jackal_msgs__rosidl_generator_pyExport-noconfig.cmake
[6.489s] Invoked command in '/root/AgricSense-VLA/jackal_ws/build/jackal_msgs' returned '0': CMAKE_PREFIX_PATH=${CMAKE_PREFIX_PATH}:/root/AgricSense-VLA/jackal_ws/install/wireless_watcher:/root/AgricSense-VLA/jackal_ws/install/sensor_tools:/opt/ros/humble /usr/bin/cmake --install /root/AgricSense-VLA/jackal_ws/build/jackal_msgs
