[0.035s] Invoking command in '/root/AgricSense-VLA/jackal_ws/build/gazebo_ros2_control': CMAKE_PREFIX_PATH=${CMAKE_PREFIX_PATH}:/root/AgricSense-VLA/jackal_ws/install/wireless_watcher:/root/AgricSense-VLA/jackal_ws/install/sensor_tools:/opt/ros/humble /usr/bin/cmake /root/AgricSense-VLA/jackal_ws/src/gazebo_ros2_control/gazebo_ros2_control -DAMENT_CMAKE_SYMLINK_INSTALL=1 -DCMAKE_INSTALL_PREFIX=/root/AgricSense-VLA/jackal_ws/install/gazebo_ros2_control
[0.163s] -- The C compiler identification is GNU 11.4.0
[0.250s] -- The CXX compiler identification is GNU 11.4.0
[0.257s] -- Detecting C compiler ABI info
[0.313s] -- Detecting C compiler ABI info - done
[0.319s] -- Check for working C compiler: /usr/bin/cc - skipped
[0.319s] -- Detecting C compile features
[0.320s] -- Detecting C compile features - done
[0.324s] -- Detecting CXX compiler ABI info
[0.390s] -- Detecting CXX compiler ABI info - done
[0.396s] -- Check for working CXX compiler: /usr/bin/c++ - skipped
[0.396s] -- Detecting CXX compile features
[0.396s] -- Detecting CXX compile features - done
[0.398s] -- Found ament_cmake: 1.3.11 (/opt/ros/humble/share/ament_cmake/cmake)
[0.517s] -- Found Python3: /usr/bin/python3 (found version "3.10.12") found components: Interpreter 
[0.568s] -- Override CMake install command with custom implementation using symlinks instead of copying resources
[0.610s] -- Found angles: 1.15.0 (/opt/ros/humble/share/angles/cmake)
[0.616s] -- Found controller_manager: 2.49.0 (/opt/ros/humble/share/controller_manager/cmake)
[0.667s] -- Found rosidl_generator_c: 3.1.6 (/opt/ros/humble/share/rosidl_generator_c/cmake)
[0.675s] -- Found rosidl_adapter: 3.1.6 (/opt/ros/humble/share/rosidl_adapter/cmake)
[0.685s] -- Found rosidl_generator_cpp: 3.1.6 (/opt/ros/humble/share/rosidl_generator_cpp/cmake)
[0.695s] -- Using all available rosidl_typesupport_c: rosidl_typesupport_fastrtps_c;rosidl_typesupport_introspection_c
[0.708s] -- Using all available rosidl_typesupport_cpp: rosidl_typesupport_fastrtps_cpp;rosidl_typesupport_introspection_cpp
[0.922s] -- Found rmw_implementation_cmake: 6.1.2 (/opt/ros/humble/share/rmw_implementation_cmake/cmake)
[0.924s] -- Found rmw_fastrtps_cpp: 6.2.7 (/opt/ros/humble/share/rmw_fastrtps_cpp/cmake)
[0.946s] -- Found TinyXML2 via Config file: TinyXML2_DIR-NOTFOUND
[0.999s] -- Found OpenSSL: /usr/lib/x86_64-linux-gnu/libcrypto.so (found version "3.0.2")  
[1.003s] -- Found TinyXML2 via Config file: TinyXML2_DIR-NOTFOUND
[1.015s] -- Found FastRTPS: /opt/ros/humble/include  
[1.017s] -- Found TinyXML2 via Config file: TinyXML2_DIR-NOTFOUND
[1.026s] -- Found TinyXML2 via Config file: TinyXML2_DIR-NOTFOUND
[1.038s] -- Using RMW implementation 'rmw_fastrtps_cpp' as default
[1.049s] -- Looking for pthread.h
[1.114s] -- Looking for pthread.h - found
[1.114s] -- Performing Test CMAKE_HAVE_LIBC_PTHREAD
[1.188s] -- Performing Test CMAKE_HAVE_LIBC_PTHREAD - Success
[1.188s] -- Found Threads: TRUE  
[1.267s] -- Found gazebo_dev: 3.9.0 (/opt/ros/humble/share/gazebo_dev/cmake)
[1.274s] -- Found PkgConfig: /usr/bin/pkg-config (found version "0.29.2") 
[1.276s] -- Checking for module 'bullet>=2.82'
[1.290s] --   Found bullet, version 3.05
[1.402s] -- Found fcl: /usr/include (found suitable version "0.7.0", minimum required is "0.5.0") 
[1.455s] -- Found assimp: /usr/include (found version "5.2.0") 
[1.484s] -- Found DART: /usr/include (Required is at least version "6.6") found components: dart 
[1.513s] -- Found Boost: /usr/lib/x86_64-linux-gnu/cmake/Boost-1.74.0/BoostConfig.cmake (found suitable version "1.74.0", minimum required is "1.40.0") found components: thread system filesystem program_options regex iostreams date_time 
[1.530s] -- Found Protobuf: /usr/lib/x86_64-linux-gnu/libprotobuf.so (found version "3.12.4") 
[1.539s] -- Looking for ignition-math6 -- found version 6.15.1
[1.546s] -- Searching for dependencies of ignition-math6
[1.549s] -- Looking for OGRE...
[1.549s] -- OGRE_PREFIX_WATCH changed.
[1.554s] -- Checking for module 'OGRE'
[1.568s] --   Found OGRE, version 1.9.0
[1.611s] -- Found Ogre Ghadamon (1.9.0)
[1.617s] -- Found OGRE: optimized;/usr/lib/x86_64-linux-gnu/libOgreMain.so;debug;/usr/lib/x86_64-linux-gnu/libOgreMain.so
[1.625s] -- Looking for OGRE_Paging...
[1.628s] -- Found OGRE_Paging: optimized;/usr/lib/x86_64-linux-gnu/libOgrePaging.so;debug;/usr/lib/x86_64-linux-gnu/libOgrePaging.so
[1.628s] -- Looking for OGRE_Terrain...
[1.632s] -- Found OGRE_Terrain: optimized;/usr/lib/x86_64-linux-gnu/libOgreTerrain.so;debug;/usr/lib/x86_64-linux-gnu/libOgreTerrain.so
[1.632s] -- Looking for OGRE_Property...
[1.635s] -- Found OGRE_Property: optimized;/usr/lib/x86_64-linux-gnu/libOgreProperty.so;debug;/usr/lib/x86_64-linux-gnu/libOgreProperty.so
[1.635s] -- Looking for OGRE_RTShaderSystem...
[1.639s] -- Found OGRE_RTShaderSystem: optimized;/usr/lib/x86_64-linux-gnu/libOgreRTShaderSystem.so;debug;/usr/lib/x86_64-linux-gnu/libOgreRTShaderSystem.so
[1.639s] -- Looking for OGRE_Volume...
[1.645s] -- Found OGRE_Volume: optimized;/usr/lib/x86_64-linux-gnu/libOgreVolume.so;debug;/usr/lib/x86_64-linux-gnu/libOgreVolume.so
[1.645s] -- Looking for OGRE_Overlay...
[1.651s] -- Found OGRE_Overlay: optimized;/usr/lib/x86_64-linux-gnu/libOgreOverlay.so;debug;/usr/lib/x86_64-linux-gnu/libOgreOverlay.so
[1.735s] -- Looking for ignition-math6 -- found version 6.15.1
[1.738s] -- Looking for ignition-transport8 -- found version 8.2.1
[1.738s] -- Searching for dependencies of ignition-transport8
[1.755s] -- Found Protobuf: /usr/lib/x86_64-linux-gnu/libprotobuf.so (found suitable version "3.12.4", minimum required is "3") 
[1.769s] -- Config-file not installed for ZeroMQ -- checking for pkg-config
[1.773s] -- Checking for module 'libzmq >= 4'
[1.787s] --   Found libzmq , version 4.3.4
[1.828s] -- Found ZeroMQ: TRUE (Required is at least version "4") 
[1.834s] -- Checking for module 'uuid'
[1.849s] --   Found uuid, version 2.37.2
[1.882s] -- Found UUID: TRUE  
[1.885s] -- Looking for ignition-msgs5 -- found version 5.8.1
[1.886s] -- Searching for dependencies of ignition-msgs5
[1.904s] -- Looking for ignition-math6 -- found version 6.15.1
[1.910s] -- Checking for module 'tinyxml2'
[1.924s] --   Found tinyxml2, version 9.0.0
[1.960s] -- Looking for ignition-msgs5 -- found version 5.8.1
[1.963s] -- Looking for ignition-common3 -- found version 3.14.0
[1.963s] -- Searching for dependencies of ignition-common3
[1.964s] -- Looking for dlfcn.h - found
[1.964s] -- Looking for libdl - found
[1.965s] -- Found DL: TRUE  
[1.981s] -- Found tinyobjloader: /usr/lib/x86_64-linux-gnu/cmake/tinyobjloader/tinyobjloader-config.cmake (found version "2.0.0") 
[1.981s] -- Searching for <ignition-common3> component [graphics]
[1.984s] -- Looking for ignition-common3-graphics -- found version 3.14.0
[1.985s] -- Searching for dependencies of ignition-common3-graphics
[1.985s] -- Looking for ignition-math6 -- found version 6.15.1
[1.989s] -- Looking for ignition-fuel_tools4 -- found version 4.4.0
[1.989s] -- Searching for dependencies of ignition-fuel_tools4
[2.076s] -- Found CURL: /usr/lib/x86_64-linux-gnu/libcurl.so (found version "7.81.0")  
[2.087s] -- Checking for module 'jsoncpp'
[2.104s] --   Found jsoncpp, version 1.9.5
[2.139s] -- Found JSONCPP: TRUE  
[2.146s] -- Checking for module 'libzip'
[2.163s] --   Found libzip, version 1.7.3
[2.202s] -- Found ZIP: TRUE  
[2.203s] -- Looking for ignition-common3 -- found version 3.14.0
[2.203s] -- Looking for ignition-math6 -- found version 6.15.1
[2.203s] -- Looking for ignition-msgs5 -- found version 5.8.1
[2.208s] -- Gazebo version: 11.10
[2.208s] -- Checking for module 'tbb'
[2.222s] --   Found tbb, version 2021.5.0
[2.251s] -- Found gazebo_ros: 3.9.0 (/opt/ros/humble/share/gazebo_ros/cmake)
[2.256s] -- Found yaml_cpp_vendor: 8.0.2 (/opt/ros/humble/share/yaml_cpp_vendor/cmake)
[2.290s] -- Found ament_cmake_gtest: 1.3.11 (/opt/ros/humble/share/ament_cmake_gtest/cmake)
[2.293s] -- Found ament_lint_auto: 0.12.12 (/opt/ros/humble/share/ament_lint_auto/cmake)
[2.358s] -- Added test 'copyright' to check source files copyright and LICENSE
[2.359s] -- Added test 'cppcheck' to perform static code analysis on C / C++ code
[2.360s] -- Configured cppcheck include dirs: /root/AgricSense-VLA/jackal_ws/src/gazebo_ros2_control/gazebo_ros2_control/include
[2.360s] -- Configured cppcheck exclude dirs and/or files: 
[2.361s] -- Added test 'cpplint' to check C / C++ code against the Google style
[2.361s] -- Configured cpplint exclude dirs and/or files: 
[2.361s] -- Added test 'lint_cmake' to check CMake code style
[2.362s] -- Added test 'uncrustify' to check C / C++ code style
[2.363s] -- Configured uncrustify additional arguments: 
[2.363s] -- Added test 'xmllint' to check XML markup files
[2.365s] -- Configuring done
[2.438s] -- Generating done
[2.449s] -- Build files have been written to: /root/AgricSense-VLA/jackal_ws/build/gazebo_ros2_control
[2.462s] Invoked command in '/root/AgricSense-VLA/jackal_ws/build/gazebo_ros2_control' returned '0': CMAKE_PREFIX_PATH=${CMAKE_PREFIX_PATH}:/root/AgricSense-VLA/jackal_ws/install/wireless_watcher:/root/AgricSense-VLA/jackal_ws/install/sensor_tools:/opt/ros/humble /usr/bin/cmake /root/AgricSense-VLA/jackal_ws/src/gazebo_ros2_control/gazebo_ros2_control -DAMENT_CMAKE_SYMLINK_INSTALL=1 -DCMAKE_INSTALL_PREFIX=/root/AgricSense-VLA/jackal_ws/install/gazebo_ros2_control
[2.464s] Invoking command in '/root/AgricSense-VLA/jackal_ws/build/gazebo_ros2_control': CMAKE_PREFIX_PATH=${CMAKE_PREFIX_PATH}:/root/AgricSense-VLA/jackal_ws/install/wireless_watcher:/root/AgricSense-VLA/jackal_ws/install/sensor_tools:/opt/ros/humble /usr/bin/cmake --build /root/AgricSense-VLA/jackal_ws/build/gazebo_ros2_control -- -j20 -l20
[2.522s] [ 50%] [32mBuilding CXX object CMakeFiles/gazebo_hardware_plugins.dir/src/gazebo_system.cpp.o[0m
[2.523s] [ 50%] [32mBuilding CXX object CMakeFiles/gazebo_ros2_control.dir/src/gazebo_ros2_control_plugin.cpp.o[0m
[11.661s] [ 75%] [32m[1mLinking CXX shared library libgazebo_hardware_plugins.so[0m
[12.042s] [ 75%] Built target gazebo_hardware_plugins
[12.836s] [100%] [32m[1mLinking CXX shared library libgazebo_ros2_control.so[0m
[13.312s] [100%] Built target gazebo_ros2_control
[13.322s] Invoked command in '/root/AgricSense-VLA/jackal_ws/build/gazebo_ros2_control' returned '0': CMAKE_PREFIX_PATH=${CMAKE_PREFIX_PATH}:/root/AgricSense-VLA/jackal_ws/install/wireless_watcher:/root/AgricSense-VLA/jackal_ws/install/sensor_tools:/opt/ros/humble /usr/bin/cmake --build /root/AgricSense-VLA/jackal_ws/build/gazebo_ros2_control -- -j20 -l20
[13.325s] Invoking command in '/root/AgricSense-VLA/jackal_ws/build/gazebo_ros2_control': CMAKE_PREFIX_PATH=${CMAKE_PREFIX_PATH}:/root/AgricSense-VLA/jackal_ws/install/wireless_watcher:/root/AgricSense-VLA/jackal_ws/install/sensor_tools:/opt/ros/humble /usr/bin/cmake --install /root/AgricSense-VLA/jackal_ws/build/gazebo_ros2_control
[13.334s] -- Install configuration: ""
[13.335s] -- Execute custom install script
[13.335s] -- Symlinking: /root/AgricSense-VLA/jackal_ws/install/gazebo_ros2_control/lib/libgazebo_ros2_control.so
[13.348s] -- Symlinking: /root/AgricSense-VLA/jackal_ws/install/gazebo_ros2_control/lib/libgazebo_hardware_plugins.so
[13.361s] -- Symlinking: /root/AgricSense-VLA/jackal_ws/install/gazebo_ros2_control/share/gazebo_ros2_control/environment/library_path.sh
[13.372s] -- Symlinking: /root/AgricSense-VLA/jackal_ws/install/gazebo_ros2_control/share/gazebo_ros2_control/environment/library_path.dsv
[13.381s] -- Symlinking: /root/AgricSense-VLA/jackal_ws/install/gazebo_ros2_control/include/gazebo_ros2_control/gazebo_ros2_control_plugin.hpp
[13.387s] -- Symlinking: /root/AgricSense-VLA/jackal_ws/install/gazebo_ros2_control/include/gazebo_ros2_control/gazebo_system.hpp
[13.397s] -- Symlinking: /root/AgricSense-VLA/jackal_ws/install/gazebo_ros2_control/include/gazebo_ros2_control/gazebo_system_interface.hpp
[13.407s] -- Symlinking: /root/AgricSense-VLA/jackal_ws/install/gazebo_ros2_control/share/gazebo_ros2_control//gazebo_hardware_plugins.xml
[13.417s] -- Symlinking: /root/AgricSense-VLA/jackal_ws/install/gazebo_ros2_control/share/ament_index/resource_index/package_run_dependencies/gazebo_ros2_control
[13.427s] -- Symlinking: /root/AgricSense-VLA/jackal_ws/install/gazebo_ros2_control/share/ament_index/resource_index/parent_prefix_path/gazebo_ros2_control
[13.434s] -- Symlinking: /root/AgricSense-VLA/jackal_ws/install/gazebo_ros2_control/share/gazebo_ros2_control/environment/ament_prefix_path.sh
[13.441s] -- Symlinking: /root/AgricSense-VLA/jackal_ws/install/gazebo_ros2_control/share/gazebo_ros2_control/environment/ament_prefix_path.dsv
[13.451s] -- Symlinking: /root/AgricSense-VLA/jackal_ws/install/gazebo_ros2_control/share/gazebo_ros2_control/environment/path.sh
[13.469s] -- Symlinking: /root/AgricSense-VLA/jackal_ws/install/gazebo_ros2_control/share/gazebo_ros2_control/environment/path.dsv
[13.482s] -- Symlinking: /root/AgricSense-VLA/jackal_ws/install/gazebo_ros2_control/share/gazebo_ros2_control/local_setup.bash
[13.501s] -- Symlinking: /root/AgricSense-VLA/jackal_ws/install/gazebo_ros2_control/share/gazebo_ros2_control/local_setup.sh
[13.516s] -- Symlinking: /root/AgricSense-VLA/jackal_ws/install/gazebo_ros2_control/share/gazebo_ros2_control/local_setup.zsh
[13.531s] -- Symlinking: /root/AgricSense-VLA/jackal_ws/install/gazebo_ros2_control/share/gazebo_ros2_control/local_setup.dsv
[13.543s] -- Symlinking: /root/AgricSense-VLA/jackal_ws/install/gazebo_ros2_control/share/gazebo_ros2_control/package.dsv
[13.556s] -- Symlinking: /root/AgricSense-VLA/jackal_ws/install/gazebo_ros2_control/share/ament_index/resource_index/packages/gazebo_ros2_control
[13.565s] -- Symlinking: /root/AgricSense-VLA/jackal_ws/install/gazebo_ros2_control/share/ament_index/resource_index/gazebo_ros2_control__pluginlib__plugin/gazebo_ros2_control
[13.573s] -- Symlinking: /root/AgricSense-VLA/jackal_ws/install/gazebo_ros2_control/share/gazebo_ros2_control/cmake/ament_cmake_export_include_directories-extras.cmake
[13.583s] -- Symlinking: /root/AgricSense-VLA/jackal_ws/install/gazebo_ros2_control/share/gazebo_ros2_control/cmake/ament_cmake_export_dependencies-extras.cmake
[13.591s] -- Symlinking: /root/AgricSense-VLA/jackal_ws/install/gazebo_ros2_control/share/gazebo_ros2_control/cmake/ament_cmake_export_libraries-extras.cmake
[13.599s] -- Symlinking: /root/AgricSense-VLA/jackal_ws/install/gazebo_ros2_control/share/gazebo_ros2_control/cmake/gazebo_ros2_controlConfig.cmake
[13.610s] -- Symlinking: /root/AgricSense-VLA/jackal_ws/install/gazebo_ros2_control/share/gazebo_ros2_control/cmake/gazebo_ros2_controlConfig-version.cmake
[13.622s] -- Symlinking: /root/AgricSense-VLA/jackal_ws/install/gazebo_ros2_control/share/gazebo_ros2_control/package.xml
[13.642s] Invoked command in '/root/AgricSense-VLA/jackal_ws/build/gazebo_ros2_control' returned '0': CMAKE_PREFIX_PATH=${CMAKE_PREFIX_PATH}:/root/AgricSense-VLA/jackal_ws/install/wireless_watcher:/root/AgricSense-VLA/jackal_ws/install/sensor_tools:/opt/ros/humble /usr/bin/cmake --install /root/AgricSense-VLA/jackal_ws/build/gazebo_ros2_control
