[0.016s] Invoking command in '/root/AgricSense-VLA/jackal_ws/build/jackal_control': CMAKE_PREFIX_PATH=/root/AgricSense-VLA/jackal_ws/install/jackal_description:/root/AgricSense-VLA/jackal_ws/install/interactive_marker_twist_server:/root/AgricSense-VLA/jackal_ws/install/gazebo_ros2_control:/root/AgricSense-VLA/jackal_ws/install/jackal_robot:/root/AgricSense-VLA/jackal_ws/install/wireless_msgs:/root/AgricSense-VLA/jackal_ws/install/micro_ros_setup:/root/AgricSense-VLA/jackal_ws/install/micro_ros_agent:/root/AgricSense-VLA/jackal_ws/install/micro_ros_msgs:/root/AgricSense-VLA/jackal_ws/install/jackal_simulator:/root/AgricSense-VLA/jackal_ws/install/jackal_gazebo:/root/AgricSense-VLA/jackal_ws/install/jackal_desktop:/root/AgricSense-VLA/jackal_ws/install/jackal_viz:/root/AgricSense-VLA/jackal_ws/install/jackal_navigation:/root/AgricSense-VLA/jackal_ws/install/jackal_msgs:/root/AgricSense-VLA/jackal_ws/install/jackal_control:/root/AgricSense-VLA/jackal_ws/install/gazebo_ros2_control_demos:/root/AgricSense-VLA/jackal_ws/install/wireless_watcher:/root/AgricSense-VLA/jackal_ws/install/sensor_tools:/opt/ros/humble LD_LIBRARY_PATH=/root/AgricSense-VLA/jackal_ws/install/gazebo_ros2_control/lib:/root/AgricSense-VLA/jackal_ws/install/jackal_robot/lib:/root/AgricSense-VLA/jackal_ws/install/wireless_msgs/lib:/root/AgricSense-VLA/jackal_ws/install/micro_ros_agent/lib:/root/AgricSense-VLA/jackal_ws/install/micro_ros_msgs/lib:/root/AgricSense-VLA/jackal_ws/install/jackal_msgs/lib:/usr/lib/x86_64-linux-gnu/gazebo-11/plugins:/opt/ros/humble/opt/rviz_ogre_vendor/lib:/opt/ros/humble/lib/x86_64-linux-gnu:/opt/ros/humble/lib /usr/bin/cmake /root/AgricSense-VLA/jackal_ws/src/jackal/jackal_control -DAMENT_CMAKE_SYMLINK_INSTALL=1 -DCMAKE_INSTALL_PREFIX=/root/AgricSense-VLA/jackal_ws/install/jackal_control
[0.080s] -- The C compiler identification is GNU 11.4.0
[0.145s] -- The CXX compiler identification is GNU 11.4.0
[0.151s] -- Detecting C compiler ABI info
[0.215s] -- Detecting C compiler ABI info - done
[0.224s] -- Check for working C compiler: /usr/bin/cc - skipped
[0.224s] -- Detecting C compile features
[0.225s] -- Detecting C compile features - done
[0.229s] -- Detecting CXX compiler ABI info
[0.302s] -- Detecting CXX compiler ABI info - done
[0.307s] -- Check for working CXX compiler: /usr/bin/c++ - skipped
[0.308s] -- Detecting CXX compile features
[0.308s] -- Detecting CXX compile features - done
[0.311s] -- Found ament_cmake: 1.3.11 (/opt/ros/humble/share/ament_cmake/cmake)
[0.483s] -- Found Python3: /usr/bin/python3 (found version "3.10.12") found components: Interpreter 
[0.537s] -- Override CMake install command with custom implementation using symlinks instead of copying resources
[0.586s] -- Found gazebo_ros2_control: 0.4.6 (/root/AgricSense-VLA/jackal_ws/install/gazebo_ros2_control/share/gazebo_ros2_control/cmake)
[0.637s] -- Found rosidl_generator_c: 3.1.6 (/opt/ros/humble/share/rosidl_generator_c/cmake)
[0.642s] -- Found rosidl_adapter: 3.1.6 (/opt/ros/humble/share/rosidl_adapter/cmake)
[0.650s] -- Found rosidl_generator_cpp: 3.1.6 (/opt/ros/humble/share/rosidl_generator_cpp/cmake)
[0.661s] -- Using all available rosidl_typesupport_c: rosidl_typesupport_fastrtps_c;rosidl_typesupport_introspection_c
[0.676s] -- Using all available rosidl_typesupport_cpp: rosidl_typesupport_fastrtps_cpp;rosidl_typesupport_introspection_cpp
[0.939s] -- Found rmw_implementation_cmake: 6.1.2 (/opt/ros/humble/share/rmw_implementation_cmake/cmake)
[0.943s] -- Found rmw_fastrtps_cpp: 6.2.7 (/opt/ros/humble/share/rmw_fastrtps_cpp/cmake)
[0.966s] -- Found TinyXML2 via Config file: TinyXML2_DIR-NOTFOUND
[1.019s] -- Found OpenSSL: /usr/lib/x86_64-linux-gnu/libcrypto.so (found version "3.0.2")  
[1.021s] -- Found TinyXML2 via Config file: TinyXML2_DIR-NOTFOUND
[1.034s] -- Found FastRTPS: /opt/ros/humble/include  
[1.036s] -- Found TinyXML2 via Config file: TinyXML2_DIR-NOTFOUND
[1.042s] -- Found TinyXML2 via Config file: TinyXML2_DIR-NOTFOUND
[1.053s] -- Using RMW implementation 'rmw_fastrtps_cpp' as default
[1.063s] -- Looking for pthread.h
[1.130s] -- Looking for pthread.h - found
[1.130s] -- Performing Test CMAKE_HAVE_LIBC_PTHREAD
[1.204s] -- Performing Test CMAKE_HAVE_LIBC_PTHREAD - Success
[1.205s] -- Found Threads: TRUE  
[1.286s] -- Found PkgConfig: /usr/bin/pkg-config (found version "0.29.2") 
[1.287s] -- Checking for module 'bullet>=2.82'
[1.303s] --   Found bullet, version 3.05
[1.421s] -- Found fcl: /usr/include (found suitable version "0.7.0", minimum required is "0.5.0") 
[1.476s] -- Found assimp: /usr/include (found version "5.2.0") 
[1.498s] -- Found DART: /usr/include (Required is at least version "6.6") found components: dart 
[1.526s] -- Found Boost: /usr/lib/x86_64-linux-gnu/cmake/Boost-1.74.0/BoostConfig.cmake (found suitable version "1.74.0", minimum required is "1.40.0") found components: thread system filesystem program_options regex iostreams date_time 
[1.537s] -- Found Protobuf: /usr/lib/x86_64-linux-gnu/libprotobuf.so (found version "3.12.4") 
[1.542s] -- Looking for ignition-math6 -- found version 6.15.1
[1.548s] -- Searching for dependencies of ignition-math6
[1.549s] -- Looking for OGRE...
[1.549s] -- OGRE_PREFIX_WATCH changed.
[1.554s] -- Checking for module 'OGRE'
[1.570s] --   Found OGRE, version 1.9.0
[1.606s] -- Found Ogre Ghadamon (1.9.0)
[1.613s] -- Found OGRE: optimized;/usr/lib/x86_64-linux-gnu/libOgreMain.so;debug;/usr/lib/x86_64-linux-gnu/libOgreMain.so
[1.621s] -- Looking for OGRE_Paging...
[1.625s] -- Found OGRE_Paging: optimized;/usr/lib/x86_64-linux-gnu/libOgrePaging.so;debug;/usr/lib/x86_64-linux-gnu/libOgrePaging.so
[1.625s] -- Looking for OGRE_Terrain...
[1.628s] -- Found OGRE_Terrain: optimized;/usr/lib/x86_64-linux-gnu/libOgreTerrain.so;debug;/usr/lib/x86_64-linux-gnu/libOgreTerrain.so
[1.628s] -- Looking for OGRE_Property...
[1.631s] -- Found OGRE_Property: optimized;/usr/lib/x86_64-linux-gnu/libOgreProperty.so;debug;/usr/lib/x86_64-linux-gnu/libOgreProperty.so
[1.631s] -- Looking for OGRE_RTShaderSystem...
[1.635s] -- Found OGRE_RTShaderSystem: optimized;/usr/lib/x86_64-linux-gnu/libOgreRTShaderSystem.so;debug;/usr/lib/x86_64-linux-gnu/libOgreRTShaderSystem.so
[1.635s] -- Looking for OGRE_Volume...
[1.638s] -- Found OGRE_Volume: optimized;/usr/lib/x86_64-linux-gnu/libOgreVolume.so;debug;/usr/lib/x86_64-linux-gnu/libOgreVolume.so
[1.638s] -- Looking for OGRE_Overlay...
[1.641s] -- Found OGRE_Overlay: optimized;/usr/lib/x86_64-linux-gnu/libOgreOverlay.so;debug;/usr/lib/x86_64-linux-gnu/libOgreOverlay.so
[1.715s] -- Looking for ignition-math6 -- found version 6.15.1
[1.718s] -- Looking for ignition-transport8 -- found version 8.2.1
[1.718s] -- Searching for dependencies of ignition-transport8
[1.736s] -- Found Protobuf: /usr/lib/x86_64-linux-gnu/libprotobuf.so (found suitable version "3.12.4", minimum required is "3") 
[1.748s] -- Config-file not installed for ZeroMQ -- checking for pkg-config
[1.752s] -- Checking for module 'libzmq >= 4'
[1.767s] --   Found libzmq , version 4.3.4
[1.803s] -- Found ZeroMQ: TRUE (Required is at least version "4") 
[1.809s] -- Checking for module 'uuid'
[1.823s] --   Found uuid, version 2.37.2
[1.857s] -- Found UUID: TRUE  
[1.860s] -- Looking for ignition-msgs5 -- found version 5.8.1
[1.860s] -- Searching for dependencies of ignition-msgs5
[1.878s] -- Looking for ignition-math6 -- found version 6.15.1
[1.884s] -- Checking for module 'tinyxml2'
[1.898s] --   Found tinyxml2, version 9.0.0
[1.935s] -- Looking for ignition-msgs5 -- found version 5.8.1
[1.938s] -- Looking for ignition-common3 -- found version 3.14.0
[1.938s] -- Searching for dependencies of ignition-common3
[1.938s] -- Looking for dlfcn.h - found
[1.939s] -- Looking for libdl - found
[1.940s] -- Found DL: TRUE  
[1.952s] -- Found tinyobjloader: /usr/lib/x86_64-linux-gnu/cmake/tinyobjloader/tinyobjloader-config.cmake (found version "2.0.0") 
[1.952s] -- Searching for <ignition-common3> component [graphics]
[1.955s] -- Looking for ignition-common3-graphics -- found version 3.14.0
[1.955s] -- Searching for dependencies of ignition-common3-graphics
[1.955s] -- Looking for ignition-math6 -- found version 6.15.1
[1.959s] -- Looking for ignition-fuel_tools4 -- found version 4.4.0
[1.959s] -- Searching for dependencies of ignition-fuel_tools4
[2.046s] -- Found CURL: /usr/lib/x86_64-linux-gnu/libcurl.so (found version "7.81.0")  
[2.054s] -- Checking for module 'jsoncpp'
[2.069s] --   Found jsoncpp, version 1.9.5
[2.104s] -- Found JSONCPP: TRUE  
[2.110s] -- Checking for module 'libzip'
[2.127s] --   Found libzip, version 1.7.3
[2.164s] -- Found ZIP: TRUE  
[2.164s] -- Looking for ignition-common3 -- found version 3.14.0
[2.165s] -- Looking for ignition-math6 -- found version 6.15.1
[2.165s] -- Looking for ignition-msgs5 -- found version 5.8.1
[2.169s] -- Gazebo version: 11.10
[2.169s] -- Checking for module 'tbb'
[2.185s] --   Found tbb, version 2021.5.0
[2.288s] -- Configuring done
[2.292s] -- Generating done
[2.294s] -- Build files have been written to: /root/AgricSense-VLA/jackal_ws/build/jackal_control
[2.304s] Invoked command in '/root/AgricSense-VLA/jackal_ws/build/jackal_control' returned '0': CMAKE_PREFIX_PATH=/root/AgricSense-VLA/jackal_ws/install/jackal_description:/root/AgricSense-VLA/jackal_ws/install/interactive_marker_twist_server:/root/AgricSense-VLA/jackal_ws/install/gazebo_ros2_control:/root/AgricSense-VLA/jackal_ws/install/jackal_robot:/root/AgricSense-VLA/jackal_ws/install/wireless_msgs:/root/AgricSense-VLA/jackal_ws/install/micro_ros_setup:/root/AgricSense-VLA/jackal_ws/install/micro_ros_agent:/root/AgricSense-VLA/jackal_ws/install/micro_ros_msgs:/root/AgricSense-VLA/jackal_ws/install/jackal_simulator:/root/AgricSense-VLA/jackal_ws/install/jackal_gazebo:/root/AgricSense-VLA/jackal_ws/install/jackal_desktop:/root/AgricSense-VLA/jackal_ws/install/jackal_viz:/root/AgricSense-VLA/jackal_ws/install/jackal_navigation:/root/AgricSense-VLA/jackal_ws/install/jackal_msgs:/root/AgricSense-VLA/jackal_ws/install/jackal_control:/root/AgricSense-VLA/jackal_ws/install/gazebo_ros2_control_demos:/root/AgricSense-VLA/jackal_ws/install/wireless_watcher:/root/AgricSense-VLA/jackal_ws/install/sensor_tools:/opt/ros/humble LD_LIBRARY_PATH=/root/AgricSense-VLA/jackal_ws/install/gazebo_ros2_control/lib:/root/AgricSense-VLA/jackal_ws/install/jackal_robot/lib:/root/AgricSense-VLA/jackal_ws/install/wireless_msgs/lib:/root/AgricSense-VLA/jackal_ws/install/micro_ros_agent/lib:/root/AgricSense-VLA/jackal_ws/install/micro_ros_msgs/lib:/root/AgricSense-VLA/jackal_ws/install/jackal_msgs/lib:/usr/lib/x86_64-linux-gnu/gazebo-11/plugins:/opt/ros/humble/opt/rviz_ogre_vendor/lib:/opt/ros/humble/lib/x86_64-linux-gnu:/opt/ros/humble/lib /usr/bin/cmake /root/AgricSense-VLA/jackal_ws/src/jackal/jackal_control -DAMENT_CMAKE_SYMLINK_INSTALL=1 -DCMAKE_INSTALL_PREFIX=/root/AgricSense-VLA/jackal_ws/install/jackal_control
[2.306s] Invoking command in '/root/AgricSense-VLA/jackal_ws/build/jackal_control': CMAKE_PREFIX_PATH=/root/AgricSense-VLA/jackal_ws/install/jackal_description:/root/AgricSense-VLA/jackal_ws/install/interactive_marker_twist_server:/root/AgricSense-VLA/jackal_ws/install/gazebo_ros2_control:/root/AgricSense-VLA/jackal_ws/install/jackal_robot:/root/AgricSense-VLA/jackal_ws/install/wireless_msgs:/root/AgricSense-VLA/jackal_ws/install/micro_ros_setup:/root/AgricSense-VLA/jackal_ws/install/micro_ros_agent:/root/AgricSense-VLA/jackal_ws/install/micro_ros_msgs:/root/AgricSense-VLA/jackal_ws/install/jackal_simulator:/root/AgricSense-VLA/jackal_ws/install/jackal_gazebo:/root/AgricSense-VLA/jackal_ws/install/jackal_desktop:/root/AgricSense-VLA/jackal_ws/install/jackal_viz:/root/AgricSense-VLA/jackal_ws/install/jackal_navigation:/root/AgricSense-VLA/jackal_ws/install/jackal_msgs:/root/AgricSense-VLA/jackal_ws/install/jackal_control:/root/AgricSense-VLA/jackal_ws/install/gazebo_ros2_control_demos:/root/AgricSense-VLA/jackal_ws/install/wireless_watcher:/root/AgricSense-VLA/jackal_ws/install/sensor_tools:/opt/ros/humble LD_LIBRARY_PATH=/root/AgricSense-VLA/jackal_ws/install/gazebo_ros2_control/lib:/root/AgricSense-VLA/jackal_ws/install/jackal_robot/lib:/root/AgricSense-VLA/jackal_ws/install/wireless_msgs/lib:/root/AgricSense-VLA/jackal_ws/install/micro_ros_agent/lib:/root/AgricSense-VLA/jackal_ws/install/micro_ros_msgs/lib:/root/AgricSense-VLA/jackal_ws/install/jackal_msgs/lib:/usr/lib/x86_64-linux-gnu/gazebo-11/plugins:/opt/ros/humble/opt/rviz_ogre_vendor/lib:/opt/ros/humble/lib/x86_64-linux-gnu:/opt/ros/humble/lib /usr/bin/cmake --build /root/AgricSense-VLA/jackal_ws/build/jackal_control -- -j20 -l20
[2.349s] Invoked command in '/root/AgricSense-VLA/jackal_ws/build/jackal_control' returned '0': CMAKE_PREFIX_PATH=/root/AgricSense-VLA/jackal_ws/install/jackal_description:/root/AgricSense-VLA/jackal_ws/install/interactive_marker_twist_server:/root/AgricSense-VLA/jackal_ws/install/gazebo_ros2_control:/root/AgricSense-VLA/jackal_ws/install/jackal_robot:/root/AgricSense-VLA/jackal_ws/install/wireless_msgs:/root/AgricSense-VLA/jackal_ws/install/micro_ros_setup:/root/AgricSense-VLA/jackal_ws/install/micro_ros_agent:/root/AgricSense-VLA/jackal_ws/install/micro_ros_msgs:/root/AgricSense-VLA/jackal_ws/install/jackal_simulator:/root/AgricSense-VLA/jackal_ws/install/jackal_gazebo:/root/AgricSense-VLA/jackal_ws/install/jackal_desktop:/root/AgricSense-VLA/jackal_ws/install/jackal_viz:/root/AgricSense-VLA/jackal_ws/install/jackal_navigation:/root/AgricSense-VLA/jackal_ws/install/jackal_msgs:/root/AgricSense-VLA/jackal_ws/install/jackal_control:/root/AgricSense-VLA/jackal_ws/install/gazebo_ros2_control_demos:/root/AgricSense-VLA/jackal_ws/install/wireless_watcher:/root/AgricSense-VLA/jackal_ws/install/sensor_tools:/opt/ros/humble LD_LIBRARY_PATH=/root/AgricSense-VLA/jackal_ws/install/gazebo_ros2_control/lib:/root/AgricSense-VLA/jackal_ws/install/jackal_robot/lib:/root/AgricSense-VLA/jackal_ws/install/wireless_msgs/lib:/root/AgricSense-VLA/jackal_ws/install/micro_ros_agent/lib:/root/AgricSense-VLA/jackal_ws/install/micro_ros_msgs/lib:/root/AgricSense-VLA/jackal_ws/install/jackal_msgs/lib:/usr/lib/x86_64-linux-gnu/gazebo-11/plugins:/opt/ros/humble/opt/rviz_ogre_vendor/lib:/opt/ros/humble/lib/x86_64-linux-gnu:/opt/ros/humble/lib /usr/bin/cmake --build /root/AgricSense-VLA/jackal_ws/build/jackal_control -- -j20 -l20
[2.351s] Invoking command in '/root/AgricSense-VLA/jackal_ws/build/jackal_control': CMAKE_PREFIX_PATH=/root/AgricSense-VLA/jackal_ws/install/jackal_description:/root/AgricSense-VLA/jackal_ws/install/interactive_marker_twist_server:/root/AgricSense-VLA/jackal_ws/install/gazebo_ros2_control:/root/AgricSense-VLA/jackal_ws/install/jackal_robot:/root/AgricSense-VLA/jackal_ws/install/wireless_msgs:/root/AgricSense-VLA/jackal_ws/install/micro_ros_setup:/root/AgricSense-VLA/jackal_ws/install/micro_ros_agent:/root/AgricSense-VLA/jackal_ws/install/micro_ros_msgs:/root/AgricSense-VLA/jackal_ws/install/jackal_simulator:/root/AgricSense-VLA/jackal_ws/install/jackal_gazebo:/root/AgricSense-VLA/jackal_ws/install/jackal_desktop:/root/AgricSense-VLA/jackal_ws/install/jackal_viz:/root/AgricSense-VLA/jackal_ws/install/jackal_navigation:/root/AgricSense-VLA/jackal_ws/install/jackal_msgs:/root/AgricSense-VLA/jackal_ws/install/jackal_control:/root/AgricSense-VLA/jackal_ws/install/gazebo_ros2_control_demos:/root/AgricSense-VLA/jackal_ws/install/wireless_watcher:/root/AgricSense-VLA/jackal_ws/install/sensor_tools:/opt/ros/humble LD_LIBRARY_PATH=/root/AgricSense-VLA/jackal_ws/install/gazebo_ros2_control/lib:/root/AgricSense-VLA/jackal_ws/install/jackal_robot/lib:/root/AgricSense-VLA/jackal_ws/install/wireless_msgs/lib:/root/AgricSense-VLA/jackal_ws/install/micro_ros_agent/lib:/root/AgricSense-VLA/jackal_ws/install/micro_ros_msgs/lib:/root/AgricSense-VLA/jackal_ws/install/jackal_msgs/lib:/usr/lib/x86_64-linux-gnu/gazebo-11/plugins:/opt/ros/humble/opt/rviz_ogre_vendor/lib:/opt/ros/humble/lib/x86_64-linux-gnu:/opt/ros/humble/lib /usr/bin/cmake --install /root/AgricSense-VLA/jackal_ws/build/jackal_control
[2.358s] -- Install configuration: ""
[2.358s] -- Execute custom install script
[2.358s] -- Symlinking: /root/AgricSense-VLA/jackal_ws/install/jackal_control/share/jackal_control/config/control.yaml
[2.368s] -- Symlinking: /root/AgricSense-VLA/jackal_ws/install/jackal_control/share/jackal_control/config/imu_filter.yaml
[2.376s] -- Symlinking: /root/AgricSense-VLA/jackal_ws/install/jackal_control/share/jackal_control/config/localization.yaml
[2.383s] -- Symlinking: /root/AgricSense-VLA/jackal_ws/install/jackal_control/share/jackal_control/config/localization_zed.yaml
[2.390s] -- Symlinking: /root/AgricSense-VLA/jackal_ws/install/jackal_control/share/jackal_control/config/teleop_interactive_markers.yaml
[2.397s] -- Symlinking: /root/AgricSense-VLA/jackal_ws/install/jackal_control/share/jackal_control/config/teleop_logitech.yaml
[2.407s] -- Symlinking: /root/AgricSense-VLA/jackal_ws/install/jackal_control/share/jackal_control/config/teleop_ps4.yaml
[2.416s] -- Symlinking: /root/AgricSense-VLA/jackal_ws/install/jackal_control/share/jackal_control/config/twist_mux.yaml
[2.427s] -- Symlinking: /root/AgricSense-VLA/jackal_ws/install/jackal_control/share/jackal_control/launch/control.launch.py
[2.436s] -- Symlinking: /root/AgricSense-VLA/jackal_ws/install/jackal_control/share/jackal_control/launch/teleop_base.launch.py
[2.444s] -- Symlinking: /root/AgricSense-VLA/jackal_ws/install/jackal_control/share/jackal_control/launch/teleop_joy.launch.py
[2.454s] -- Symlinking: /root/AgricSense-VLA/jackal_ws/install/jackal_control/share/ament_index/resource_index/package_run_dependencies/jackal_control
[2.464s] -- Symlinking: /root/AgricSense-VLA/jackal_ws/install/jackal_control/share/ament_index/resource_index/parent_prefix_path/jackal_control
[2.477s] -- Symlinking: /root/AgricSense-VLA/jackal_ws/install/jackal_control/share/jackal_control/environment/ament_prefix_path.sh
[2.489s] -- Symlinking: /root/AgricSense-VLA/jackal_ws/install/jackal_control/share/jackal_control/environment/ament_prefix_path.dsv
[2.497s] -- Symlinking: /root/AgricSense-VLA/jackal_ws/install/jackal_control/share/jackal_control/environment/path.sh
[2.506s] -- Symlinking: /root/AgricSense-VLA/jackal_ws/install/jackal_control/share/jackal_control/environment/path.dsv
[2.514s] -- Symlinking: /root/AgricSense-VLA/jackal_ws/install/jackal_control/share/jackal_control/local_setup.bash
[2.523s] -- Symlinking: /root/AgricSense-VLA/jackal_ws/install/jackal_control/share/jackal_control/local_setup.sh
[2.533s] -- Symlinking: /root/AgricSense-VLA/jackal_ws/install/jackal_control/share/jackal_control/local_setup.zsh
[2.542s] -- Symlinking: /root/AgricSense-VLA/jackal_ws/install/jackal_control/share/jackal_control/local_setup.dsv
[2.550s] -- Symlinking: /root/AgricSense-VLA/jackal_ws/install/jackal_control/share/jackal_control/package.dsv
[2.557s] -- Symlinking: /root/AgricSense-VLA/jackal_ws/install/jackal_control/share/ament_index/resource_index/packages/jackal_control
[2.564s] -- Symlinking: /root/AgricSense-VLA/jackal_ws/install/jackal_control/share/jackal_control/cmake/jackal_controlConfig.cmake
[2.571s] -- Symlinking: /root/AgricSense-VLA/jackal_ws/install/jackal_control/share/jackal_control/cmake/jackal_controlConfig-version.cmake
[2.577s] -- Symlinking: /root/AgricSense-VLA/jackal_ws/install/jackal_control/share/jackal_control/package.xml
[2.587s] Invoked command in '/root/AgricSense-VLA/jackal_ws/build/jackal_control' returned '0': CMAKE_PREFIX_PATH=/root/AgricSense-VLA/jackal_ws/install/jackal_description:/root/AgricSense-VLA/jackal_ws/install/interactive_marker_twist_server:/root/AgricSense-VLA/jackal_ws/install/gazebo_ros2_control:/root/AgricSense-VLA/jackal_ws/install/jackal_robot:/root/AgricSense-VLA/jackal_ws/install/wireless_msgs:/root/AgricSense-VLA/jackal_ws/install/micro_ros_setup:/root/AgricSense-VLA/jackal_ws/install/micro_ros_agent:/root/AgricSense-VLA/jackal_ws/install/micro_ros_msgs:/root/AgricSense-VLA/jackal_ws/install/jackal_simulator:/root/AgricSense-VLA/jackal_ws/install/jackal_gazebo:/root/AgricSense-VLA/jackal_ws/install/jackal_desktop:/root/AgricSense-VLA/jackal_ws/install/jackal_viz:/root/AgricSense-VLA/jackal_ws/install/jackal_navigation:/root/AgricSense-VLA/jackal_ws/install/jackal_msgs:/root/AgricSense-VLA/jackal_ws/install/jackal_control:/root/AgricSense-VLA/jackal_ws/install/gazebo_ros2_control_demos:/root/AgricSense-VLA/jackal_ws/install/wireless_watcher:/root/AgricSense-VLA/jackal_ws/install/sensor_tools:/opt/ros/humble LD_LIBRARY_PATH=/root/AgricSense-VLA/jackal_ws/install/gazebo_ros2_control/lib:/root/AgricSense-VLA/jackal_ws/install/jackal_robot/lib:/root/AgricSense-VLA/jackal_ws/install/wireless_msgs/lib:/root/AgricSense-VLA/jackal_ws/install/micro_ros_agent/lib:/root/AgricSense-VLA/jackal_ws/install/micro_ros_msgs/lib:/root/AgricSense-VLA/jackal_ws/install/jackal_msgs/lib:/usr/lib/x86_64-linux-gnu/gazebo-11/plugins:/opt/ros/humble/opt/rviz_ogre_vendor/lib:/opt/ros/humble/lib/x86_64-linux-gnu:/opt/ros/humble/lib /usr/bin/cmake --install /root/AgricSense-VLA/jackal_ws/build/jackal_control
