[0.015s] Invoking command in '/root/AgricSense-VLA/jackal_ws/build/jackal_robot': CMAKE_PREFIX_PATH=/root/AgricSense-VLA/jackal_ws/install/jackal_control:/root/AgricSense-VLA/jackal_ws/install/jackal_description:/root/AgricSense-VLA/jackal_ws/install/jackal_msgs:/root/AgricSense-VLA/jackal_ws/install/interactive_marker_twist_server:/root/AgricSense-VLA/jackal_ws/install/gazebo_ros2_control:/root/AgricSense-VLA/jackal_ws/install/jackal_robot:/root/AgricSense-VLA/jackal_ws/install/wireless_msgs:/root/AgricSense-VLA/jackal_ws/install/micro_ros_setup:/root/AgricSense-VLA/jackal_ws/install/micro_ros_agent:/root/AgricSense-VLA/jackal_ws/install/micro_ros_msgs:/root/AgricSense-VLA/jackal_ws/install/jackal_simulator:/root/AgricSense-VLA/jackal_ws/install/jackal_gazebo:/root/AgricSense-VLA/jackal_ws/install/jackal_desktop:/root/AgricSense-VLA/jackal_ws/install/jackal_viz:/root/AgricSense-VLA/jackal_ws/install/jackal_navigation:/root/AgricSense-VLA/jackal_ws/install/gazebo_ros2_control_demos:/root/AgricSense-VLA/jackal_ws/install/wireless_watcher:/root/AgricSense-VLA/jackal_ws/install/sensor_tools:/opt/ros/humble LD_LIBRARY_PATH=/root/AgricSense-VLA/jackal_ws/install/jackal_msgs/lib:/root/AgricSense-VLA/jackal_ws/install/gazebo_ros2_control/lib:/root/AgricSense-VLA/jackal_ws/install/jackal_robot/lib:/root/AgricSense-VLA/jackal_ws/install/wireless_msgs/lib:/root/AgricSense-VLA/jackal_ws/install/micro_ros_agent/lib:/root/AgricSense-VLA/jackal_ws/install/micro_ros_msgs/lib:/usr/lib/x86_64-linux-gnu/gazebo-11/plugins:/opt/ros/humble/opt/rviz_ogre_vendor/lib:/opt/ros/humble/lib/x86_64-linux-gnu:/opt/ros/humble/lib /usr/bin/cmake /root/AgricSense-VLA/jackal_ws/src/jackal_robot -DAMENT_CMAKE_SYMLINK_INSTALL=1 -DCMAKE_INSTALL_PREFIX=/root/AgricSense-VLA/jackal_ws/install/jackal_robot
[0.074s] -- The C compiler identification is GNU 11.4.0
[0.129s] -- The CXX compiler identification is GNU 11.4.0
[0.135s] -- Detecting C compiler ABI info
[0.197s] -- Detecting C compiler ABI info - done
[0.202s] -- Check for working C compiler: /usr/bin/cc - skipped
[0.203s] -- Detecting C compile features
[0.203s] -- Detecting C compile features - done
[0.205s] -- Detecting CXX compiler ABI info
[0.271s] -- Detecting CXX compiler ABI info - done
[0.276s] -- Check for working CXX compiler: /usr/bin/c++ - skipped
[0.276s] -- Detecting CXX compile features
[0.277s] -- Detecting CXX compile features - done
[0.279s] -- Found ament_cmake: 1.3.11 (/opt/ros/humble/share/ament_cmake/cmake)
[0.401s] -- Found Python3: /usr/bin/python3 (found version "3.10.12") found components: Interpreter 
[0.449s] -- Override CMake install command with custom implementation using symlinks instead of copying resources
[0.484s] -- Found controller_interface: 2.49.0 (/opt/ros/humble/share/controller_interface/cmake)
[0.525s] -- Found rosidl_generator_c: 3.1.6 (/opt/ros/humble/share/rosidl_generator_c/cmake)
[0.531s] -- Found rosidl_adapter: 3.1.6 (/opt/ros/humble/share/rosidl_adapter/cmake)
[0.539s] -- Found rosidl_generator_cpp: 3.1.6 (/opt/ros/humble/share/rosidl_generator_cpp/cmake)
[0.550s] -- Using all available rosidl_typesupport_c: rosidl_typesupport_fastrtps_c;rosidl_typesupport_introspection_c
[0.564s] -- Using all available rosidl_typesupport_cpp: rosidl_typesupport_fastrtps_cpp;rosidl_typesupport_introspection_cpp
[0.733s] -- Found rmw_implementation_cmake: 6.1.2 (/opt/ros/humble/share/rmw_implementation_cmake/cmake)
[0.736s] -- Found rmw_fastrtps_cpp: 6.2.7 (/opt/ros/humble/share/rmw_fastrtps_cpp/cmake)
[0.759s] -- Found TinyXML2 via Config file: TinyXML2_DIR-NOTFOUND
[0.832s] -- Found OpenSSL: /usr/lib/x86_64-linux-gnu/libcrypto.so (found version "3.0.2")  
[0.838s] -- Found TinyXML2 via Config file: TinyXML2_DIR-NOTFOUND
[0.858s] -- Found FastRTPS: /opt/ros/humble/include  
[0.862s] -- Found TinyXML2 via Config file: TinyXML2_DIR-NOTFOUND
[0.869s] -- Found TinyXML2 via Config file: TinyXML2_DIR-NOTFOUND
[0.878s] -- Using RMW implementation 'rmw_fastrtps_cpp' as default
[0.887s] -- Looking for pthread.h
[0.956s] -- Looking for pthread.h - found
[0.957s] -- Performing Test CMAKE_HAVE_LIBC_PTHREAD
[1.035s] -- Performing Test CMAKE_HAVE_LIBC_PTHREAD - Success
[1.036s] -- Found Threads: TRUE  
[1.077s] -- Found controller_manager: 2.49.0 (/opt/ros/humble/share/controller_manager/cmake)
[1.111s] -- Found rclpy: 3.3.15 (/opt/ros/humble/share/rclpy/cmake)
[1.112s] -- Found jackal_msgs: 1.0.4 (/root/AgricSense-VLA/jackal_ws/install/jackal_msgs/share/jackal_msgs/cmake)
[1.123s] -- Found nav_msgs: 4.2.4 (/opt/ros/humble/share/nav_msgs/cmake)
[1.136s] -- Found std_srvs: 4.2.4 (/opt/ros/humble/share/std_srvs/cmake)
[1.144s] -- Found tf2: 0.25.12 (/opt/ros/humble/share/tf2/cmake)
[1.148s] -- Found tf2_ros: 0.25.12 (/opt/ros/humble/share/tf2_ros/cmake)
[1.307s] -- Configuring done
[1.324s] -- Generating done
[1.327s] -- Build files have been written to: /root/AgricSense-VLA/jackal_ws/build/jackal_robot
[1.335s] Invoked command in '/root/AgricSense-VLA/jackal_ws/build/jackal_robot' returned '0': CMAKE_PREFIX_PATH=/root/AgricSense-VLA/jackal_ws/install/jackal_control:/root/AgricSense-VLA/jackal_ws/install/jackal_description:/root/AgricSense-VLA/jackal_ws/install/jackal_msgs:/root/AgricSense-VLA/jackal_ws/install/interactive_marker_twist_server:/root/AgricSense-VLA/jackal_ws/install/gazebo_ros2_control:/root/AgricSense-VLA/jackal_ws/install/jackal_robot:/root/AgricSense-VLA/jackal_ws/install/wireless_msgs:/root/AgricSense-VLA/jackal_ws/install/micro_ros_setup:/root/AgricSense-VLA/jackal_ws/install/micro_ros_agent:/root/AgricSense-VLA/jackal_ws/install/micro_ros_msgs:/root/AgricSense-VLA/jackal_ws/install/jackal_simulator:/root/AgricSense-VLA/jackal_ws/install/jackal_gazebo:/root/AgricSense-VLA/jackal_ws/install/jackal_desktop:/root/AgricSense-VLA/jackal_ws/install/jackal_viz:/root/AgricSense-VLA/jackal_ws/install/jackal_navigation:/root/AgricSense-VLA/jackal_ws/install/gazebo_ros2_control_demos:/root/AgricSense-VLA/jackal_ws/install/wireless_watcher:/root/AgricSense-VLA/jackal_ws/install/sensor_tools:/opt/ros/humble LD_LIBRARY_PATH=/root/AgricSense-VLA/jackal_ws/install/jackal_msgs/lib:/root/AgricSense-VLA/jackal_ws/install/gazebo_ros2_control/lib:/root/AgricSense-VLA/jackal_ws/install/jackal_robot/lib:/root/AgricSense-VLA/jackal_ws/install/wireless_msgs/lib:/root/AgricSense-VLA/jackal_ws/install/micro_ros_agent/lib:/root/AgricSense-VLA/jackal_ws/install/micro_ros_msgs/lib:/usr/lib/x86_64-linux-gnu/gazebo-11/plugins:/opt/ros/humble/opt/rviz_ogre_vendor/lib:/opt/ros/humble/lib/x86_64-linux-gnu:/opt/ros/humble/lib /usr/bin/cmake /root/AgricSense-VLA/jackal_ws/src/jackal_robot -DAMENT_CMAKE_SYMLINK_INSTALL=1 -DCMAKE_INSTALL_PREFIX=/root/AgricSense-VLA/jackal_ws/install/jackal_robot
[1.337s] Invoking command in '/root/AgricSense-VLA/jackal_ws/build/jackal_robot': CMAKE_PREFIX_PATH=/root/AgricSense-VLA/jackal_ws/install/jackal_control:/root/AgricSense-VLA/jackal_ws/install/jackal_description:/root/AgricSense-VLA/jackal_ws/install/jackal_msgs:/root/AgricSense-VLA/jackal_ws/install/interactive_marker_twist_server:/root/AgricSense-VLA/jackal_ws/install/gazebo_ros2_control:/root/AgricSense-VLA/jackal_ws/install/jackal_robot:/root/AgricSense-VLA/jackal_ws/install/wireless_msgs:/root/AgricSense-VLA/jackal_ws/install/micro_ros_setup:/root/AgricSense-VLA/jackal_ws/install/micro_ros_agent:/root/AgricSense-VLA/jackal_ws/install/micro_ros_msgs:/root/AgricSense-VLA/jackal_ws/install/jackal_simulator:/root/AgricSense-VLA/jackal_ws/install/jackal_gazebo:/root/AgricSense-VLA/jackal_ws/install/jackal_desktop:/root/AgricSense-VLA/jackal_ws/install/jackal_viz:/root/AgricSense-VLA/jackal_ws/install/jackal_navigation:/root/AgricSense-VLA/jackal_ws/install/gazebo_ros2_control_demos:/root/AgricSense-VLA/jackal_ws/install/wireless_watcher:/root/AgricSense-VLA/jackal_ws/install/sensor_tools:/opt/ros/humble LD_LIBRARY_PATH=/root/AgricSense-VLA/jackal_ws/install/jackal_msgs/lib:/root/AgricSense-VLA/jackal_ws/install/gazebo_ros2_control/lib:/root/AgricSense-VLA/jackal_ws/install/jackal_robot/lib:/root/AgricSense-VLA/jackal_ws/install/wireless_msgs/lib:/root/AgricSense-VLA/jackal_ws/install/micro_ros_agent/lib:/root/AgricSense-VLA/jackal_ws/install/micro_ros_msgs/lib:/usr/lib/x86_64-linux-gnu/gazebo-11/plugins:/opt/ros/humble/opt/rviz_ogre_vendor/lib:/opt/ros/humble/lib/x86_64-linux-gnu:/opt/ros/humble/lib /usr/bin/cmake --build /root/AgricSense-VLA/jackal_ws/build/jackal_robot -- -j20 -l20
[1.391s] [ 66%] [32mBuilding CXX object CMakeFiles/jackal_hardware.dir/src/jackal_hardware_interface.cpp.o[0m
[1.391s] [ 66%] [32mBuilding CXX object CMakeFiles/jackal_hardware.dir/src/jackal_hardware.cpp.o[0m
[1.395s] [ 66%] Built target ament_cmake_python_symlink_jackal_robot
[1.552s] running egg_info
[1.553s] creating jackal_robot.egg-info
[1.553s] writing jackal_robot.egg-info/PKG-INFO
[1.553s] writing dependency_links to jackal_robot.egg-info/dependency_links.txt
[1.553s] writing top-level names to jackal_robot.egg-info/top_level.txt
[1.553s] writing manifest file 'jackal_robot.egg-info/SOURCES.txt'
[1.554s] reading manifest file 'jackal_robot.egg-info/SOURCES.txt'
[1.554s] writing manifest file 'jackal_robot.egg-info/SOURCES.txt'
[1.574s] [ 66%] Built target ament_cmake_python_build_jackal_robot_egg
[2.950s] In file included from [01m[K/opt/ros/humble/include/rclcpp/rclcpp/logging.hpp:24[m[K,
[2.950s]                  from [01m[K/opt/ros/humble/include/rclcpp/rclcpp/client.hpp:40[m[K,
[2.950s]                  from [01m[K/opt/ros/humble/include/rclcpp/rclcpp/callback_group.hpp:24[m[K,
[2.950s]                  from [01m[K/opt/ros/humble/include/rclcpp/rclcpp/any_executable.hpp:20[m[K,
[2.950s]                  from [01m[K/opt/ros/humble/include/rclcpp/rclcpp/memory_strategy.hpp:25[m[K,
[2.950s]                  from [01m[K/opt/ros/humble/include/rclcpp/rclcpp/memory_strategies.hpp:18[m[K,
[2.951s]                  from [01m[K/opt/ros/humble/include/rclcpp/rclcpp/executor_options.hpp:20[m[K,
[2.951s]                  from [01m[K/opt/ros/humble/include/rclcpp/rclcpp/executor.hpp:37[m[K,
[2.951s]                  from [01m[K/opt/ros/humble/include/rclcpp/rclcpp/executors/multi_threaded_executor.hpp:25[m[K,
[2.951s]                  from [01m[K/opt/ros/humble/include/rclcpp/rclcpp/executors.hpp:21[m[K,
[2.951s]                  from [01m[K/opt/ros/humble/include/rclcpp/rclcpp/rclcpp.hpp:155[m[K,
[2.951s]                  from [01m[K/root/AgricSense-VLA/jackal_ws/src/jackal_robot/include/jackal_hardware/jackal_hardware_interface.hpp:40[m[K,
[2.951s]                  from [01m[K/root/AgricSense-VLA/jackal_ws/src/jackal_robot/include/jackal_hardware/jackal_hardware.hpp:50[m[K,
[2.951s]                  from [01m[K/root/AgricSense-VLA/jackal_ws/src/jackal_robot/src/jackal_hardware.cpp:35[m[K:
[2.951s] [01m[K/root/AgricSense-VLA/jackal_ws/src/jackal_robot/src/jackal_hardware.cpp:[m[K In member function ‘[01m[Kvirtual hardware_interface::CallbackReturn jackal_hardware::JackalHardware::on_init(const hardware_interface::HardwareInfo&)[m[K’:
[2.951s] [01m[K/root/AgricSense-VLA/jackal_ws/src/jackal_robot/src/jackal_hardware.cpp:117:44:[m[K [01;35m[Kwarning: [m[Kformat ‘[01m[K%u[m[K’ expects argument of type ‘[01m[Kunsigned int[m[K’, but argument 5 has type ‘[01m[Kstd::vector<hardware_interface::ComponentInfo>::size_type[m[K’ {aka ‘[01m[Klong unsigned int[m[K’} [[01;35m[K-Wformat=[m[K]
[2.951s]   117 |   RCLCPP_INFO(rclcpp::get_logger(HW_NAME), [01;35m[K"Number of Joints %u"[m[K, [32m[Kinfo_.joints.size()[m[K);
[2.952s]       |                                            [01;35m[K^~~~~~~~~~~~~~~~~~~~~[m[K  [32m[K~~~~~~~~~~~~~~~~~~~[m[K
[2.952s]       |                                                                                    [32m[K|[m[K
[2.952s]       |                                                                                    [32m[Kstd::vector<hardware_interface::ComponentInfo>::size_type {aka long unsigned int}[m[K
[2.952s] [01m[K/root/AgricSense-VLA/jackal_ws/src/jackal_robot/src/jackal_hardware.cpp:117:63:[m[K [01;36m[Knote: [m[Kformat string is defined here
[2.952s]   117 |   RCLCPP_INFO(rclcpp::get_logger(HW_NAME), "Number of Joints [01;36m[K%u[m[K", info_.joints.size());
[2.952s]       |                                                              [01;36m[K~^[m[K
[2.952s]       |                                                               [01;36m[K|[m[K
[2.952s]       |                                                               [01;36m[Kunsigned int[m[K
[2.952s]       |                                                              [32m[K%lu[m[K
[2.952s] In file included from [01m[K/opt/ros/humble/include/rclcpp/rclcpp/logging.hpp:24[m[K,
[2.952s]                  from [01m[K/opt/ros/humble/include/rclcpp/rclcpp/client.hpp:40[m[K,
[2.952s]                  from [01m[K/opt/ros/humble/include/rclcpp/rclcpp/callback_group.hpp:24[m[K,
[2.952s]                  from [01m[K/opt/ros/humble/include/rclcpp/rclcpp/any_executable.hpp:20[m[K,
[2.952s]                  from [01m[K/opt/ros/humble/include/rclcpp/rclcpp/memory_strategy.hpp:25[m[K,
[2.953s]                  from [01m[K/opt/ros/humble/include/rclcpp/rclcpp/memory_strategies.hpp:18[m[K,
[2.953s]                  from [01m[K/opt/ros/humble/include/rclcpp/rclcpp/executor_options.hpp:20[m[K,
[2.953s]                  from [01m[K/opt/ros/humble/include/rclcpp/rclcpp/executor.hpp:37[m[K,
[2.953s]                  from [01m[K/opt/ros/humble/include/rclcpp/rclcpp/executors/multi_threaded_executor.hpp:25[m[K,
[2.953s]                  from [01m[K/opt/ros/humble/include/rclcpp/rclcpp/executors.hpp:21[m[K,
[2.953s]                  from [01m[K/opt/ros/humble/include/rclcpp/rclcpp/rclcpp.hpp:155[m[K,
[2.953s]                  from [01m[K/root/AgricSense-VLA/jackal_ws/src/jackal_robot/include/jackal_hardware/jackal_hardware_interface.hpp:40[m[K,
[2.953s]                  from [01m[K/root/AgricSense-VLA/jackal_ws/src/jackal_robot/include/jackal_hardware/jackal_hardware.hpp:50[m[K,
[2.953s]                  from [01m[K/root/AgricSense-VLA/jackal_ws/src/jackal_robot/src/jackal_hardware.cpp:35[m[K:
[2.953s] [01m[K/root/AgricSense-VLA/jackal_ws/src/jackal_robot/src/jackal_hardware.cpp:131:9:[m[K [01;35m[Kwarning: [m[Kformat ‘[01m[K%d[m[K’ expects argument of type ‘[01m[Kint[m[K’, but argument 6 has type ‘[01m[Kstd::vector<hardware_interface::InterfaceInfo>::size_type[m[K’ {aka ‘[01m[Klong unsigned int[m[K’} [[01;35m[K-Wformat=[m[K]
[2.953s]   131 |         [01;35m[K"Joint '%s' has %d command interfaces found. 1 expected."[m[K, joint.name.c_str(),
[2.953s]       |         [01;35m[K^~~~~~~~~~~~~~~~~~~~~~~~~~~~~~~~~~~~~~~~~~~~~~~~~~~~~~~~~[m[K
[2.953s]   132 |         [32m[Kjoint.command_interfaces.size()[m[K);
[2.953s]       |         [32m[K~~~~~~~~~~~~~~~~~~~~~~~~~~~~~~~[m[K
[2.954s]       |                                      [32m[K|[m[K
[2.954s]       |                                      [32m[Kstd::vector<hardware_interface::InterfaceInfo>::size_type {aka long unsigned int}[m[K
[2.954s] [01m[K/root/AgricSense-VLA/jackal_ws/src/jackal_robot/src/jackal_hardware.cpp:131:26:[m[K [01;36m[Knote: [m[Kformat string is defined here
[2.954s]   131 |         "Joint '%s' has [01;36m[K%d[m[K command interfaces found. 1 expected.", joint.name.c_str(),
[2.954s]       |                         [01;36m[K~^[m[K
[2.954s]       |                          [01;36m[K|[m[K
[2.954s]       |                          [01;36m[Kint[m[K
[2.954s]       |                         [32m[K%ld[m[K
[2.954s] In file included from [01m[K/opt/ros/humble/include/rclcpp/rclcpp/logging.hpp:24[m[K,
[2.954s]                  from [01m[K/opt/ros/humble/include/rclcpp/rclcpp/client.hpp:40[m[K,
[2.954s]                  from [01m[K/opt/ros/humble/include/rclcpp/rclcpp/callback_group.hpp:24[m[K,
[2.954s]                  from [01m[K/opt/ros/humble/include/rclcpp/rclcpp/any_executable.hpp:20[m[K,
[2.954s]                  from [01m[K/opt/ros/humble/include/rclcpp/rclcpp/memory_strategy.hpp:25[m[K,
[2.954s]                  from [01m[K/opt/ros/humble/include/rclcpp/rclcpp/memory_strategies.hpp:18[m[K,
[2.955s]                  from [01m[K/opt/ros/humble/include/rclcpp/rclcpp/executor_options.hpp:20[m[K,
[2.955s]                  from [01m[K/opt/ros/humble/include/rclcpp/rclcpp/executor.hpp:37[m[K,
[2.955s]                  from [01m[K/opt/ros/humble/include/rclcpp/rclcpp/executors/multi_threaded_executor.hpp:25[m[K,
[2.955s]                  from [01m[K/opt/ros/humble/include/rclcpp/rclcpp/executors.hpp:21[m[K,
[2.955s]                  from [01m[K/opt/ros/humble/include/rclcpp/rclcpp/rclcpp.hpp:155[m[K,
[2.955s]                  from [01m[K/root/AgricSense-VLA/jackal_ws/src/jackal_robot/include/jackal_hardware/jackal_hardware_interface.hpp:40[m[K,
[2.955s]                  from [01m[K/root/AgricSense-VLA/jackal_ws/src/jackal_robot/include/jackal_hardware/jackal_hardware.hpp:50[m[K,
[2.955s]                  from [01m[K/root/AgricSense-VLA/jackal_ws/src/jackal_robot/src/jackal_hardware.cpp:35[m[K:
[2.955s] [01m[K/root/AgricSense-VLA/jackal_ws/src/jackal_robot/src/jackal_hardware.cpp:147:9:[m[K [01;35m[Kwarning: [m[Kformat ‘[01m[K%d[m[K’ expects argument of type ‘[01m[Kint[m[K’, but argument 6 has type ‘[01m[Kstd::vector<hardware_interface::InterfaceInfo>::size_type[m[K’ {aka ‘[01m[Klong unsigned int[m[K’} [[01;35m[K-Wformat=[m[K]
[2.955s]   147 |         [01;35m[K"Joint '%s' has %d state interface. 2 expected."[m[K, joint.name.c_str(),
[2.955s]       |         [01;35m[K^~~~~~~~~~~~~~~~~~~~~~~~~~~~~~~~~~~~~~~~~~~~~~~~[m[K
[2.955s]   148 |         [32m[Kjoint.state_interfaces.size()[m[K);
[2.955s]       |         [32m[K~~~~~~~~~~~~~~~~~~~~~~~~~~~~~[m[K
[2.955s]       |                                    [32m[K|[m[K
[2.955s]       |                                    [32m[Kstd::vector<hardware_interface::InterfaceInfo>::size_type {aka long unsigned int}[m[K
[2.956s] [01m[K/root/AgricSense-VLA/jackal_ws/src/jackal_robot/src/jackal_hardware.cpp:147:26:[m[K [01;36m[Knote: [m[Kformat string is defined here
[2.956s]   147 |         "Joint '%s' has [01;36m[K%d[m[K state interface. 2 expected.", joint.name.c_str(),
[2.956s]       |                         [01;36m[K~^[m[K
[2.956s]       |                          [01;36m[K|[m[K
[2.956s]       |                          [01;36m[Kint[m[K
[2.956s]       |                         [32m[K%ld[m[K
[2.956s] In file included from [01m[K/opt/ros/humble/include/rclcpp/rclcpp/logging.hpp:24[m[K,
[2.956s]                  from [01m[K/opt/ros/humble/include/rclcpp/rclcpp/client.hpp:40[m[K,
[2.956s]                  from [01m[K/opt/ros/humble/include/rclcpp/rclcpp/callback_group.hpp:24[m[K,
[2.956s]                  from [01m[K/opt/ros/humble/include/rclcpp/rclcpp/any_executable.hpp:20[m[K,
[2.956s]                  from [01m[K/opt/ros/humble/include/rclcpp/rclcpp/memory_strategy.hpp:25[m[K,
[2.956s]                  from [01m[K/opt/ros/humble/include/rclcpp/rclcpp/memory_strategies.hpp:18[m[K,
[2.956s]                  from [01m[K/opt/ros/humble/include/rclcpp/rclcpp/executor_options.hpp:20[m[K,
[2.956s]                  from [01m[K/opt/ros/humble/include/rclcpp/rclcpp/executor.hpp:37[m[K,
[2.956s]                  from [01m[K/opt/ros/humble/include/rclcpp/rclcpp/executors/multi_threaded_executor.hpp:25[m[K,
[2.957s]                  from [01m[K/opt/ros/humble/include/rclcpp/rclcpp/executors.hpp:21[m[K,
[2.957s]                  from [01m[K/opt/ros/humble/include/rclcpp/rclcpp/rclcpp.hpp:155[m[K,
[2.957s]                  from [01m[K/root/AgricSense-VLA/jackal_ws/src/jackal_robot/include/jackal_hardware/jackal_hardware_interface.hpp:40[m[K,
[2.957s]                  from [01m[K/root/AgricSense-VLA/jackal_ws/src/jackal_robot/include/jackal_hardware/jackal_hardware.hpp:50[m[K,
[2.957s]                  from [01m[K/root/AgricSense-VLA/jackal_ws/src/jackal_robot/src/jackal_hardware.cpp:35[m[K:
[2.957s] [01m[K/root/AgricSense-VLA/jackal_ws/src/jackal_robot/src/jackal_hardware.cpp:155:9:[m[K [01;35m[Kwarning: [m[Kformat ‘[01m[K%s[m[K’ expects a matching ‘[01m[Kchar*[m[K’ argument [[01;35m[K-Wformat=[m[K]
[2.957s]   155 |         [01;35m[K"Joint '%s' have '%s' as first state interface. '%s' and '%s' expected."[m[K,
[2.957s]       |         [01;35m[K^~~~~~~~~~~~~~~~~~~~~~~~~~~~~~~~~~~~~~~~~~~~~~~~~~~~~~~~~~~~~~~~~~~~~~~~[m[K
[2.957s] [01m[K/root/AgricSense-VLA/jackal_ws/src/jackal_robot/src/jackal_hardware.cpp:155:68:[m[K [01;36m[Knote: [m[Kformat string is defined here
[2.957s]   155 |         "Joint '%s' have '%s' as first state interface. '%s' and '[01;36m[K%s[m[K' expected.",
[2.957s]       |                                                                   [01;36m[K~^[m[K
[2.957s]       |                                                                    [01;36m[K|[m[K
[2.957s]       |                                                                    [01;36m[Kchar*[m[K
[6.851s] [100%] [32m[1mLinking CXX shared library libjackal_hardware.so[0m
[7.246s] [100%] Built target jackal_hardware
[7.263s] Invoked command in '/root/AgricSense-VLA/jackal_ws/build/jackal_robot' returned '0': CMAKE_PREFIX_PATH=/root/AgricSense-VLA/jackal_ws/install/jackal_control:/root/AgricSense-VLA/jackal_ws/install/jackal_description:/root/AgricSense-VLA/jackal_ws/install/jackal_msgs:/root/AgricSense-VLA/jackal_ws/install/interactive_marker_twist_server:/root/AgricSense-VLA/jackal_ws/install/gazebo_ros2_control:/root/AgricSense-VLA/jackal_ws/install/jackal_robot:/root/AgricSense-VLA/jackal_ws/install/wireless_msgs:/root/AgricSense-VLA/jackal_ws/install/micro_ros_setup:/root/AgricSense-VLA/jackal_ws/install/micro_ros_agent:/root/AgricSense-VLA/jackal_ws/install/micro_ros_msgs:/root/AgricSense-VLA/jackal_ws/install/jackal_simulator:/root/AgricSense-VLA/jackal_ws/install/jackal_gazebo:/root/AgricSense-VLA/jackal_ws/install/jackal_desktop:/root/AgricSense-VLA/jackal_ws/install/jackal_viz:/root/AgricSense-VLA/jackal_ws/install/jackal_navigation:/root/AgricSense-VLA/jackal_ws/install/gazebo_ros2_control_demos:/root/AgricSense-VLA/jackal_ws/install/wireless_watcher:/root/AgricSense-VLA/jackal_ws/install/sensor_tools:/opt/ros/humble LD_LIBRARY_PATH=/root/AgricSense-VLA/jackal_ws/install/jackal_msgs/lib:/root/AgricSense-VLA/jackal_ws/install/gazebo_ros2_control/lib:/root/AgricSense-VLA/jackal_ws/install/jackal_robot/lib:/root/AgricSense-VLA/jackal_ws/install/wireless_msgs/lib:/root/AgricSense-VLA/jackal_ws/install/micro_ros_agent/lib:/root/AgricSense-VLA/jackal_ws/install/micro_ros_msgs/lib:/usr/lib/x86_64-linux-gnu/gazebo-11/plugins:/opt/ros/humble/opt/rviz_ogre_vendor/lib:/opt/ros/humble/lib/x86_64-linux-gnu:/opt/ros/humble/lib /usr/bin/cmake --build /root/AgricSense-VLA/jackal_ws/build/jackal_robot -- -j20 -l20
[7.267s] Invoking command in '/root/AgricSense-VLA/jackal_ws/build/jackal_robot': CMAKE_PREFIX_PATH=/root/AgricSense-VLA/jackal_ws/install/jackal_control:/root/AgricSense-VLA/jackal_ws/install/jackal_description:/root/AgricSense-VLA/jackal_ws/install/jackal_msgs:/root/AgricSense-VLA/jackal_ws/install/interactive_marker_twist_server:/root/AgricSense-VLA/jackal_ws/install/gazebo_ros2_control:/root/AgricSense-VLA/jackal_ws/install/jackal_robot:/root/AgricSense-VLA/jackal_ws/install/wireless_msgs:/root/AgricSense-VLA/jackal_ws/install/micro_ros_setup:/root/AgricSense-VLA/jackal_ws/install/micro_ros_agent:/root/AgricSense-VLA/jackal_ws/install/micro_ros_msgs:/root/AgricSense-VLA/jackal_ws/install/jackal_simulator:/root/AgricSense-VLA/jackal_ws/install/jackal_gazebo:/root/AgricSense-VLA/jackal_ws/install/jackal_desktop:/root/AgricSense-VLA/jackal_ws/install/jackal_viz:/root/AgricSense-VLA/jackal_ws/install/jackal_navigation:/root/AgricSense-VLA/jackal_ws/install/gazebo_ros2_control_demos:/root/AgricSense-VLA/jackal_ws/install/wireless_watcher:/root/AgricSense-VLA/jackal_ws/install/sensor_tools:/opt/ros/humble LD_LIBRARY_PATH=/root/AgricSense-VLA/jackal_ws/install/jackal_msgs/lib:/root/AgricSense-VLA/jackal_ws/install/gazebo_ros2_control/lib:/root/AgricSense-VLA/jackal_ws/install/jackal_robot/lib:/root/AgricSense-VLA/jackal_ws/install/wireless_msgs/lib:/root/AgricSense-VLA/jackal_ws/install/micro_ros_agent/lib:/root/AgricSense-VLA/jackal_ws/install/micro_ros_msgs/lib:/usr/lib/x86_64-linux-gnu/gazebo-11/plugins:/opt/ros/humble/opt/rviz_ogre_vendor/lib:/opt/ros/humble/lib/x86_64-linux-gnu:/opt/ros/humble/lib /usr/bin/cmake --install /root/AgricSense-VLA/jackal_ws/build/jackal_robot
[7.279s] -- Install configuration: ""
[7.280s] -- Execute custom install script
[7.280s] -- Symlinking: /root/AgricSense-VLA/jackal_ws/install/jackal_robot/share/jackal_robot//jackal_hardware.xml
[7.292s] -- Symlinking: /root/AgricSense-VLA/jackal_ws/install/jackal_robot/share/jackal_robot/environment/pythonpath.sh
[7.307s] -- Symlinking: /root/AgricSense-VLA/jackal_ws/install/jackal_robot/share/jackal_robot/environment/pythonpath.dsv
[7.323s] -- Symlinking: /root/AgricSense-VLA/jackal_ws/install/jackal_robot/local/lib/python3.10/dist-packages/jackal_robot-1.0.1-py3.10.egg-info/PKG-INFO
[7.338s] -- Symlinking: /root/AgricSense-VLA/jackal_ws/install/jackal_robot/local/lib/python3.10/dist-packages/jackal_robot-1.0.1-py3.10.egg-info/SOURCES.txt
[7.351s] -- Symlinking: /root/AgricSense-VLA/jackal_ws/install/jackal_robot/local/lib/python3.10/dist-packages/jackal_robot-1.0.1-py3.10.egg-info/dependency_links.txt
[7.363s] -- Symlinking: /root/AgricSense-VLA/jackal_ws/install/jackal_robot/local/lib/python3.10/dist-packages/jackal_robot-1.0.1-py3.10.egg-info/top_level.txt
[7.374s] -- Symlinking: /root/AgricSense-VLA/jackal_ws/install/jackal_robot/local/lib/python3.10/dist-packages/jackal_robot/__init__.py
[7.386s] -- Symlinking: /root/AgricSense-VLA/jackal_ws/install/jackal_robot/local/lib/python3.10/dist-packages/jackal_robot/diagnostics_updater
[7.400s] -- Symlinking: /root/AgricSense-VLA/jackal_ws/install/jackal_robot/lib/libjackal_hardware.so
[7.416s] -- Symlinking: /root/AgricSense-VLA/jackal_ws/install/jackal_robot/include/jackal_hardware/jackal_hardware.hpp
[7.428s] -- Symlinking: /root/AgricSense-VLA/jackal_ws/install/jackal_robot/include/jackal_hardware/jackal_hardware_interface.hpp
[7.436s] -- Symlinking: /root/AgricSense-VLA/jackal_ws/install/jackal_robot/share/jackal_robot/launch/accessories.launch.py
[7.446s] -- Symlinking: /root/AgricSense-VLA/jackal_ws/install/jackal_robot/share/jackal_robot/launch/bringup.launch.py
[7.456s] -- Symlinking: /root/AgricSense-VLA/jackal_ws/install/jackal_robot/share/jackal_robot/launch/diagnostics.launch.py
[7.468s] -- Symlinking: /root/AgricSense-VLA/jackal_ws/install/jackal_robot/share/jackal_robot/config/diagnostics.yaml
[7.481s] -- Symlinking: /root/AgricSense-VLA/jackal_ws/install/jackal_robot/lib/jackal_robot/install
[7.501s] -- Symlinking: /root/AgricSense-VLA/jackal_ws/install/jackal_robot/lib/jackal_robot/uninstall
[7.523s] -- Symlinking: /root/AgricSense-VLA/jackal_ws/install/jackal_robot/lib/jackal_robot/diagnostics_updater
[7.539s] -- Symlinking: /root/AgricSense-VLA/jackal_ws/install/jackal_robot/share/jackal_robot/environment/library_path.sh
[7.556s] -- Symlinking: /root/AgricSense-VLA/jackal_ws/install/jackal_robot/share/jackal_robot/environment/library_path.dsv
[7.574s] -- Symlinking: /root/AgricSense-VLA/jackal_ws/install/jackal_robot/share/ament_index/resource_index/package_run_dependencies/jackal_robot
[7.589s] -- Symlinking: /root/AgricSense-VLA/jackal_ws/install/jackal_robot/share/ament_index/resource_index/parent_prefix_path/jackal_robot
[7.599s] -- Symlinking: /root/AgricSense-VLA/jackal_ws/install/jackal_robot/share/jackal_robot/environment/ament_prefix_path.sh
[7.612s] -- Symlinking: /root/AgricSense-VLA/jackal_ws/install/jackal_robot/share/jackal_robot/environment/ament_prefix_path.dsv
[7.624s] -- Symlinking: /root/AgricSense-VLA/jackal_ws/install/jackal_robot/share/jackal_robot/environment/path.sh
[7.642s] -- Symlinking: /root/AgricSense-VLA/jackal_ws/install/jackal_robot/share/jackal_robot/environment/path.dsv
[7.662s] -- Symlinking: /root/AgricSense-VLA/jackal_ws/install/jackal_robot/share/jackal_robot/local_setup.bash
[7.678s] -- Symlinking: /root/AgricSense-VLA/jackal_ws/install/jackal_robot/share/jackal_robot/local_setup.sh
[7.697s] -- Symlinking: /root/AgricSense-VLA/jackal_ws/install/jackal_robot/share/jackal_robot/local_setup.zsh
[7.717s] -- Symlinking: /root/AgricSense-VLA/jackal_ws/install/jackal_robot/share/jackal_robot/local_setup.dsv
[7.730s] -- Symlinking: /root/AgricSense-VLA/jackal_ws/install/jackal_robot/share/jackal_robot/package.dsv
[7.743s] -- Symlinking: /root/AgricSense-VLA/jackal_ws/install/jackal_robot/share/ament_index/resource_index/packages/jackal_robot
[7.754s] -- Symlinking: /root/AgricSense-VLA/jackal_ws/install/jackal_robot/share/ament_index/resource_index/hardware_interface__pluginlib__plugin/jackal_robot
[7.767s] -- Symlinking: /root/AgricSense-VLA/jackal_ws/install/jackal_robot/share/jackal_robot/cmake/ament_cmake_export_include_directories-extras.cmake
[7.782s] -- Symlinking: /root/AgricSense-VLA/jackal_ws/install/jackal_robot/share/jackal_robot/cmake/ament_cmake_export_libraries-extras.cmake
[7.797s] -- Symlinking: /root/AgricSense-VLA/jackal_ws/install/jackal_robot/share/jackal_robot/cmake/ament_cmake_export_dependencies-extras.cmake
[7.811s] -- Symlinking: /root/AgricSense-VLA/jackal_ws/install/jackal_robot/share/jackal_robot/cmake/jackal_robotConfig.cmake
[7.823s] -- Symlinking: /root/AgricSense-VLA/jackal_ws/install/jackal_robot/share/jackal_robot/cmake/jackal_robotConfig-version.cmake
[7.831s] -- Symlinking: /root/AgricSense-VLA/jackal_ws/install/jackal_robot/share/jackal_robot/package.xml
[7.886s] Listing '/root/AgricSense-VLA/jackal_ws/install/jackal_robot/local/lib/python3.10/dist-packages/jackal_robot'...
[7.886s] Compiling '/root/AgricSense-VLA/jackal_ws/install/jackal_robot/local/lib/python3.10/dist-packages/jackal_robot/__init__.py'...
[7.892s] Invoked command in '/root/AgricSense-VLA/jackal_ws/build/jackal_robot' returned '0': CMAKE_PREFIX_PATH=/root/AgricSense-VLA/jackal_ws/install/jackal_control:/root/AgricSense-VLA/jackal_ws/install/jackal_description:/root/AgricSense-VLA/jackal_ws/install/jackal_msgs:/root/AgricSense-VLA/jackal_ws/install/interactive_marker_twist_server:/root/AgricSense-VLA/jackal_ws/install/gazebo_ros2_control:/root/AgricSense-VLA/jackal_ws/install/jackal_robot:/root/AgricSense-VLA/jackal_ws/install/wireless_msgs:/root/AgricSense-VLA/jackal_ws/install/micro_ros_setup:/root/AgricSense-VLA/jackal_ws/install/micro_ros_agent:/root/AgricSense-VLA/jackal_ws/install/micro_ros_msgs:/root/AgricSense-VLA/jackal_ws/install/jackal_simulator:/root/AgricSense-VLA/jackal_ws/install/jackal_gazebo:/root/AgricSense-VLA/jackal_ws/install/jackal_desktop:/root/AgricSense-VLA/jackal_ws/install/jackal_viz:/root/AgricSense-VLA/jackal_ws/install/jackal_navigation:/root/AgricSense-VLA/jackal_ws/install/gazebo_ros2_control_demos:/root/AgricSense-VLA/jackal_ws/install/wireless_watcher:/root/AgricSense-VLA/jackal_ws/install/sensor_tools:/opt/ros/humble LD_LIBRARY_PATH=/root/AgricSense-VLA/jackal_ws/install/jackal_msgs/lib:/root/AgricSense-VLA/jackal_ws/install/gazebo_ros2_control/lib:/root/AgricSense-VLA/jackal_ws/install/jackal_robot/lib:/root/AgricSense-VLA/jackal_ws/install/wireless_msgs/lib:/root/AgricSense-VLA/jackal_ws/install/micro_ros_agent/lib:/root/AgricSense-VLA/jackal_ws/install/micro_ros_msgs/lib:/usr/lib/x86_64-linux-gnu/gazebo-11/plugins:/opt/ros/humble/opt/rviz_ogre_vendor/lib:/opt/ros/humble/lib/x86_64-linux-gnu:/opt/ros/humble/lib /usr/bin/cmake --install /root/AgricSense-VLA/jackal_ws/build/jackal_robot
