[0.026s] Invoking command in '/root/AgricSense-VLA/jackal_ws/build/jackal_navigation': CMAKE_PREFIX_PATH=${CMAKE_PREFIX_PATH}:/root/AgricSense-VLA/jackal_ws/install/wireless_watcher:/root/AgricSense-VLA/jackal_ws/install/sensor_tools:/opt/ros/humble /usr/bin/cmake /root/AgricSense-VLA/jackal_ws/src/jackal/jackal_navigation -DAMENT_CMAKE_SYMLINK_INSTALL=1 -DCMAKE_INSTALL_PREFIX=/root/AgricSense-VLA/jackal_ws/install/jackal_navigation
[0.147s] -- The C compiler identification is GNU 11.4.0
[0.229s] -- The CXX compiler identification is GNU 11.4.0
[0.237s] -- Detecting C compiler ABI info
[0.298s] -- Detecting C compiler ABI info - done
[0.303s] -- Check for working C compiler: /usr/bin/cc - skipped
[0.304s] -- Detecting C compile features
[0.304s] -- Detecting C compile features - done
[0.306s] -- Detecting CXX compiler ABI info
[0.367s] -- Detecting CXX compiler ABI info - done
[0.372s] -- Check for working CXX compiler: /usr/bin/c++ - skipped
[0.373s] -- Detecting CXX compile features
[0.373s] -- Detecting CXX compile features - done
[0.380s] -- Found ament_cmake: 1.3.11 (/opt/ros/humble/share/ament_cmake/cmake)
[0.501s] -- Found Python3: /usr/bin/python3 (found version "3.10.12") found components: Interpreter 
[0.553s] -- Override CMake install command with custom implementation using symlinks instead of copying resources
[0.592s] -- Found nav2_bringup: 1.1.18 (/opt/ros/humble/share/nav2_bringup/cmake)
[0.594s] -- Found slam_toolbox: 2.6.9 (/opt/ros/humble/share/slam_toolbox/cmake)
[0.633s] -- Found rosidl_generator_c: 3.1.6 (/opt/ros/humble/share/rosidl_generator_c/cmake)
[0.639s] -- Found rosidl_adapter: 3.1.6 (/opt/ros/humble/share/rosidl_adapter/cmake)
[0.648s] -- Found rosidl_generator_cpp: 3.1.6 (/opt/ros/humble/share/rosidl_generator_cpp/cmake)
[0.662s] -- Using all available rosidl_typesupport_c: rosidl_typesupport_fastrtps_c;rosidl_typesupport_introspection_c
[0.678s] -- Using all available rosidl_typesupport_cpp: rosidl_typesupport_fastrtps_cpp;rosidl_typesupport_introspection_cpp
[0.812s] -- Found rmw_implementation_cmake: 6.1.2 (/opt/ros/humble/share/rmw_implementation_cmake/cmake)
[0.814s] -- Found rmw_fastrtps_cpp: 6.2.7 (/opt/ros/humble/share/rmw_fastrtps_cpp/cmake)
[0.891s] -- Found OpenSSL: /usr/lib/x86_64-linux-gnu/libcrypto.so (found version "3.0.2")  
[0.913s] -- Found FastRTPS: /opt/ros/humble/include  
[0.950s] -- Using RMW implementation 'rmw_fastrtps_cpp' as default
[0.958s] -- Looking for pthread.h
[1.026s] -- Looking for pthread.h - found
[1.026s] -- Performing Test CMAKE_HAVE_LIBC_PTHREAD
[1.090s] -- Performing Test CMAKE_HAVE_LIBC_PTHREAD - Success
[1.091s] -- Found Threads: TRUE  
[1.266s] -- Found eigen3_cmake_module: 0.1.1 (/opt/ros/humble/share/eigen3_cmake_module/cmake)
[1.267s] -- Found Eigen3: TRUE (found version "3.4.0") 
[1.267s] -- Ensuring Eigen3 include directory is part of orocos-kdl CMake target
[1.318s] -- Setting assimp_DIR to: '/opt/ros/humble/share/rviz_assimp_vendor/cmake/../../../opt/rviz_assimp_vendor/lib/cmake/assimp-4.1'
[1.326s] -- Setting OGRE_DIR to: '/opt/ros/humble/share/rviz_ogre_vendor/cmake/../../../opt/rviz_ogre_vendor/lib/OGRE/cmake'
[1.327s] -- Found OGRE
[1.328s] --   static     : OFF
[1.328s] --   components : HLMS;MeshLodGenerator;Overlay;Paging;Property;RTShaderSystem;Terrain;Volume
[1.328s] --   plugins    : Plugin_BSPSceneManager;Plugin_OctreeSceneManager;Plugin_PCZSceneManager;Plugin_ParticleFX;RenderSystem_GL;RenderSystem_GL3Plus;Codec_STBI
[1.328s] --   media      : /opt/ros/humble/opt/rviz_ogre_vendor/share/OGRE/Media
[1.328s] -- OGRE_LIBRARIES: OgreHLMS;OgreMeshLodGenerator;OgreOverlay;OgrePaging;OgreProperty;OgreRTShaderSystem;OgreTerrain;OgreVolume;OgreMain
[1.328s] -- OGRE_LIBRARY_DIRS: /opt/ros/humble/opt/rviz_ogre_vendor/lib
[1.328s] -- OGRE_PLUGINS: Plugin_BSPSceneManager;Plugin_OctreeSceneManager;Plugin_PCZSceneManager;Plugin_ParticleFX;RenderSystem_GL;RenderSystem_GL3Plus;Codec_STBI
[1.328s] -- OGRE_PLUGIN_DIR: /opt/ros/humble/opt/rviz_ogre_vendor/lib/OGRE
[1.328s] -- rviz_ogre_vendor::OgreOverlay for IMPORTED_LOCATION_RELEASE: /opt/ros/humble/opt/rviz_ogre_vendor/lib/libOgreOverlay.so
[1.328s] -- rviz_ogre_vendor::OgreOverlay for IMPORTED_LOCATION_DEBUG: /opt/ros/humble/opt/rviz_ogre_vendor/lib/libOgreOverlay.so
[1.328s] -- rviz_ogre_vendor::OgreMain for IMPORTED_LOCATION_RELEASE: /opt/ros/humble/opt/rviz_ogre_vendor/lib/libOgreMain.so
[1.329s] -- rviz_ogre_vendor::OgreMain for IMPORTED_LOCATION_DEBUG: /opt/ros/humble/opt/rviz_ogre_vendor/lib/libOgreMain.so
[1.343s] -- Found ZLIB: /usr/lib/x86_64-linux-gnu/libz.so (found version "1.2.11") 
[1.347s] -- Found OpenGL: /usr/lib/x86_64-linux-gnu/libOpenGL.so   
[1.433s] -- Found X11: /usr/include   
[1.434s] -- Looking for XOpenDisplay in /usr/lib/x86_64-linux-gnu/libX11.so;/usr/lib/x86_64-linux-gnu/libXext.so
[1.494s] -- Looking for XOpenDisplay in /usr/lib/x86_64-linux-gnu/libX11.so;/usr/lib/x86_64-linux-gnu/libXext.so - found
[1.494s] -- Looking for gethostbyname
[1.557s] -- Looking for gethostbyname - found
[1.557s] -- Looking for connect
[1.624s] -- Looking for connect - found
[1.624s] -- Looking for remove
[1.693s] -- Looking for remove - found
[1.693s] -- Looking for shmat
[1.758s] -- Looking for shmat - found
[1.758s] -- Looking for IceConnectionNumber in ICE
[1.824s] -- Looking for IceConnectionNumber in ICE - found
[1.909s] -- library: /usr/lib/x86_64-linux-gnu/libcurl.so
[2.013s] -- Found ament_lint_auto: 0.12.12 (/opt/ros/humble/share/ament_lint_auto/cmake)
[2.078s] -- Added test 'copyright' to check source files copyright and LICENSE
[2.080s] -- Added test 'flake8' to check Python code syntax and style conventions
[2.081s] -- Added test 'lint_cmake' to check CMake code style
[2.081s] -- Added test 'pep257' to check Python code against some of the docstring style conventions in PEP 257
[2.082s] -- Added test 'xmllint' to check XML markup files
[2.084s] -- Configuring done
[2.088s] -- Generating done
[2.090s] -- Build files have been written to: /root/AgricSense-VLA/jackal_ws/build/jackal_navigation
[2.098s] Invoked command in '/root/AgricSense-VLA/jackal_ws/build/jackal_navigation' returned '0': CMAKE_PREFIX_PATH=${CMAKE_PREFIX_PATH}:/root/AgricSense-VLA/jackal_ws/install/wireless_watcher:/root/AgricSense-VLA/jackal_ws/install/sensor_tools:/opt/ros/humble /usr/bin/cmake /root/AgricSense-VLA/jackal_ws/src/jackal/jackal_navigation -DAMENT_CMAKE_SYMLINK_INSTALL=1 -DCMAKE_INSTALL_PREFIX=/root/AgricSense-VLA/jackal_ws/install/jackal_navigation
[2.100s] Invoking command in '/root/AgricSense-VLA/jackal_ws/build/jackal_navigation': CMAKE_PREFIX_PATH=${CMAKE_PREFIX_PATH}:/root/AgricSense-VLA/jackal_ws/install/wireless_watcher:/root/AgricSense-VLA/jackal_ws/install/sensor_tools:/opt/ros/humble /usr/bin/cmake --build /root/AgricSense-VLA/jackal_ws/build/jackal_navigation -- -j20 -l20
[2.134s] Invoked command in '/root/AgricSense-VLA/jackal_ws/build/jackal_navigation' returned '0': CMAKE_PREFIX_PATH=${CMAKE_PREFIX_PATH}:/root/AgricSense-VLA/jackal_ws/install/wireless_watcher:/root/AgricSense-VLA/jackal_ws/install/sensor_tools:/opt/ros/humble /usr/bin/cmake --build /root/AgricSense-VLA/jackal_ws/build/jackal_navigation -- -j20 -l20
[2.145s] Invoking command in '/root/AgricSense-VLA/jackal_ws/build/jackal_navigation': CMAKE_PREFIX_PATH=${CMAKE_PREFIX_PATH}:/root/AgricSense-VLA/jackal_ws/install/wireless_watcher:/root/AgricSense-VLA/jackal_ws/install/sensor_tools:/opt/ros/humble /usr/bin/cmake --install /root/AgricSense-VLA/jackal_ws/build/jackal_navigation
[2.159s] -- Install configuration: ""
[2.159s] -- Execute custom install script
[2.159s] -- Symlinking: /root/AgricSense-VLA/jackal_ws/install/jackal_navigation/share/jackal_navigation/config/nav2.yaml
[2.163s] -- Symlinking: /root/AgricSense-VLA/jackal_ws/install/jackal_navigation/share/jackal_navigation/config/nav2_zed.yaml
[2.169s] -- Symlinking: /root/AgricSense-VLA/jackal_ws/install/jackal_navigation/share/jackal_navigation/config/slam.yaml
[2.176s] -- Symlinking: /root/AgricSense-VLA/jackal_ws/install/jackal_navigation/share/jackal_navigation/config/slam_zed.yaml
[2.186s] -- Symlinking: /root/AgricSense-VLA/jackal_ws/install/jackal_navigation/share/jackal_navigation/launch/localization.launch.py
[2.195s] -- Symlinking: /root/AgricSense-VLA/jackal_ws/install/jackal_navigation/share/jackal_navigation/launch/localization_zed.launch.py
[2.206s] -- Symlinking: /root/AgricSense-VLA/jackal_ws/install/jackal_navigation/share/jackal_navigation/launch/nav2.launch.py
[2.216s] -- Symlinking: /root/AgricSense-VLA/jackal_ws/install/jackal_navigation/share/jackal_navigation/launch/nav2_zed.launch.py
[2.223s] -- Symlinking: /root/AgricSense-VLA/jackal_ws/install/jackal_navigation/share/jackal_navigation/launch/slam.launch.py
[2.229s] -- Symlinking: /root/AgricSense-VLA/jackal_ws/install/jackal_navigation/share/jackal_navigation/launch/slam_zed.launch.py
[2.236s] -- Symlinking: /root/AgricSense-VLA/jackal_ws/install/jackal_navigation/share/jackal_navigation/maps/office.pgm
[2.242s] -- Symlinking: /root/AgricSense-VLA/jackal_ws/install/jackal_navigation/share/jackal_navigation/maps/office.yaml
[2.250s] -- Symlinking: /root/AgricSense-VLA/jackal_ws/install/jackal_navigation/share/jackal_navigation/maps/tomato (copy).pgm
[2.259s] -- Symlinking: /root/AgricSense-VLA/jackal_ws/install/jackal_navigation/share/jackal_navigation/maps/tomato.pgm
[2.268s] -- Symlinking: /root/AgricSense-VLA/jackal_ws/install/jackal_navigation/share/jackal_navigation/maps/tomato.yaml
[2.277s] -- Symlinking: /root/AgricSense-VLA/jackal_ws/install/jackal_navigation/share/ament_index/resource_index/package_run_dependencies/jackal_navigation
[2.287s] -- Symlinking: /root/AgricSense-VLA/jackal_ws/install/jackal_navigation/share/ament_index/resource_index/parent_prefix_path/jackal_navigation
[2.296s] -- Symlinking: /root/AgricSense-VLA/jackal_ws/install/jackal_navigation/share/jackal_navigation/environment/ament_prefix_path.sh
[2.306s] -- Symlinking: /root/AgricSense-VLA/jackal_ws/install/jackal_navigation/share/jackal_navigation/environment/ament_prefix_path.dsv
[2.311s] -- Symlinking: /root/AgricSense-VLA/jackal_ws/install/jackal_navigation/share/jackal_navigation/environment/path.sh
[2.321s] -- Symlinking: /root/AgricSense-VLA/jackal_ws/install/jackal_navigation/share/jackal_navigation/environment/path.dsv
[2.331s] -- Symlinking: /root/AgricSense-VLA/jackal_ws/install/jackal_navigation/share/jackal_navigation/local_setup.bash
[2.340s] -- Symlinking: /root/AgricSense-VLA/jackal_ws/install/jackal_navigation/share/jackal_navigation/local_setup.sh
[2.350s] -- Symlinking: /root/AgricSense-VLA/jackal_ws/install/jackal_navigation/share/jackal_navigation/local_setup.zsh
[2.360s] -- Symlinking: /root/AgricSense-VLA/jackal_ws/install/jackal_navigation/share/jackal_navigation/local_setup.dsv
[2.367s] -- Symlinking: /root/AgricSense-VLA/jackal_ws/install/jackal_navigation/share/jackal_navigation/package.dsv
[2.377s] -- Symlinking: /root/AgricSense-VLA/jackal_ws/install/jackal_navigation/share/ament_index/resource_index/packages/jackal_navigation
[2.382s] -- Symlinking: /root/AgricSense-VLA/jackal_ws/install/jackal_navigation/share/jackal_navigation/cmake/jackal_navigationConfig.cmake
[2.391s] -- Symlinking: /root/AgricSense-VLA/jackal_ws/install/jackal_navigation/share/jackal_navigation/cmake/jackal_navigationConfig-version.cmake
[2.401s] -- Symlinking: /root/AgricSense-VLA/jackal_ws/install/jackal_navigation/share/jackal_navigation/package.xml
[2.413s] Invoked command in '/root/AgricSense-VLA/jackal_ws/build/jackal_navigation' returned '0': CMAKE_PREFIX_PATH=${CMAKE_PREFIX_PATH}:/root/AgricSense-VLA/jackal_ws/install/wireless_watcher:/root/AgricSense-VLA/jackal_ws/install/sensor_tools:/opt/ros/humble /usr/bin/cmake --install /root/AgricSense-VLA/jackal_ws/build/jackal_navigation
