[0.029s] Invoking command in '/root/AgricSense-VLA/jackal_ws/build/interactive_marker_twist_server': CMAKE_PREFIX_PATH=${CMAKE_PREFIX_PATH}:/root/AgricSense-VLA/jackal_ws/install/wireless_watcher:/root/AgricSense-VLA/jackal_ws/install/sensor_tools:/opt/ros/humble /usr/bin/cmake /root/AgricSense-VLA/jackal_ws/src/interactive_marker_twist_server -DAMENT_CMAKE_SYMLINK_INSTALL=1 -DCMAKE_INSTALL_PREFIX=/root/AgricSense-VLA/jackal_ws/install/interactive_marker_twist_server
[0.153s] -- The C compiler identification is GNU 11.4.0
[0.236s] -- The CXX compiler identification is GNU 11.4.0
[0.243s] -- Detecting C compiler ABI info
[0.305s] -- Detecting C compiler ABI info - done
[0.314s] -- Check for working C compiler: /usr/bin/cc - skipped
[0.315s] -- Detecting C compile features
[0.315s] -- Detecting C compile features - done
[0.319s] -- Detecting CXX compiler ABI info
[0.386s] -- Detecting CXX compiler ABI info - done
[0.391s] -- Check for working CXX compiler: /usr/bin/c++ - skipped
[0.391s] -- Detecting CXX compile features
[0.392s] -- Detecting CXX compile features - done
[0.394s] -- Found ament_cmake: 1.3.11 (/opt/ros/humble/share/ament_cmake/cmake)
[0.507s] -- Found Python3: /usr/bin/python3 (found version "3.10.12") found components: Interpreter 
[0.559s] -- Override CMake install command with custom implementation using symlinks instead of copying resources
[0.601s] -- Found geometry_msgs: 4.2.4 (/opt/ros/humble/share/geometry_msgs/cmake)
[0.639s] -- Found rosidl_generator_c: 3.1.6 (/opt/ros/humble/share/rosidl_generator_c/cmake)
[0.645s] -- Found rosidl_adapter: 3.1.6 (/opt/ros/humble/share/rosidl_adapter/cmake)
[0.654s] -- Found rosidl_generator_cpp: 3.1.6 (/opt/ros/humble/share/rosidl_generator_cpp/cmake)
[0.667s] -- Using all available rosidl_typesupport_c: rosidl_typesupport_fastrtps_c;rosidl_typesupport_introspection_c
[0.684s] -- Using all available rosidl_typesupport_cpp: rosidl_typesupport_fastrtps_cpp;rosidl_typesupport_introspection_cpp
[0.728s] -- Found interactive_markers: 2.3.2 (/opt/ros/humble/share/interactive_markers/cmake)
[0.773s] -- Found rmw_implementation_cmake: 6.1.2 (/opt/ros/humble/share/rmw_implementation_cmake/cmake)
[0.776s] -- Found rmw_fastrtps_cpp: 6.2.7 (/opt/ros/humble/share/rmw_fastrtps_cpp/cmake)
[0.876s] -- Found OpenSSL: /usr/lib/x86_64-linux-gnu/libcrypto.so (found version "3.0.2")  
[0.906s] -- Found FastRTPS: /opt/ros/humble/include  
[0.951s] -- Using RMW implementation 'rmw_fastrtps_cpp' as default
[0.961s] -- Looking for pthread.h
[1.038s] -- Looking for pthread.h - found
[1.038s] -- Performing Test CMAKE_HAVE_LIBC_PTHREAD
[1.096s] -- Performing Test CMAKE_HAVE_LIBC_PTHREAD - Success
[1.097s] -- Found Threads: TRUE  
[1.187s] -- Found tf2_ros: 0.25.12 (/opt/ros/humble/share/tf2_ros/cmake)
[1.254s] -- Found tf2_geometry_msgs: 0.25.12 (/opt/ros/humble/share/tf2_geometry_msgs/cmake)
[1.269s] -- Found eigen3_cmake_module: 0.1.1 (/opt/ros/humble/share/eigen3_cmake_module/cmake)
[1.270s] -- Found Eigen3: TRUE (found version "3.4.0") 
[1.270s] -- Ensuring Eigen3 include directory is part of orocos-kdl CMake target
[1.275s] -- Found ament_lint_auto: 0.12.12 (/opt/ros/humble/share/ament_lint_auto/cmake)
[1.355s] -- Added test 'copyright' to check source files copyright and LICENSE
[1.356s] -- Added test 'cppcheck' to perform static code analysis on C / C++ code
[1.356s] -- Configured cppcheck include dirs: 
[1.357s] -- Configured cppcheck exclude dirs and/or files: 
[1.358s] -- Added test 'cpplint' to check C / C++ code against the Google style
[1.358s] -- Configured cpplint exclude dirs and/or files: 
[1.358s] -- Added test 'flake8' to check Python code syntax and style conventions
[1.359s] -- Added test 'lint_cmake' to check CMake code style
[1.359s] -- Added test 'pep257' to check Python code against some of the docstring style conventions in PEP 257
[1.360s] -- Added test 'uncrustify' to check C / C++ code style
[1.361s] -- Configured uncrustify additional arguments: 
[1.361s] -- Added test 'xmllint' to check XML markup files
[1.363s] -- Configuring done
[1.380s] -- Generating done
[1.383s] -- Build files have been written to: /root/AgricSense-VLA/jackal_ws/build/interactive_marker_twist_server
[1.390s] Invoked command in '/root/AgricSense-VLA/jackal_ws/build/interactive_marker_twist_server' returned '0': CMAKE_PREFIX_PATH=${CMAKE_PREFIX_PATH}:/root/AgricSense-VLA/jackal_ws/install/wireless_watcher:/root/AgricSense-VLA/jackal_ws/install/sensor_tools:/opt/ros/humble /usr/bin/cmake /root/AgricSense-VLA/jackal_ws/src/interactive_marker_twist_server -DAMENT_CMAKE_SYMLINK_INSTALL=1 -DCMAKE_INSTALL_PREFIX=/root/AgricSense-VLA/jackal_ws/install/interactive_marker_twist_server
[1.392s] Invoking command in '/root/AgricSense-VLA/jackal_ws/build/interactive_marker_twist_server': CMAKE_PREFIX_PATH=${CMAKE_PREFIX_PATH}:/root/AgricSense-VLA/jackal_ws/install/wireless_watcher:/root/AgricSense-VLA/jackal_ws/install/sensor_tools:/opt/ros/humble /usr/bin/cmake --build /root/AgricSense-VLA/jackal_ws/build/interactive_marker_twist_server -- -j20 -l20
[1.443s] [ 50%] [32mBuilding CXX object CMakeFiles/interactive_marker_twist_server.dir/src/marker_server.cpp.o[0m
[5.480s] [100%] [32m[1mLinking CXX executable marker_server[0m
[5.668s] [100%] Built target interactive_marker_twist_server
[5.680s] Invoked command in '/root/AgricSense-VLA/jackal_ws/build/interactive_marker_twist_server' returned '0': CMAKE_PREFIX_PATH=${CMAKE_PREFIX_PATH}:/root/AgricSense-VLA/jackal_ws/install/wireless_watcher:/root/AgricSense-VLA/jackal_ws/install/sensor_tools:/opt/ros/humble /usr/bin/cmake --build /root/AgricSense-VLA/jackal_ws/build/interactive_marker_twist_server -- -j20 -l20
[5.681s] Invoking command in '/root/AgricSense-VLA/jackal_ws/build/interactive_marker_twist_server': CMAKE_PREFIX_PATH=${CMAKE_PREFIX_PATH}:/root/AgricSense-VLA/jackal_ws/install/wireless_watcher:/root/AgricSense-VLA/jackal_ws/install/sensor_tools:/opt/ros/humble /usr/bin/cmake --install /root/AgricSense-VLA/jackal_ws/build/interactive_marker_twist_server
[5.687s] -- Install configuration: ""
[5.687s] -- Execute custom install script
[5.687s] -- Symlinking: /root/AgricSense-VLA/jackal_ws/install/interactive_marker_twist_server/lib/interactive_marker_twist_server/marker_server
[5.693s] -- Symlinking: /root/AgricSense-VLA/jackal_ws/install/interactive_marker_twist_server/share/interactive_marker_twist_server//launch/interactive_markers.launch
[5.701s] -- Symlinking: /root/AgricSense-VLA/jackal_ws/install/interactive_marker_twist_server/share/interactive_marker_twist_server//launch/interactive_markers.launch.xml
[5.707s] -- Symlinking: /root/AgricSense-VLA/jackal_ws/install/interactive_marker_twist_server/share/interactive_marker_twist_server//launch/interactive_markers_launch.py
[5.714s] -- Symlinking: /root/AgricSense-VLA/jackal_ws/install/interactive_marker_twist_server/share/interactive_marker_twist_server//config/aerial.yaml
[5.723s] -- Symlinking: /root/AgricSense-VLA/jackal_ws/install/interactive_marker_twist_server/share/interactive_marker_twist_server//config/linear.yaml
[5.730s] -- Symlinking: /root/AgricSense-VLA/jackal_ws/install/interactive_marker_twist_server/share/interactive_marker_twist_server//config/planar.yaml
[5.737s] -- Symlinking: /root/AgricSense-VLA/jackal_ws/install/interactive_marker_twist_server/share/ament_index/resource_index/package_run_dependencies/interactive_marker_twist_server
[5.745s] -- Symlinking: /root/AgricSense-VLA/jackal_ws/install/interactive_marker_twist_server/share/ament_index/resource_index/parent_prefix_path/interactive_marker_twist_server
[5.754s] -- Symlinking: /root/AgricSense-VLA/jackal_ws/install/interactive_marker_twist_server/share/interactive_marker_twist_server/environment/ament_prefix_path.sh
[5.761s] -- Symlinking: /root/AgricSense-VLA/jackal_ws/install/interactive_marker_twist_server/share/interactive_marker_twist_server/environment/ament_prefix_path.dsv
[5.768s] -- Symlinking: /root/AgricSense-VLA/jackal_ws/install/interactive_marker_twist_server/share/interactive_marker_twist_server/environment/path.sh
[5.777s] -- Symlinking: /root/AgricSense-VLA/jackal_ws/install/interactive_marker_twist_server/share/interactive_marker_twist_server/environment/path.dsv
[5.785s] -- Symlinking: /root/AgricSense-VLA/jackal_ws/install/interactive_marker_twist_server/share/interactive_marker_twist_server/local_setup.bash
[5.791s] -- Symlinking: /root/AgricSense-VLA/jackal_ws/install/interactive_marker_twist_server/share/interactive_marker_twist_server/local_setup.sh
[5.800s] -- Symlinking: /root/AgricSense-VLA/jackal_ws/install/interactive_marker_twist_server/share/interactive_marker_twist_server/local_setup.zsh
[5.807s] -- Symlinking: /root/AgricSense-VLA/jackal_ws/install/interactive_marker_twist_server/share/interactive_marker_twist_server/local_setup.dsv
[5.817s] -- Symlinking: /root/AgricSense-VLA/jackal_ws/install/interactive_marker_twist_server/share/interactive_marker_twist_server/package.dsv
[5.825s] -- Symlinking: /root/AgricSense-VLA/jackal_ws/install/interactive_marker_twist_server/share/ament_index/resource_index/packages/interactive_marker_twist_server
[5.832s] -- Symlinking: /root/AgricSense-VLA/jackal_ws/install/interactive_marker_twist_server/share/interactive_marker_twist_server/cmake/interactive_marker_twist_serverConfig.cmake
[5.839s] -- Symlinking: /root/AgricSense-VLA/jackal_ws/install/interactive_marker_twist_server/share/interactive_marker_twist_server/cmake/interactive_marker_twist_serverConfig-version.cmake
[5.844s] -- Symlinking: /root/AgricSense-VLA/jackal_ws/install/interactive_marker_twist_server/share/interactive_marker_twist_server/package.xml
[5.851s] Invoked command in '/root/AgricSense-VLA/jackal_ws/build/interactive_marker_twist_server' returned '0': CMAKE_PREFIX_PATH=${CMAKE_PREFIX_PATH}:/root/AgricSense-VLA/jackal_ws/install/wireless_watcher:/root/AgricSense-VLA/jackal_ws/install/sensor_tools:/opt/ros/humble /usr/bin/cmake --install /root/AgricSense-VLA/jackal_ws/build/interactive_marker_twist_server
