[0.013s] Invoking command in '/root/AgricSense-VLA/jackal_ws/build/jackal_gazebo': CMAKE_PREFIX_PATH=/root/AgricSense-VLA/jackal_ws/install/jackal_viz:/root/AgricSense-VLA/jackal_ws/install/jackal_control:/root/AgricSense-VLA/jackal_ws/install/jackal_description:/root/AgricSense-VLA/jackal_ws/install/interactive_marker_twist_server:/root/AgricSense-VLA/jackal_ws/install/gazebo_ros2_control:/root/AgricSense-VLA/jackal_ws/install/jackal_robot:/root/AgricSense-VLA/jackal_ws/install/wireless_msgs:/root/AgricSense-VLA/jackal_ws/install/micro_ros_setup:/root/AgricSense-VLA/jackal_ws/install/micro_ros_agent:/root/AgricSense-VLA/jackal_ws/install/micro_ros_msgs:/root/AgricSense-VLA/jackal_ws/install/jackal_simulator:/root/AgricSense-VLA/jackal_ws/install/jackal_gazebo:/root/AgricSense-VLA/jackal_ws/install/jackal_desktop:/root/AgricSense-VLA/jackal_ws/install/jackal_navigation:/root/AgricSense-VLA/jackal_ws/install/jackal_msgs:/root/AgricSense-VLA/jackal_ws/install/gazebo_ros2_control_demos:/root/AgricSense-VLA/jackal_ws/install/wireless_watcher:/root/AgricSense-VLA/jackal_ws/install/sensor_tools:/opt/ros/humble LD_LIBRARY_PATH=/root/AgricSense-VLA/jackal_ws/install/gazebo_ros2_control/lib:/root/AgricSense-VLA/jackal_ws/install/jackal_robot/lib:/root/AgricSense-VLA/jackal_ws/install/wireless_msgs/lib:/root/AgricSense-VLA/jackal_ws/install/micro_ros_agent/lib:/root/AgricSense-VLA/jackal_ws/install/micro_ros_msgs/lib:/root/AgricSense-VLA/jackal_ws/install/jackal_msgs/lib:/usr/lib/x86_64-linux-gnu/gazebo-11/plugins:/opt/ros/humble/opt/rviz_ogre_vendor/lib:/opt/ros/humble/lib/x86_64-linux-gnu:/opt/ros/humble/lib /usr/bin/cmake /root/AgricSense-VLA/jackal_ws/src/jackal_simulator/jackal_gazebo -DAMENT_CMAKE_SYMLINK_INSTALL=1 -DCMAKE_INSTALL_PREFIX=/root/AgricSense-VLA/jackal_ws/install/jackal_gazebo
[0.066s] -- The C compiler identification is GNU 11.4.0
[0.120s] -- The CXX compiler identification is GNU 11.4.0
[0.125s] -- Detecting C compiler ABI info
[0.184s] -- Detecting C compiler ABI info - done
[0.193s] -- Check for working C compiler: /usr/bin/cc - skipped
[0.193s] -- Detecting C compile features
[0.193s] -- Detecting C compile features - done
[0.196s] -- Detecting CXX compiler ABI info
[0.262s] -- Detecting CXX compiler ABI info - done
[0.267s] -- Check for working CXX compiler: /usr/bin/c++ - skipped
[0.267s] -- Detecting CXX compile features
[0.267s] -- Detecting CXX compile features - done
[0.270s] -- Found ament_cmake: 1.3.11 (/opt/ros/humble/share/ament_cmake/cmake)
[0.393s] -- Found Python3: /usr/bin/python3 (found version "3.10.12") found components: Interpreter 
[0.440s] -- Override CMake install command with custom implementation using symlinks instead of copying resources
[0.477s] -- Found urdf: 2.6.1 (/opt/ros/humble/share/urdf/cmake)
[0.527s] -- Found xacro: 2.0.13 (/opt/ros/humble/share/xacro/cmake)
[0.527s] -- Found gazebo_ros2_control: 0.4.6 (/root/AgricSense-VLA/jackal_ws/install/gazebo_ros2_control/share/gazebo_ros2_control/cmake)
[0.568s] -- Found rosidl_generator_c: 3.1.6 (/opt/ros/humble/share/rosidl_generator_c/cmake)
[0.575s] -- Found rosidl_adapter: 3.1.6 (/opt/ros/humble/share/rosidl_adapter/cmake)
[0.584s] -- Found rosidl_generator_cpp: 3.1.6 (/opt/ros/humble/share/rosidl_generator_cpp/cmake)
[0.595s] -- Using all available rosidl_typesupport_c: rosidl_typesupport_fastrtps_c;rosidl_typesupport_introspection_c
[0.606s] -- Using all available rosidl_typesupport_cpp: rosidl_typesupport_fastrtps_cpp;rosidl_typesupport_introspection_cpp
[0.748s] -- Found rmw_implementation_cmake: 6.1.2 (/opt/ros/humble/share/rmw_implementation_cmake/cmake)
[0.751s] -- Found rmw_fastrtps_cpp: 6.2.7 (/opt/ros/humble/share/rmw_fastrtps_cpp/cmake)
[0.774s] -- Found TinyXML2 via Config file: TinyXML2_DIR-NOTFOUND
[0.851s] -- Found OpenSSL: /usr/lib/x86_64-linux-gnu/libcrypto.so (found version "3.0.2")  
[0.856s] -- Found TinyXML2 via Config file: TinyXML2_DIR-NOTFOUND
[0.870s] -- Found FastRTPS: /opt/ros/humble/include  
[0.873s] -- Found TinyXML2 via Config file: TinyXML2_DIR-NOTFOUND
[0.882s] -- Found TinyXML2 via Config file: TinyXML2_DIR-NOTFOUND
[0.891s] -- Using RMW implementation 'rmw_fastrtps_cpp' as default
[0.900s] -- Looking for pthread.h
[0.961s] -- Looking for pthread.h - found
[0.961s] -- Performing Test CMAKE_HAVE_LIBC_PTHREAD
[1.041s] -- Performing Test CMAKE_HAVE_LIBC_PTHREAD - Success
[1.041s] -- Found Threads: TRUE  
[1.119s] -- Found PkgConfig: /usr/bin/pkg-config (found version "0.29.2") 
[1.120s] -- Checking for module 'bullet>=2.82'
[1.134s] --   Found bullet, version 3.05
[1.246s] -- Found fcl: /usr/include (found suitable version "0.7.0", minimum required is "0.5.0") 
[1.303s] -- Found assimp: /usr/include (found version "5.2.0") 
[1.323s] -- Found DART: /usr/include (Required is at least version "6.6") found components: dart 
[1.350s] -- Found Boost: /usr/lib/x86_64-linux-gnu/cmake/Boost-1.74.0/BoostConfig.cmake (found suitable version "1.74.0", minimum required is "1.40.0") found components: thread system filesystem program_options regex iostreams date_time 
[1.360s] -- Found Protobuf: /usr/lib/x86_64-linux-gnu/libprotobuf.so (found version "3.12.4") 
[1.366s] -- Looking for ignition-math6 -- found version 6.15.1
[1.371s] -- Searching for dependencies of ignition-math6
[1.372s] -- Looking for OGRE...
[1.373s] -- OGRE_PREFIX_WATCH changed.
[1.379s] -- Checking for module 'OGRE'
[1.397s] --   Found OGRE, version 1.9.0
[1.434s] -- Found Ogre Ghadamon (1.9.0)
[1.438s] -- Found OGRE: optimized;/usr/lib/x86_64-linux-gnu/libOgreMain.so;debug;/usr/lib/x86_64-linux-gnu/libOgreMain.so
[1.446s] -- Looking for OGRE_Paging...
[1.450s] -- Found OGRE_Paging: optimized;/usr/lib/x86_64-linux-gnu/libOgrePaging.so;debug;/usr/lib/x86_64-linux-gnu/libOgrePaging.so
[1.450s] -- Looking for OGRE_Terrain...
[1.453s] -- Found OGRE_Terrain: optimized;/usr/lib/x86_64-linux-gnu/libOgreTerrain.so;debug;/usr/lib/x86_64-linux-gnu/libOgreTerrain.so
[1.453s] -- Looking for OGRE_Property...
[1.456s] -- Found OGRE_Property: optimized;/usr/lib/x86_64-linux-gnu/libOgreProperty.so;debug;/usr/lib/x86_64-linux-gnu/libOgreProperty.so
[1.456s] -- Looking for OGRE_RTShaderSystem...
[1.460s] -- Found OGRE_RTShaderSystem: optimized;/usr/lib/x86_64-linux-gnu/libOgreRTShaderSystem.so;debug;/usr/lib/x86_64-linux-gnu/libOgreRTShaderSystem.so
[1.460s] -- Looking for OGRE_Volume...
[1.463s] -- Found OGRE_Volume: optimized;/usr/lib/x86_64-linux-gnu/libOgreVolume.so;debug;/usr/lib/x86_64-linux-gnu/libOgreVolume.so
[1.463s] -- Looking for OGRE_Overlay...
[1.466s] -- Found OGRE_Overlay: optimized;/usr/lib/x86_64-linux-gnu/libOgreOverlay.so;debug;/usr/lib/x86_64-linux-gnu/libOgreOverlay.so
[1.543s] -- Looking for ignition-math6 -- found version 6.15.1
[1.546s] -- Looking for ignition-transport8 -- found version 8.2.1
[1.546s] -- Searching for dependencies of ignition-transport8
[1.562s] -- Found Protobuf: /usr/lib/x86_64-linux-gnu/libprotobuf.so (found suitable version "3.12.4", minimum required is "3") 
[1.572s] -- Config-file not installed for ZeroMQ -- checking for pkg-config
[1.578s] -- Checking for module 'libzmq >= 4'
[1.596s] --   Found libzmq , version 4.3.4
[1.635s] -- Found ZeroMQ: TRUE (Required is at least version "4") 
[1.641s] -- Checking for module 'uuid'
[1.655s] --   Found uuid, version 2.37.2
[1.695s] -- Found UUID: TRUE  
[1.701s] -- Looking for ignition-msgs5 -- found version 5.8.1
[1.701s] -- Searching for dependencies of ignition-msgs5
[1.721s] -- Looking for ignition-math6 -- found version 6.15.1
[1.726s] -- Checking for module 'tinyxml2'
[1.742s] --   Found tinyxml2, version 9.0.0
[1.782s] -- Looking for ignition-msgs5 -- found version 5.8.1
[1.787s] -- Looking for ignition-common3 -- found version 3.14.0
[1.788s] -- Searching for dependencies of ignition-common3
[1.788s] -- Looking for dlfcn.h - found
[1.789s] -- Looking for libdl - found
[1.790s] -- Found DL: TRUE  
[1.803s] -- Found tinyobjloader: /usr/lib/x86_64-linux-gnu/cmake/tinyobjloader/tinyobjloader-config.cmake (found version "2.0.0") 
[1.803s] -- Searching for <ignition-common3> component [graphics]
[1.806s] -- Looking for ignition-common3-graphics -- found version 3.14.0
[1.806s] -- Searching for dependencies of ignition-common3-graphics
[1.806s] -- Looking for ignition-math6 -- found version 6.15.1
[1.810s] -- Looking for ignition-fuel_tools4 -- found version 4.4.0
[1.810s] -- Searching for dependencies of ignition-fuel_tools4
[1.891s] -- Found CURL: /usr/lib/x86_64-linux-gnu/libcurl.so (found version "7.81.0")  
[1.900s] -- Checking for module 'jsoncpp'
[1.917s] --   Found jsoncpp, version 1.9.5
[1.956s] -- Found JSONCPP: TRUE  
[1.963s] -- Checking for module 'libzip'
[1.979s] --   Found libzip, version 1.7.3
[2.017s] -- Found ZIP: TRUE  
[2.017s] -- Looking for ignition-common3 -- found version 3.14.0
[2.018s] -- Looking for ignition-math6 -- found version 6.15.1
[2.018s] -- Looking for ignition-msgs5 -- found version 5.8.1
[2.023s] -- Gazebo version: 11.10
[2.023s] -- Checking for module 'tbb'
[2.038s] --   Found tbb, version 2021.5.0
[2.142s] -- Configuring done
[2.146s] -- Generating done
[2.148s] -- Build files have been written to: /root/AgricSense-VLA/jackal_ws/build/jackal_gazebo
[2.158s] Invoked command in '/root/AgricSense-VLA/jackal_ws/build/jackal_gazebo' returned '0': CMAKE_PREFIX_PATH=/root/AgricSense-VLA/jackal_ws/install/jackal_viz:/root/AgricSense-VLA/jackal_ws/install/jackal_control:/root/AgricSense-VLA/jackal_ws/install/jackal_description:/root/AgricSense-VLA/jackal_ws/install/interactive_marker_twist_server:/root/AgricSense-VLA/jackal_ws/install/gazebo_ros2_control:/root/AgricSense-VLA/jackal_ws/install/jackal_robot:/root/AgricSense-VLA/jackal_ws/install/wireless_msgs:/root/AgricSense-VLA/jackal_ws/install/micro_ros_setup:/root/AgricSense-VLA/jackal_ws/install/micro_ros_agent:/root/AgricSense-VLA/jackal_ws/install/micro_ros_msgs:/root/AgricSense-VLA/jackal_ws/install/jackal_simulator:/root/AgricSense-VLA/jackal_ws/install/jackal_gazebo:/root/AgricSense-VLA/jackal_ws/install/jackal_desktop:/root/AgricSense-VLA/jackal_ws/install/jackal_navigation:/root/AgricSense-VLA/jackal_ws/install/jackal_msgs:/root/AgricSense-VLA/jackal_ws/install/gazebo_ros2_control_demos:/root/AgricSense-VLA/jackal_ws/install/wireless_watcher:/root/AgricSense-VLA/jackal_ws/install/sensor_tools:/opt/ros/humble LD_LIBRARY_PATH=/root/AgricSense-VLA/jackal_ws/install/gazebo_ros2_control/lib:/root/AgricSense-VLA/jackal_ws/install/jackal_robot/lib:/root/AgricSense-VLA/jackal_ws/install/wireless_msgs/lib:/root/AgricSense-VLA/jackal_ws/install/micro_ros_agent/lib:/root/AgricSense-VLA/jackal_ws/install/micro_ros_msgs/lib:/root/AgricSense-VLA/jackal_ws/install/jackal_msgs/lib:/usr/lib/x86_64-linux-gnu/gazebo-11/plugins:/opt/ros/humble/opt/rviz_ogre_vendor/lib:/opt/ros/humble/lib/x86_64-linux-gnu:/opt/ros/humble/lib /usr/bin/cmake /root/AgricSense-VLA/jackal_ws/src/jackal_simulator/jackal_gazebo -DAMENT_CMAKE_SYMLINK_INSTALL=1 -DCMAKE_INSTALL_PREFIX=/root/AgricSense-VLA/jackal_ws/install/jackal_gazebo
[2.160s] Invoking command in '/root/AgricSense-VLA/jackal_ws/build/jackal_gazebo': CMAKE_PREFIX_PATH=/root/AgricSense-VLA/jackal_ws/install/jackal_viz:/root/AgricSense-VLA/jackal_ws/install/jackal_control:/root/AgricSense-VLA/jackal_ws/install/jackal_description:/root/AgricSense-VLA/jackal_ws/install/interactive_marker_twist_server:/root/AgricSense-VLA/jackal_ws/install/gazebo_ros2_control:/root/AgricSense-VLA/jackal_ws/install/jackal_robot:/root/AgricSense-VLA/jackal_ws/install/wireless_msgs:/root/AgricSense-VLA/jackal_ws/install/micro_ros_setup:/root/AgricSense-VLA/jackal_ws/install/micro_ros_agent:/root/AgricSense-VLA/jackal_ws/install/micro_ros_msgs:/root/AgricSense-VLA/jackal_ws/install/jackal_simulator:/root/AgricSense-VLA/jackal_ws/install/jackal_gazebo:/root/AgricSense-VLA/jackal_ws/install/jackal_desktop:/root/AgricSense-VLA/jackal_ws/install/jackal_navigation:/root/AgricSense-VLA/jackal_ws/install/jackal_msgs:/root/AgricSense-VLA/jackal_ws/install/gazebo_ros2_control_demos:/root/AgricSense-VLA/jackal_ws/install/wireless_watcher:/root/AgricSense-VLA/jackal_ws/install/sensor_tools:/opt/ros/humble LD_LIBRARY_PATH=/root/AgricSense-VLA/jackal_ws/install/gazebo_ros2_control/lib:/root/AgricSense-VLA/jackal_ws/install/jackal_robot/lib:/root/AgricSense-VLA/jackal_ws/install/wireless_msgs/lib:/root/AgricSense-VLA/jackal_ws/install/micro_ros_agent/lib:/root/AgricSense-VLA/jackal_ws/install/micro_ros_msgs/lib:/root/AgricSense-VLA/jackal_ws/install/jackal_msgs/lib:/usr/lib/x86_64-linux-gnu/gazebo-11/plugins:/opt/ros/humble/opt/rviz_ogre_vendor/lib:/opt/ros/humble/lib/x86_64-linux-gnu:/opt/ros/humble/lib /usr/bin/cmake --build /root/AgricSense-VLA/jackal_ws/build/jackal_gazebo -- -j20 -l20
[2.200s] Invoked command in '/root/AgricSense-VLA/jackal_ws/build/jackal_gazebo' returned '0': CMAKE_PREFIX_PATH=/root/AgricSense-VLA/jackal_ws/install/jackal_viz:/root/AgricSense-VLA/jackal_ws/install/jackal_control:/root/AgricSense-VLA/jackal_ws/install/jackal_description:/root/AgricSense-VLA/jackal_ws/install/interactive_marker_twist_server:/root/AgricSense-VLA/jackal_ws/install/gazebo_ros2_control:/root/AgricSense-VLA/jackal_ws/install/jackal_robot:/root/AgricSense-VLA/jackal_ws/install/wireless_msgs:/root/AgricSense-VLA/jackal_ws/install/micro_ros_setup:/root/AgricSense-VLA/jackal_ws/install/micro_ros_agent:/root/AgricSense-VLA/jackal_ws/install/micro_ros_msgs:/root/AgricSense-VLA/jackal_ws/install/jackal_simulator:/root/AgricSense-VLA/jackal_ws/install/jackal_gazebo:/root/AgricSense-VLA/jackal_ws/install/jackal_desktop:/root/AgricSense-VLA/jackal_ws/install/jackal_navigation:/root/AgricSense-VLA/jackal_ws/install/jackal_msgs:/root/AgricSense-VLA/jackal_ws/install/gazebo_ros2_control_demos:/root/AgricSense-VLA/jackal_ws/install/wireless_watcher:/root/AgricSense-VLA/jackal_ws/install/sensor_tools:/opt/ros/humble LD_LIBRARY_PATH=/root/AgricSense-VLA/jackal_ws/install/gazebo_ros2_control/lib:/root/AgricSense-VLA/jackal_ws/install/jackal_robot/lib:/root/AgricSense-VLA/jackal_ws/install/wireless_msgs/lib:/root/AgricSense-VLA/jackal_ws/install/micro_ros_agent/lib:/root/AgricSense-VLA/jackal_ws/install/micro_ros_msgs/lib:/root/AgricSense-VLA/jackal_ws/install/jackal_msgs/lib:/usr/lib/x86_64-linux-gnu/gazebo-11/plugins:/opt/ros/humble/opt/rviz_ogre_vendor/lib:/opt/ros/humble/lib/x86_64-linux-gnu:/opt/ros/humble/lib /usr/bin/cmake --build /root/AgricSense-VLA/jackal_ws/build/jackal_gazebo -- -j20 -l20
[2.202s] Invoking command in '/root/AgricSense-VLA/jackal_ws/build/jackal_gazebo': CMAKE_PREFIX_PATH=/root/AgricSense-VLA/jackal_ws/install/jackal_viz:/root/AgricSense-VLA/jackal_ws/install/jackal_control:/root/AgricSense-VLA/jackal_ws/install/jackal_description:/root/AgricSense-VLA/jackal_ws/install/interactive_marker_twist_server:/root/AgricSense-VLA/jackal_ws/install/gazebo_ros2_control:/root/AgricSense-VLA/jackal_ws/install/jackal_robot:/root/AgricSense-VLA/jackal_ws/install/wireless_msgs:/root/AgricSense-VLA/jackal_ws/install/micro_ros_setup:/root/AgricSense-VLA/jackal_ws/install/micro_ros_agent:/root/AgricSense-VLA/jackal_ws/install/micro_ros_msgs:/root/AgricSense-VLA/jackal_ws/install/jackal_simulator:/root/AgricSense-VLA/jackal_ws/install/jackal_gazebo:/root/AgricSense-VLA/jackal_ws/install/jackal_desktop:/root/AgricSense-VLA/jackal_ws/install/jackal_navigation:/root/AgricSense-VLA/jackal_ws/install/jackal_msgs:/root/AgricSense-VLA/jackal_ws/install/gazebo_ros2_control_demos:/root/AgricSense-VLA/jackal_ws/install/wireless_watcher:/root/AgricSense-VLA/jackal_ws/install/sensor_tools:/opt/ros/humble LD_LIBRARY_PATH=/root/AgricSense-VLA/jackal_ws/install/gazebo_ros2_control/lib:/root/AgricSense-VLA/jackal_ws/install/jackal_robot/lib:/root/AgricSense-VLA/jackal_ws/install/wireless_msgs/lib:/root/AgricSense-VLA/jackal_ws/install/micro_ros_agent/lib:/root/AgricSense-VLA/jackal_ws/install/micro_ros_msgs/lib:/root/AgricSense-VLA/jackal_ws/install/jackal_msgs/lib:/usr/lib/x86_64-linux-gnu/gazebo-11/plugins:/opt/ros/humble/opt/rviz_ogre_vendor/lib:/opt/ros/humble/lib/x86_64-linux-gnu:/opt/ros/humble/lib /usr/bin/cmake --install /root/AgricSense-VLA/jackal_ws/build/jackal_gazebo
[2.208s] -- Install configuration: ""
[2.208s] -- Execute custom install script
[2.209s] -- Symlinking: /root/AgricSense-VLA/jackal_ws/install/jackal_gazebo/share/jackal_gazebo/launch/__pycache__/jackal_world.launch.cpython-310.pyc
[2.215s] -- Symlinking: /root/AgricSense-VLA/jackal_ws/install/jackal_gazebo/share/jackal_gazebo/launch/bringup_ignition.launch.py
[2.223s] -- Symlinking: /root/AgricSense-VLA/jackal_ws/install/jackal_gazebo/share/jackal_gazebo/launch/gazebo.launch.py
[2.231s] -- Symlinking: /root/AgricSense-VLA/jackal_ws/install/jackal_gazebo/share/jackal_gazebo/launch/gazebo_ignition.launch.py
[2.237s] -- Symlinking: /root/AgricSense-VLA/jackal_ws/install/jackal_gazebo/share/jackal_gazebo/launch/jackal_world.launch.py
[2.244s] -- Symlinking: /root/AgricSense-VLA/jackal_ws/install/jackal_gazebo/share/jackal_gazebo/worlds/jackal_race.world
[2.252s] -- Symlinking: /root/AgricSense-VLA/jackal_ws/install/jackal_gazebo/share/jackal_gazebo/worlds/jackal_race_world.sdf
[2.258s] -- Symlinking: /root/AgricSense-VLA/jackal_ws/install/jackal_gazebo/share/jackal_gazebo/worlds/scenario1.world
[2.264s] -- Symlinking: /root/AgricSense-VLA/jackal_ws/install/jackal_gazebo/share/jackal_gazebo/worlds/tomato_field.world
[2.271s] -- Symlinking: /root/AgricSense-VLA/jackal_ws/install/jackal_gazebo/share/ament_index/resource_index/package_run_dependencies/jackal_gazebo
[2.280s] -- Symlinking: /root/AgricSense-VLA/jackal_ws/install/jackal_gazebo/share/ament_index/resource_index/parent_prefix_path/jackal_gazebo
[2.286s] -- Symlinking: /root/AgricSense-VLA/jackal_ws/install/jackal_gazebo/share/jackal_gazebo/environment/ament_prefix_path.sh
[2.294s] -- Symlinking: /root/AgricSense-VLA/jackal_ws/install/jackal_gazebo/share/jackal_gazebo/environment/ament_prefix_path.dsv
[2.302s] -- Symlinking: /root/AgricSense-VLA/jackal_ws/install/jackal_gazebo/share/jackal_gazebo/environment/path.sh
[2.311s] -- Symlinking: /root/AgricSense-VLA/jackal_ws/install/jackal_gazebo/share/jackal_gazebo/environment/path.dsv
[2.318s] -- Symlinking: /root/AgricSense-VLA/jackal_ws/install/jackal_gazebo/share/jackal_gazebo/local_setup.bash
[2.327s] -- Symlinking: /root/AgricSense-VLA/jackal_ws/install/jackal_gazebo/share/jackal_gazebo/local_setup.sh
[2.334s] -- Symlinking: /root/AgricSense-VLA/jackal_ws/install/jackal_gazebo/share/jackal_gazebo/local_setup.zsh
[2.344s] -- Symlinking: /root/AgricSense-VLA/jackal_ws/install/jackal_gazebo/share/jackal_gazebo/local_setup.dsv
[2.350s] -- Symlinking: /root/AgricSense-VLA/jackal_ws/install/jackal_gazebo/share/jackal_gazebo/package.dsv
[2.358s] -- Symlinking: /root/AgricSense-VLA/jackal_ws/install/jackal_gazebo/share/ament_index/resource_index/packages/jackal_gazebo
[2.366s] -- Symlinking: /root/AgricSense-VLA/jackal_ws/install/jackal_gazebo/share/jackal_gazebo/cmake/jackal_gazeboConfig.cmake
[2.372s] -- Symlinking: /root/AgricSense-VLA/jackal_ws/install/jackal_gazebo/share/jackal_gazebo/cmake/jackal_gazeboConfig-version.cmake
[2.381s] -- Symlinking: /root/AgricSense-VLA/jackal_ws/install/jackal_gazebo/share/jackal_gazebo/package.xml
[2.393s] Invoked command in '/root/AgricSense-VLA/jackal_ws/build/jackal_gazebo' returned '0': CMAKE_PREFIX_PATH=/root/AgricSense-VLA/jackal_ws/install/jackal_viz:/root/AgricSense-VLA/jackal_ws/install/jackal_control:/root/AgricSense-VLA/jackal_ws/install/jackal_description:/root/AgricSense-VLA/jackal_ws/install/interactive_marker_twist_server:/root/AgricSense-VLA/jackal_ws/install/gazebo_ros2_control:/root/AgricSense-VLA/jackal_ws/install/jackal_robot:/root/AgricSense-VLA/jackal_ws/install/wireless_msgs:/root/AgricSense-VLA/jackal_ws/install/micro_ros_setup:/root/AgricSense-VLA/jackal_ws/install/micro_ros_agent:/root/AgricSense-VLA/jackal_ws/install/micro_ros_msgs:/root/AgricSense-VLA/jackal_ws/install/jackal_simulator:/root/AgricSense-VLA/jackal_ws/install/jackal_gazebo:/root/AgricSense-VLA/jackal_ws/install/jackal_desktop:/root/AgricSense-VLA/jackal_ws/install/jackal_navigation:/root/AgricSense-VLA/jackal_ws/install/jackal_msgs:/root/AgricSense-VLA/jackal_ws/install/gazebo_ros2_control_demos:/root/AgricSense-VLA/jackal_ws/install/wireless_watcher:/root/AgricSense-VLA/jackal_ws/install/sensor_tools:/opt/ros/humble LD_LIBRARY_PATH=/root/AgricSense-VLA/jackal_ws/install/gazebo_ros2_control/lib:/root/AgricSense-VLA/jackal_ws/install/jackal_robot/lib:/root/AgricSense-VLA/jackal_ws/install/wireless_msgs/lib:/root/AgricSense-VLA/jackal_ws/install/micro_ros_agent/lib:/root/AgricSense-VLA/jackal_ws/install/micro_ros_msgs/lib:/root/AgricSense-VLA/jackal_ws/install/jackal_msgs/lib:/usr/lib/x86_64-linux-gnu/gazebo-11/plugins:/opt/ros/humble/opt/rviz_ogre_vendor/lib:/opt/ros/humble/lib/x86_64-linux-gnu:/opt/ros/humble/lib /usr/bin/cmake --install /root/AgricSense-VLA/jackal_ws/build/jackal_gazebo
