[0.009s] Invoking command in '/root/AgricSense-VLA/jackal_ws/build/jackal_description': CMAKE_PREFIX_PATH=/root/AgricSense-VLA/jackal_ws/install/gazebo_ros2_control:/root/AgricSense-VLA/jackal_ws/install/jackal_robot:/root/AgricSense-VLA/jackal_ws/install/wireless_msgs:/root/AgricSense-VLA/jackal_ws/install/micro_ros_setup:/root/AgricSense-VLA/jackal_ws/install/micro_ros_agent:/root/AgricSense-VLA/jackal_ws/install/micro_ros_msgs:/root/AgricSense-VLA/jackal_ws/install/jackal_simulator:/root/AgricSense-VLA/jackal_ws/install/jackal_gazebo:/root/AgricSense-VLA/jackal_ws/install/jackal_desktop:/root/AgricSense-VLA/jackal_ws/install/jackal_viz:/root/AgricSense-VLA/jackal_ws/install/jackal_navigation:/root/AgricSense-VLA/jackal_ws/install/jackal_msgs:/root/AgricSense-VLA/jackal_ws/install/jackal_control:/root/AgricSense-VLA/jackal_ws/install/jackal_description:/root/AgricSense-VLA/jackal_ws/install/interactive_marker_twist_server:/root/AgricSense-VLA/jackal_ws/install/gazebo_ros2_control_demos:/root/AgricSense-VLA/jackal_ws/install/wireless_watcher:/root/AgricSense-VLA/jackal_ws/install/sensor_tools:/opt/ros/humble LD_LIBRARY_PATH=/root/AgricSense-VLA/jackal_ws/install/gazebo_ros2_control/lib:/root/AgricSense-VLA/jackal_ws/install/jackal_robot/lib:/root/AgricSense-VLA/jackal_ws/install/wireless_msgs/lib:/root/AgricSense-VLA/jackal_ws/install/micro_ros_agent/lib:/root/AgricSense-VLA/jackal_ws/install/micro_ros_msgs/lib:/root/AgricSense-VLA/jackal_ws/install/jackal_msgs/lib:/usr/lib/x86_64-linux-gnu/gazebo-11/plugins:/opt/ros/humble/opt/rviz_ogre_vendor/lib:/opt/ros/humble/lib/x86_64-linux-gnu:/opt/ros/humble/lib /usr/bin/cmake /root/AgricSense-VLA/jackal_ws/src/jackal/jackal_description -DAMENT_CMAKE_SYMLINK_INSTALL=1 -DCMAKE_INSTALL_PREFIX=/root/AgricSense-VLA/jackal_ws/install/jackal_description
[0.074s] -- The C compiler identification is GNU 11.4.0
[0.128s] -- The CXX compiler identification is GNU 11.4.0
[0.134s] -- Detecting C compiler ABI info
[0.206s] -- Detecting C compiler ABI info - done
[0.211s] -- Check for working C compiler: /usr/bin/cc - skipped
[0.212s] -- Detecting C compile features
[0.212s] -- Detecting C compile features - done
[0.214s] -- Detecting CXX compiler ABI info
[0.294s] -- Detecting CXX compiler ABI info - done
[0.299s] -- Check for working CXX compiler: /usr/bin/c++ - skipped
[0.299s] -- Detecting CXX compile features
[0.300s] -- Detecting CXX compile features - done
[0.303s] -- Found ament_cmake: 1.3.11 (/opt/ros/humble/share/ament_cmake/cmake)
[0.422s] -- Found Python3: /usr/bin/python3 (found version "3.10.12") found components: Interpreter 
[0.474s] -- Override CMake install command with custom implementation using symlinks instead of copying resources
[0.505s] -- Found urdf: 2.6.1 (/opt/ros/humble/share/urdf/cmake)
[0.552s] -- Found gazebo_ros2_control: 0.4.6 (/root/AgricSense-VLA/jackal_ws/install/gazebo_ros2_control/share/gazebo_ros2_control/cmake)
[0.589s] -- Found rosidl_generator_c: 3.1.6 (/opt/ros/humble/share/rosidl_generator_c/cmake)
[0.594s] -- Found rosidl_adapter: 3.1.6 (/opt/ros/humble/share/rosidl_adapter/cmake)
[0.602s] -- Found rosidl_generator_cpp: 3.1.6 (/opt/ros/humble/share/rosidl_generator_cpp/cmake)
[0.612s] -- Using all available rosidl_typesupport_c: rosidl_typesupport_fastrtps_c;rosidl_typesupport_introspection_c
[0.623s] -- Using all available rosidl_typesupport_cpp: rosidl_typesupport_fastrtps_cpp;rosidl_typesupport_introspection_cpp
[0.760s] -- Found rmw_implementation_cmake: 6.1.2 (/opt/ros/humble/share/rmw_implementation_cmake/cmake)
[0.763s] -- Found rmw_fastrtps_cpp: 6.2.7 (/opt/ros/humble/share/rmw_fastrtps_cpp/cmake)
[0.784s] -- Found TinyXML2 via Config file: TinyXML2_DIR-NOTFOUND
[0.842s] -- Found OpenSSL: /usr/lib/x86_64-linux-gnu/libcrypto.so (found version "3.0.2")  
[0.844s] -- Found TinyXML2 via Config file: TinyXML2_DIR-NOTFOUND
[0.855s] -- Found FastRTPS: /opt/ros/humble/include  
[0.858s] -- Found TinyXML2 via Config file: TinyXML2_DIR-NOTFOUND
[0.865s] -- Found TinyXML2 via Config file: TinyXML2_DIR-NOTFOUND
[0.876s] -- Using RMW implementation 'rmw_fastrtps_cpp' as default
[0.887s] -- Looking for pthread.h
[0.960s] -- Looking for pthread.h - found
[0.960s] -- Performing Test CMAKE_HAVE_LIBC_PTHREAD
[1.030s] -- Performing Test CMAKE_HAVE_LIBC_PTHREAD - Success
[1.032s] -- Found Threads: TRUE  
[1.109s] -- Found PkgConfig: /usr/bin/pkg-config (found version "0.29.2") 
[1.109s] -- Checking for module 'bullet>=2.82'
[1.123s] --   Found bullet, version 3.05
[1.267s] -- Found fcl: /usr/include (found suitable version "0.7.0", minimum required is "0.5.0") 
[1.320s] -- Found assimp: /usr/include (found version "5.2.0") 
[1.340s] -- Found DART: /usr/include (Required is at least version "6.6") found components: dart 
[1.365s] -- Found Boost: /usr/lib/x86_64-linux-gnu/cmake/Boost-1.74.0/BoostConfig.cmake (found suitable version "1.74.0", minimum required is "1.40.0") found components: thread system filesystem program_options regex iostreams date_time 
[1.377s] -- Found Protobuf: /usr/lib/x86_64-linux-gnu/libprotobuf.so (found version "3.12.4") 
[1.387s] -- Looking for ignition-math6 -- found version 6.15.1
[1.397s] -- Searching for dependencies of ignition-math6
[1.398s] -- Looking for OGRE...
[1.399s] -- OGRE_PREFIX_WATCH changed.
[1.405s] -- Checking for module 'OGRE'
[1.420s] --   Found OGRE, version 1.9.0
[1.456s] -- Found Ogre Ghadamon (1.9.0)
[1.463s] -- Found OGRE: optimized;/usr/lib/x86_64-linux-gnu/libOgreMain.so;debug;/usr/lib/x86_64-linux-gnu/libOgreMain.so
[1.471s] -- Looking for OGRE_Paging...
[1.474s] -- Found OGRE_Paging: optimized;/usr/lib/x86_64-linux-gnu/libOgrePaging.so;debug;/usr/lib/x86_64-linux-gnu/libOgrePaging.so
[1.474s] -- Looking for OGRE_Terrain...
[1.478s] -- Found OGRE_Terrain: optimized;/usr/lib/x86_64-linux-gnu/libOgreTerrain.so;debug;/usr/lib/x86_64-linux-gnu/libOgreTerrain.so
[1.478s] -- Looking for OGRE_Property...
[1.481s] -- Found OGRE_Property: optimized;/usr/lib/x86_64-linux-gnu/libOgreProperty.so;debug;/usr/lib/x86_64-linux-gnu/libOgreProperty.so
[1.481s] -- Looking for OGRE_RTShaderSystem...
[1.485s] -- Found OGRE_RTShaderSystem: optimized;/usr/lib/x86_64-linux-gnu/libOgreRTShaderSystem.so;debug;/usr/lib/x86_64-linux-gnu/libOgreRTShaderSystem.so
[1.485s] -- Looking for OGRE_Volume...
[1.488s] -- Found OGRE_Volume: optimized;/usr/lib/x86_64-linux-gnu/libOgreVolume.so;debug;/usr/lib/x86_64-linux-gnu/libOgreVolume.so
[1.488s] -- Looking for OGRE_Overlay...
[1.492s] -- Found OGRE_Overlay: optimized;/usr/lib/x86_64-linux-gnu/libOgreOverlay.so;debug;/usr/lib/x86_64-linux-gnu/libOgreOverlay.so
[1.567s] -- Looking for ignition-math6 -- found version 6.15.1
[1.569s] -- Looking for ignition-transport8 -- found version 8.2.1
[1.569s] -- Searching for dependencies of ignition-transport8
[1.585s] -- Found Protobuf: /usr/lib/x86_64-linux-gnu/libprotobuf.so (found suitable version "3.12.4", minimum required is "3") 
[1.595s] -- Config-file not installed for ZeroMQ -- checking for pkg-config
[1.601s] -- Checking for module 'libzmq >= 4'
[1.618s] --   Found libzmq , version 4.3.4
[1.663s] -- Found ZeroMQ: TRUE (Required is at least version "4") 
[1.671s] -- Checking for module 'uuid'
[1.688s] --   Found uuid, version 2.37.2
[1.726s] -- Found UUID: TRUE  
[1.730s] -- Looking for ignition-msgs5 -- found version 5.8.1
[1.731s] -- Searching for dependencies of ignition-msgs5
[1.758s] -- Looking for ignition-math6 -- found version 6.15.1
[1.764s] -- Checking for module 'tinyxml2'
[1.780s] --   Found tinyxml2, version 9.0.0
[1.821s] -- Looking for ignition-msgs5 -- found version 5.8.1
[1.826s] -- Looking for ignition-common3 -- found version 3.14.0
[1.827s] -- Searching for dependencies of ignition-common3
[1.827s] -- Looking for dlfcn.h - found
[1.828s] -- Looking for libdl - found
[1.830s] -- Found DL: TRUE  
[1.847s] -- Found tinyobjloader: /usr/lib/x86_64-linux-gnu/cmake/tinyobjloader/tinyobjloader-config.cmake (found version "2.0.0") 
[1.847s] -- Searching for <ignition-common3> component [graphics]
[1.852s] -- Looking for ignition-common3-graphics -- found version 3.14.0
[1.852s] -- Searching for dependencies of ignition-common3-graphics
[1.853s] -- Looking for ignition-math6 -- found version 6.15.1
[1.858s] -- Looking for ignition-fuel_tools4 -- found version 4.4.0
[1.859s] -- Searching for dependencies of ignition-fuel_tools4
[1.955s] -- Found CURL: /usr/lib/x86_64-linux-gnu/libcurl.so (found version "7.81.0")  
[1.964s] -- Checking for module 'jsoncpp'
[1.980s] --   Found jsoncpp, version 1.9.5
[2.020s] -- Found JSONCPP: TRUE  
[2.027s] -- Checking for module 'libzip'
[2.045s] --   Found libzip, version 1.7.3
[2.084s] -- Found ZIP: TRUE  
[2.084s] -- Looking for ignition-common3 -- found version 3.14.0
[2.085s] -- Looking for ignition-math6 -- found version 6.15.1
[2.085s] -- Looking for ignition-msgs5 -- found version 5.8.1
[2.090s] -- Gazebo version: 11.10
[2.090s] -- Checking for module 'tbb'
[2.108s] --   Found tbb, version 2021.5.0
[2.166s] -- Found xacro: 2.0.13 (/opt/ros/humble/share/xacro/cmake)
[2.172s] -- Found robot_state_publisher: 3.0.3 (/opt/ros/humble/share/robot_state_publisher/cmake)
[2.190s] -- Found eigen3_cmake_module: 0.1.1 (/opt/ros/humble/share/eigen3_cmake_module/cmake)
[2.191s] -- Found Eigen3: TRUE (found version "3.4.0") 
[2.192s] -- Ensuring Eigen3 include directory is part of orocos-kdl CMake target
[2.302s] -- Configuring done
[2.307s] -- Generating done
[2.309s] -- Build files have been written to: /root/AgricSense-VLA/jackal_ws/build/jackal_description
[2.319s] Invoked command in '/root/AgricSense-VLA/jackal_ws/build/jackal_description' returned '0': CMAKE_PREFIX_PATH=/root/AgricSense-VLA/jackal_ws/install/gazebo_ros2_control:/root/AgricSense-VLA/jackal_ws/install/jackal_robot:/root/AgricSense-VLA/jackal_ws/install/wireless_msgs:/root/AgricSense-VLA/jackal_ws/install/micro_ros_setup:/root/AgricSense-VLA/jackal_ws/install/micro_ros_agent:/root/AgricSense-VLA/jackal_ws/install/micro_ros_msgs:/root/AgricSense-VLA/jackal_ws/install/jackal_simulator:/root/AgricSense-VLA/jackal_ws/install/jackal_gazebo:/root/AgricSense-VLA/jackal_ws/install/jackal_desktop:/root/AgricSense-VLA/jackal_ws/install/jackal_viz:/root/AgricSense-VLA/jackal_ws/install/jackal_navigation:/root/AgricSense-VLA/jackal_ws/install/jackal_msgs:/root/AgricSense-VLA/jackal_ws/install/jackal_control:/root/AgricSense-VLA/jackal_ws/install/jackal_description:/root/AgricSense-VLA/jackal_ws/install/interactive_marker_twist_server:/root/AgricSense-VLA/jackal_ws/install/gazebo_ros2_control_demos:/root/AgricSense-VLA/jackal_ws/install/wireless_watcher:/root/AgricSense-VLA/jackal_ws/install/sensor_tools:/opt/ros/humble LD_LIBRARY_PATH=/root/AgricSense-VLA/jackal_ws/install/gazebo_ros2_control/lib:/root/AgricSense-VLA/jackal_ws/install/jackal_robot/lib:/root/AgricSense-VLA/jackal_ws/install/wireless_msgs/lib:/root/AgricSense-VLA/jackal_ws/install/micro_ros_agent/lib:/root/AgricSense-VLA/jackal_ws/install/micro_ros_msgs/lib:/root/AgricSense-VLA/jackal_ws/install/jackal_msgs/lib:/usr/lib/x86_64-linux-gnu/gazebo-11/plugins:/opt/ros/humble/opt/rviz_ogre_vendor/lib:/opt/ros/humble/lib/x86_64-linux-gnu:/opt/ros/humble/lib /usr/bin/cmake /root/AgricSense-VLA/jackal_ws/src/jackal/jackal_description -DAMENT_CMAKE_SYMLINK_INSTALL=1 -DCMAKE_INSTALL_PREFIX=/root/AgricSense-VLA/jackal_ws/install/jackal_description
[2.322s] Invoking command in '/root/AgricSense-VLA/jackal_ws/build/jackal_description': CMAKE_PREFIX_PATH=/root/AgricSense-VLA/jackal_ws/install/gazebo_ros2_control:/root/AgricSense-VLA/jackal_ws/install/jackal_robot:/root/AgricSense-VLA/jackal_ws/install/wireless_msgs:/root/AgricSense-VLA/jackal_ws/install/micro_ros_setup:/root/AgricSense-VLA/jackal_ws/install/micro_ros_agent:/root/AgricSense-VLA/jackal_ws/install/micro_ros_msgs:/root/AgricSense-VLA/jackal_ws/install/jackal_simulator:/root/AgricSense-VLA/jackal_ws/install/jackal_gazebo:/root/AgricSense-VLA/jackal_ws/install/jackal_desktop:/root/AgricSense-VLA/jackal_ws/install/jackal_viz:/root/AgricSense-VLA/jackal_ws/install/jackal_navigation:/root/AgricSense-VLA/jackal_ws/install/jackal_msgs:/root/AgricSense-VLA/jackal_ws/install/jackal_control:/root/AgricSense-VLA/jackal_ws/install/jackal_description:/root/AgricSense-VLA/jackal_ws/install/interactive_marker_twist_server:/root/AgricSense-VLA/jackal_ws/install/gazebo_ros2_control_demos:/root/AgricSense-VLA/jackal_ws/install/wireless_watcher:/root/AgricSense-VLA/jackal_ws/install/sensor_tools:/opt/ros/humble LD_LIBRARY_PATH=/root/AgricSense-VLA/jackal_ws/install/gazebo_ros2_control/lib:/root/AgricSense-VLA/jackal_ws/install/jackal_robot/lib:/root/AgricSense-VLA/jackal_ws/install/wireless_msgs/lib:/root/AgricSense-VLA/jackal_ws/install/micro_ros_agent/lib:/root/AgricSense-VLA/jackal_ws/install/micro_ros_msgs/lib:/root/AgricSense-VLA/jackal_ws/install/jackal_msgs/lib:/usr/lib/x86_64-linux-gnu/gazebo-11/plugins:/opt/ros/humble/opt/rviz_ogre_vendor/lib:/opt/ros/humble/lib/x86_64-linux-gnu:/opt/ros/humble/lib /usr/bin/cmake --build /root/AgricSense-VLA/jackal_ws/build/jackal_description -- -j20 -l20
[2.359s] Invoked command in '/root/AgricSense-VLA/jackal_ws/build/jackal_description' returned '0': CMAKE_PREFIX_PATH=/root/AgricSense-VLA/jackal_ws/install/gazebo_ros2_control:/root/AgricSense-VLA/jackal_ws/install/jackal_robot:/root/AgricSense-VLA/jackal_ws/install/wireless_msgs:/root/AgricSense-VLA/jackal_ws/install/micro_ros_setup:/root/AgricSense-VLA/jackal_ws/install/micro_ros_agent:/root/AgricSense-VLA/jackal_ws/install/micro_ros_msgs:/root/AgricSense-VLA/jackal_ws/install/jackal_simulator:/root/AgricSense-VLA/jackal_ws/install/jackal_gazebo:/root/AgricSense-VLA/jackal_ws/install/jackal_desktop:/root/AgricSense-VLA/jackal_ws/install/jackal_viz:/root/AgricSense-VLA/jackal_ws/install/jackal_navigation:/root/AgricSense-VLA/jackal_ws/install/jackal_msgs:/root/AgricSense-VLA/jackal_ws/install/jackal_control:/root/AgricSense-VLA/jackal_ws/install/jackal_description:/root/AgricSense-VLA/jackal_ws/install/interactive_marker_twist_server:/root/AgricSense-VLA/jackal_ws/install/gazebo_ros2_control_demos:/root/AgricSense-VLA/jackal_ws/install/wireless_watcher:/root/AgricSense-VLA/jackal_ws/install/sensor_tools:/opt/ros/humble LD_LIBRARY_PATH=/root/AgricSense-VLA/jackal_ws/install/gazebo_ros2_control/lib:/root/AgricSense-VLA/jackal_ws/install/jackal_robot/lib:/root/AgricSense-VLA/jackal_ws/install/wireless_msgs/lib:/root/AgricSense-VLA/jackal_ws/install/micro_ros_agent/lib:/root/AgricSense-VLA/jackal_ws/install/micro_ros_msgs/lib:/root/AgricSense-VLA/jackal_ws/install/jackal_msgs/lib:/usr/lib/x86_64-linux-gnu/gazebo-11/plugins:/opt/ros/humble/opt/rviz_ogre_vendor/lib:/opt/ros/humble/lib/x86_64-linux-gnu:/opt/ros/humble/lib /usr/bin/cmake --build /root/AgricSense-VLA/jackal_ws/build/jackal_description -- -j20 -l20
[2.361s] Invoking command in '/root/AgricSense-VLA/jackal_ws/build/jackal_description': CMAKE_PREFIX_PATH=/root/AgricSense-VLA/jackal_ws/install/gazebo_ros2_control:/root/AgricSense-VLA/jackal_ws/install/jackal_robot:/root/AgricSense-VLA/jackal_ws/install/wireless_msgs:/root/AgricSense-VLA/jackal_ws/install/micro_ros_setup:/root/AgricSense-VLA/jackal_ws/install/micro_ros_agent:/root/AgricSense-VLA/jackal_ws/install/micro_ros_msgs:/root/AgricSense-VLA/jackal_ws/install/jackal_simulator:/root/AgricSense-VLA/jackal_ws/install/jackal_gazebo:/root/AgricSense-VLA/jackal_ws/install/jackal_desktop:/root/AgricSense-VLA/jackal_ws/install/jackal_viz:/root/AgricSense-VLA/jackal_ws/install/jackal_navigation:/root/AgricSense-VLA/jackal_ws/install/jackal_msgs:/root/AgricSense-VLA/jackal_ws/install/jackal_control:/root/AgricSense-VLA/jackal_ws/install/jackal_description:/root/AgricSense-VLA/jackal_ws/install/interactive_marker_twist_server:/root/AgricSense-VLA/jackal_ws/install/gazebo_ros2_control_demos:/root/AgricSense-VLA/jackal_ws/install/wireless_watcher:/root/AgricSense-VLA/jackal_ws/install/sensor_tools:/opt/ros/humble LD_LIBRARY_PATH=/root/AgricSense-VLA/jackal_ws/install/gazebo_ros2_control/lib:/root/AgricSense-VLA/jackal_ws/install/jackal_robot/lib:/root/AgricSense-VLA/jackal_ws/install/wireless_msgs/lib:/root/AgricSense-VLA/jackal_ws/install/micro_ros_agent/lib:/root/AgricSense-VLA/jackal_ws/install/micro_ros_msgs/lib:/root/AgricSense-VLA/jackal_ws/install/jackal_msgs/lib:/usr/lib/x86_64-linux-gnu/gazebo-11/plugins:/opt/ros/humble/opt/rviz_ogre_vendor/lib:/opt/ros/humble/lib/x86_64-linux-gnu:/opt/ros/humble/lib /usr/bin/cmake --install /root/AgricSense-VLA/jackal_ws/build/jackal_description
[2.369s] -- Install configuration: ""
[2.370s] -- Execute custom install script
[2.370s] -- Symlinking: /root/AgricSense-VLA/jackal_ws/install/jackal_description/share/jackal_description/launch/description.launch.py
[2.378s] -- Symlinking: /root/AgricSense-VLA/jackal_ws/install/jackal_description/share/jackal_description/launch/description_ignition.launch.py
[2.389s] -- Symlinking: /root/AgricSense-VLA/jackal_ws/install/jackal_description/share/jackal_description/meshes/ZED2i_binary.stl
[2.396s] -- Symlinking: /root/AgricSense-VLA/jackal_ws/install/jackal_description/share/jackal_description/meshes/accessory_fender.stl
[2.406s] -- Symlinking: /root/AgricSense-VLA/jackal_ws/install/jackal_description/share/jackal_description/meshes/ark_enclosure.stl
[2.415s] -- Symlinking: /root/AgricSense-VLA/jackal_ws/install/jackal_description/share/jackal_description/meshes/bridge-plate.stl
[2.425s] -- Symlinking: /root/AgricSense-VLA/jackal_ws/install/jackal_description/share/jackal_description/meshes/camera-beam.stl
[2.434s] -- Symlinking: /root/AgricSense-VLA/jackal_ws/install/jackal_description/share/jackal_description/meshes/camera-bracket.stl
[2.444s] -- Symlinking: /root/AgricSense-VLA/jackal_ws/install/jackal_description/share/jackal_description/meshes/hokuyo_ust10.stl
[2.453s] -- Symlinking: /root/AgricSense-VLA/jackal_ws/install/jackal_description/share/jackal_description/meshes/jackal-base.stl
[2.463s] -- Symlinking: /root/AgricSense-VLA/jackal_ws/install/jackal_description/share/jackal_description/meshes/jackal-fender.stl
[2.473s] -- Symlinking: /root/AgricSense-VLA/jackal_ws/install/jackal_description/share/jackal_description/meshes/jackal-fenders.stl
[2.481s] -- Symlinking: /root/AgricSense-VLA/jackal_ws/install/jackal_description/share/jackal_description/meshes/jackal-wheel.stl
[2.488s] -- Symlinking: /root/AgricSense-VLA/jackal_ws/install/jackal_description/share/jackal_description/meshes/kinect_mount.stl
[2.496s] -- Symlinking: /root/AgricSense-VLA/jackal_ws/install/jackal_description/share/jackal_description/meshes/novatel-smart6.stl
[2.506s] -- Symlinking: /root/AgricSense-VLA/jackal_ws/install/jackal_description/share/jackal_description/meshes/novatel-smart7.stl
[2.513s] -- Symlinking: /root/AgricSense-VLA/jackal_ws/install/jackal_description/share/jackal_description/meshes/sick-lms1xx-bracket.stl
[2.523s] -- Symlinking: /root/AgricSense-VLA/jackal_ws/install/jackal_description/share/jackal_description/meshes/stereo-camera-beam.stl
[2.533s] -- Symlinking: /root/AgricSense-VLA/jackal_ws/install/jackal_description/share/jackal_description/meshes/stereo-camera-bracket.stl
[2.543s] -- Symlinking: /root/AgricSense-VLA/jackal_ws/install/jackal_description/share/jackal_description/meshes/support_v1_binary.stl
[2.551s] -- Symlinking: /root/AgricSense-VLA/jackal_ws/install/jackal_description/share/jackal_description/urdf/accessories.urdf.xacro
[2.561s] -- Symlinking: /root/AgricSense-VLA/jackal_ws/install/jackal_description/share/jackal_description/urdf/accessories/bridge_plate.urdf.xacro
[2.571s] -- Symlinking: /root/AgricSense-VLA/jackal_ws/install/jackal_description/share/jackal_description/urdf/accessories/camera_mount.urdf.xacro
[2.577s] -- Symlinking: /root/AgricSense-VLA/jackal_ws/install/jackal_description/share/jackal_description/urdf/accessories/hdl32_mount.urdf.xacro
[2.584s] -- Symlinking: /root/AgricSense-VLA/jackal_ws/install/jackal_description/share/jackal_description/urdf/accessories/hokuyo_ust10.urdf.xacro
[2.594s] -- Symlinking: /root/AgricSense-VLA/jackal_ws/install/jackal_description/share/jackal_description/urdf/accessories/novatel_smart6.urdf.xacro
[2.603s] -- Symlinking: /root/AgricSense-VLA/jackal_ws/install/jackal_description/share/jackal_description/urdf/accessories/novatel_smart7.urdf.xacro
[2.613s] -- Symlinking: /root/AgricSense-VLA/jackal_ws/install/jackal_description/share/jackal_description/urdf/accessories/sick_lms1xx_mount.urdf.xacro
[2.622s] -- Symlinking: /root/AgricSense-VLA/jackal_ws/install/jackal_description/share/jackal_description/urdf/accessories/standoffs.urdf.xacro
[2.632s] -- Symlinking: /root/AgricSense-VLA/jackal_ws/install/jackal_description/share/jackal_description/urdf/accessories/stereo_camera_mount.urdf.xacro
[2.642s] -- Symlinking: /root/AgricSense-VLA/jackal_ws/install/jackal_description/share/jackal_description/urdf/accessories/vlp16_mount.urdf.xacro
[2.652s] -- Symlinking: /root/AgricSense-VLA/jackal_ws/install/jackal_description/share/jackal_description/urdf/custom_example.urdf
[2.662s] -- Symlinking: /root/AgricSense-VLA/jackal_ws/install/jackal_description/share/jackal_description/urdf/custom_zed_mount.urdf.xacro
[2.672s] -- Symlinking: /root/AgricSense-VLA/jackal_ws/install/jackal_description/share/jackal_description/urdf/empty.urdf
[2.681s] -- Symlinking: /root/AgricSense-VLA/jackal_ws/install/jackal_description/share/jackal_description/urdf/jackal.gazebo
[2.689s] -- Symlinking: /root/AgricSense-VLA/jackal_ws/install/jackal_description/share/jackal_description/urdf/jackal.urdf
[2.696s] -- Symlinking: /root/AgricSense-VLA/jackal_ws/install/jackal_description/share/jackal_description/urdf/jackal.urdf.xacro
[2.706s] -- Symlinking: /root/AgricSense-VLA/jackal_ws/install/jackal_description/share/jackal_description/sdf/jackal.sdf
[2.715s] -- Symlinking: /root/AgricSense-VLA/jackal_ws/install/jackal_description/share/jackal_description/sdf/jackal.sdf.xacro
[2.724s] -- Symlinking: /root/AgricSense-VLA/jackal_ws/install/jackal_description/share/jackal_description/sdf/jackal_ignition_plugins.sdf
[2.733s] -- Symlinking: /root/AgricSense-VLA/jackal_ws/install/jackal_description/share/jackal_description/sdf/wheel.sdf.xacro
[2.743s] -- Symlinking: /root/AgricSense-VLA/jackal_ws/install/jackal_description/share/jackal_description/sdf/zed_mount.sdf
[2.753s] -- Symlinking: /root/AgricSense-VLA/jackal_ws/install/jackal_description/share/ament_index/resource_index/package_run_dependencies/jackal_description
[2.763s] -- Symlinking: /root/AgricSense-VLA/jackal_ws/install/jackal_description/share/ament_index/resource_index/parent_prefix_path/jackal_description
[2.770s] -- Symlinking: /root/AgricSense-VLA/jackal_ws/install/jackal_description/share/jackal_description/environment/ament_prefix_path.sh
[2.777s] -- Symlinking: /root/AgricSense-VLA/jackal_ws/install/jackal_description/share/jackal_description/environment/ament_prefix_path.dsv
[2.786s] -- Symlinking: /root/AgricSense-VLA/jackal_ws/install/jackal_description/share/jackal_description/environment/path.sh
[2.793s] -- Symlinking: /root/AgricSense-VLA/jackal_ws/install/jackal_description/share/jackal_description/environment/path.dsv
[2.802s] -- Symlinking: /root/AgricSense-VLA/jackal_ws/install/jackal_description/share/jackal_description/local_setup.bash
[2.812s] -- Symlinking: /root/AgricSense-VLA/jackal_ws/install/jackal_description/share/jackal_description/local_setup.sh
[2.822s] -- Symlinking: /root/AgricSense-VLA/jackal_ws/install/jackal_description/share/jackal_description/local_setup.zsh
[2.832s] -- Symlinking: /root/AgricSense-VLA/jackal_ws/install/jackal_description/share/jackal_description/local_setup.dsv
[2.839s] -- Symlinking: /root/AgricSense-VLA/jackal_ws/install/jackal_description/share/jackal_description/package.dsv
[2.850s] -- Symlinking: /root/AgricSense-VLA/jackal_ws/install/jackal_description/share/ament_index/resource_index/packages/jackal_description
[2.858s] -- Symlinking: /root/AgricSense-VLA/jackal_ws/install/jackal_description/share/jackal_description/cmake/ament_cmake_export_dependencies-extras.cmake
[2.868s] -- Symlinking: /root/AgricSense-VLA/jackal_ws/install/jackal_description/share/jackal_description/cmake/jackal_descriptionConfig.cmake
[2.877s] -- Symlinking: /root/AgricSense-VLA/jackal_ws/install/jackal_description/share/jackal_description/cmake/jackal_descriptionConfig-version.cmake
[2.888s] -- Symlinking: /root/AgricSense-VLA/jackal_ws/install/jackal_description/share/jackal_description/package.xml
[2.900s] Invoked command in '/root/AgricSense-VLA/jackal_ws/build/jackal_description' returned '0': CMAKE_PREFIX_PATH=/root/AgricSense-VLA/jackal_ws/install/gazebo_ros2_control:/root/AgricSense-VLA/jackal_ws/install/jackal_robot:/root/AgricSense-VLA/jackal_ws/install/wireless_msgs:/root/AgricSense-VLA/jackal_ws/install/micro_ros_setup:/root/AgricSense-VLA/jackal_ws/install/micro_ros_agent:/root/AgricSense-VLA/jackal_ws/install/micro_ros_msgs:/root/AgricSense-VLA/jackal_ws/install/jackal_simulator:/root/AgricSense-VLA/jackal_ws/install/jackal_gazebo:/root/AgricSense-VLA/jackal_ws/install/jackal_desktop:/root/AgricSense-VLA/jackal_ws/install/jackal_viz:/root/AgricSense-VLA/jackal_ws/install/jackal_navigation:/root/AgricSense-VLA/jackal_ws/install/jackal_msgs:/root/AgricSense-VLA/jackal_ws/install/jackal_control:/root/AgricSense-VLA/jackal_ws/install/jackal_description:/root/AgricSense-VLA/jackal_ws/install/interactive_marker_twist_server:/root/AgricSense-VLA/jackal_ws/install/gazebo_ros2_control_demos:/root/AgricSense-VLA/jackal_ws/install/wireless_watcher:/root/AgricSense-VLA/jackal_ws/install/sensor_tools:/opt/ros/humble LD_LIBRARY_PATH=/root/AgricSense-VLA/jackal_ws/install/gazebo_ros2_control/lib:/root/AgricSense-VLA/jackal_ws/install/jackal_robot/lib:/root/AgricSense-VLA/jackal_ws/install/wireless_msgs/lib:/root/AgricSense-VLA/jackal_ws/install/micro_ros_agent/lib:/root/AgricSense-VLA/jackal_ws/install/micro_ros_msgs/lib:/root/AgricSense-VLA/jackal_ws/install/jackal_msgs/lib:/usr/lib/x86_64-linux-gnu/gazebo-11/plugins:/opt/ros/humble/opt/rviz_ogre_vendor/lib:/opt/ros/humble/lib/x86_64-linux-gnu:/opt/ros/humble/lib /usr/bin/cmake --install /root/AgricSense-VLA/jackal_ws/build/jackal_description
