[0.008s] Invoking command in '/root/AgricSense-VLA/jackal_ws/build/gazebo_ros2_control_demos': CMAKE_PREFIX_PATH=/root/AgricSense-VLA/jackal_ws/install/gazebo_ros2_control:/root/AgricSense-VLA/jackal_ws/install/jackal_robot:/root/AgricSense-VLA/jackal_ws/install/wireless_msgs:/root/AgricSense-VLA/jackal_ws/install/micro_ros_setup:/root/AgricSense-VLA/jackal_ws/install/micro_ros_agent:/root/AgricSense-VLA/jackal_ws/install/micro_ros_msgs:/root/AgricSense-VLA/jackal_ws/install/jackal_simulator:/root/AgricSense-VLA/jackal_ws/install/jackal_gazebo:/root/AgricSense-VLA/jackal_ws/install/jackal_desktop:/root/AgricSense-VLA/jackal_ws/install/jackal_viz:/root/AgricSense-VLA/jackal_ws/install/jackal_navigation:/root/AgricSense-VLA/jackal_ws/install/jackal_msgs:/root/AgricSense-VLA/jackal_ws/install/jackal_control:/root/AgricSense-VLA/jackal_ws/install/jackal_description:/root/AgricSense-VLA/jackal_ws/install/interactive_marker_twist_server:/root/AgricSense-VLA/jackal_ws/install/gazebo_ros2_control_demos:/root/AgricSense-VLA/jackal_ws/install/wireless_watcher:/root/AgricSense-VLA/jackal_ws/install/sensor_tools:/opt/ros/humble LD_LIBRARY_PATH=/root/AgricSense-VLA/jackal_ws/install/gazebo_ros2_control/lib:/root/AgricSense-VLA/jackal_ws/install/jackal_robot/lib:/root/AgricSense-VLA/jackal_ws/install/wireless_msgs/lib:/root/AgricSense-VLA/jackal_ws/install/micro_ros_agent/lib:/root/AgricSense-VLA/jackal_ws/install/micro_ros_msgs/lib:/root/AgricSense-VLA/jackal_ws/install/jackal_msgs/lib:/usr/lib/x86_64-linux-gnu/gazebo-11/plugins:/opt/ros/humble/opt/rviz_ogre_vendor/lib:/opt/ros/humble/lib/x86_64-linux-gnu:/opt/ros/humble/lib /usr/bin/cmake /root/AgricSense-VLA/jackal_ws/src/gazebo_ros2_control/gazebo_ros2_control_demos -DAMENT_CMAKE_SYMLINK_INSTALL=1 -DCMAKE_INSTALL_PREFIX=/root/AgricSense-VLA/jackal_ws/install/gazebo_ros2_control_demos
[0.059s] -- The C compiler identification is GNU 11.4.0
[0.116s] -- The CXX compiler identification is GNU 11.4.0
[0.122s] -- Detecting C compiler ABI info
[0.187s] -- Detecting C compiler ABI info - done
[0.196s] -- Check for working C compiler: /usr/bin/cc - skipped
[0.197s] -- Detecting C compile features
[0.197s] -- Detecting C compile features - done
[0.200s] -- Detecting CXX compiler ABI info
[0.277s] -- Detecting CXX compiler ABI info - done
[0.284s] -- Check for working CXX compiler: /usr/bin/c++ - skipped
[0.284s] -- Detecting CXX compile features
[0.284s] -- Detecting CXX compile features - done
[0.287s] -- Found ament_cmake: 1.3.11 (/opt/ros/humble/share/ament_cmake/cmake)
[0.413s] -- Found Python3: /usr/bin/python3 (found version "3.10.12") found components: Interpreter 
[0.460s] -- Override CMake install command with custom implementation using symlinks instead of copying resources
[0.493s] -- Found control_msgs: 4.8.0 (/opt/ros/humble/share/control_msgs/cmake)
[0.525s] -- Found rosidl_generator_c: 3.1.6 (/opt/ros/humble/share/rosidl_generator_c/cmake)
[0.530s] -- Found rosidl_adapter: 3.1.6 (/opt/ros/humble/share/rosidl_adapter/cmake)
[0.538s] -- Found rosidl_generator_cpp: 3.1.6 (/opt/ros/humble/share/rosidl_generator_cpp/cmake)
[0.548s] -- Using all available rosidl_typesupport_c: rosidl_typesupport_fastrtps_c;rosidl_typesupport_introspection_c
[0.561s] -- Using all available rosidl_typesupport_cpp: rosidl_typesupport_fastrtps_cpp;rosidl_typesupport_introspection_cpp
[0.651s] -- Found rclcpp: 16.0.11 (/opt/ros/humble/share/rclcpp/cmake)
[0.684s] -- Found rmw_implementation_cmake: 6.1.2 (/opt/ros/humble/share/rmw_implementation_cmake/cmake)
[0.687s] -- Found rmw_fastrtps_cpp: 6.2.7 (/opt/ros/humble/share/rmw_fastrtps_cpp/cmake)
[0.772s] -- Found OpenSSL: /usr/lib/x86_64-linux-gnu/libcrypto.so (found version "3.0.2")  
[0.795s] -- Found FastRTPS: /opt/ros/humble/include  
[0.831s] -- Using RMW implementation 'rmw_fastrtps_cpp' as default
[0.840s] -- Looking for pthread.h
[0.905s] -- Looking for pthread.h - found
[0.905s] -- Performing Test CMAKE_HAVE_LIBC_PTHREAD
[0.986s] -- Performing Test CMAKE_HAVE_LIBC_PTHREAD - Success
[0.988s] -- Found Threads: TRUE  
[1.020s] -- Found rclcpp_action: 16.0.11 (/opt/ros/humble/share/rclcpp_action/cmake)
[1.035s] -- Found ament_cmake_gtest: 1.3.11 (/opt/ros/humble/share/ament_cmake_gtest/cmake)
[1.037s] -- Found ament_lint_auto: 0.12.12 (/opt/ros/humble/share/ament_lint_auto/cmake)
[1.102s] -- Added test 'copyright' to check source files copyright and LICENSE
[1.104s] -- Added test 'cppcheck' to perform static code analysis on C / C++ code
[1.104s] -- Configured cppcheck include dirs: 
[1.104s] -- Configured cppcheck exclude dirs and/or files: 
[1.105s] -- Added test 'cpplint' to check C / C++ code against the Google style
[1.105s] -- Configured cpplint exclude dirs and/or files: 
[1.106s] -- Added test 'flake8' to check Python code syntax and style conventions
[1.106s] -- Added test 'lint_cmake' to check CMake code style
[1.107s] -- Added test 'pep257' to check Python code against some of the docstring style conventions in PEP 257
[1.108s] -- Added test 'uncrustify' to check C / C++ code style
[1.108s] -- Configured uncrustify additional arguments: 
[1.109s] -- Added test 'xmllint' to check XML markup files
[1.110s] -- Configuring done
[1.126s] -- Generating done
[1.132s] -- Build files have been written to: /root/AgricSense-VLA/jackal_ws/build/gazebo_ros2_control_demos
[1.139s] Invoked command in '/root/AgricSense-VLA/jackal_ws/build/gazebo_ros2_control_demos' returned '0': CMAKE_PREFIX_PATH=/root/AgricSense-VLA/jackal_ws/install/gazebo_ros2_control:/root/AgricSense-VLA/jackal_ws/install/jackal_robot:/root/AgricSense-VLA/jackal_ws/install/wireless_msgs:/root/AgricSense-VLA/jackal_ws/install/micro_ros_setup:/root/AgricSense-VLA/jackal_ws/install/micro_ros_agent:/root/AgricSense-VLA/jackal_ws/install/micro_ros_msgs:/root/AgricSense-VLA/jackal_ws/install/jackal_simulator:/root/AgricSense-VLA/jackal_ws/install/jackal_gazebo:/root/AgricSense-VLA/jackal_ws/install/jackal_desktop:/root/AgricSense-VLA/jackal_ws/install/jackal_viz:/root/AgricSense-VLA/jackal_ws/install/jackal_navigation:/root/AgricSense-VLA/jackal_ws/install/jackal_msgs:/root/AgricSense-VLA/jackal_ws/install/jackal_control:/root/AgricSense-VLA/jackal_ws/install/jackal_description:/root/AgricSense-VLA/jackal_ws/install/interactive_marker_twist_server:/root/AgricSense-VLA/jackal_ws/install/gazebo_ros2_control_demos:/root/AgricSense-VLA/jackal_ws/install/wireless_watcher:/root/AgricSense-VLA/jackal_ws/install/sensor_tools:/opt/ros/humble LD_LIBRARY_PATH=/root/AgricSense-VLA/jackal_ws/install/gazebo_ros2_control/lib:/root/AgricSense-VLA/jackal_ws/install/jackal_robot/lib:/root/AgricSense-VLA/jackal_ws/install/wireless_msgs/lib:/root/AgricSense-VLA/jackal_ws/install/micro_ros_agent/lib:/root/AgricSense-VLA/jackal_ws/install/micro_ros_msgs/lib:/root/AgricSense-VLA/jackal_ws/install/jackal_msgs/lib:/usr/lib/x86_64-linux-gnu/gazebo-11/plugins:/opt/ros/humble/opt/rviz_ogre_vendor/lib:/opt/ros/humble/lib/x86_64-linux-gnu:/opt/ros/humble/lib /usr/bin/cmake /root/AgricSense-VLA/jackal_ws/src/gazebo_ros2_control/gazebo_ros2_control_demos -DAMENT_CMAKE_SYMLINK_INSTALL=1 -DCMAKE_INSTALL_PREFIX=/root/AgricSense-VLA/jackal_ws/install/gazebo_ros2_control_demos
[1.140s] Invoking command in '/root/AgricSense-VLA/jackal_ws/build/gazebo_ros2_control_demos': CMAKE_PREFIX_PATH=/root/AgricSense-VLA/jackal_ws/install/gazebo_ros2_control:/root/AgricSense-VLA/jackal_ws/install/jackal_robot:/root/AgricSense-VLA/jackal_ws/install/wireless_msgs:/root/AgricSense-VLA/jackal_ws/install/micro_ros_setup:/root/AgricSense-VLA/jackal_ws/install/micro_ros_agent:/root/AgricSense-VLA/jackal_ws/install/micro_ros_msgs:/root/AgricSense-VLA/jackal_ws/install/jackal_simulator:/root/AgricSense-VLA/jackal_ws/install/jackal_gazebo:/root/AgricSense-VLA/jackal_ws/install/jackal_desktop:/root/AgricSense-VLA/jackal_ws/install/jackal_viz:/root/AgricSense-VLA/jackal_ws/install/jackal_navigation:/root/AgricSense-VLA/jackal_ws/install/jackal_msgs:/root/AgricSense-VLA/jackal_ws/install/jackal_control:/root/AgricSense-VLA/jackal_ws/install/jackal_description:/root/AgricSense-VLA/jackal_ws/install/interactive_marker_twist_server:/root/AgricSense-VLA/jackal_ws/install/gazebo_ros2_control_demos:/root/AgricSense-VLA/jackal_ws/install/wireless_watcher:/root/AgricSense-VLA/jackal_ws/install/sensor_tools:/opt/ros/humble LD_LIBRARY_PATH=/root/AgricSense-VLA/jackal_ws/install/gazebo_ros2_control/lib:/root/AgricSense-VLA/jackal_ws/install/jackal_robot/lib:/root/AgricSense-VLA/jackal_ws/install/wireless_msgs/lib:/root/AgricSense-VLA/jackal_ws/install/micro_ros_agent/lib:/root/AgricSense-VLA/jackal_ws/install/micro_ros_msgs/lib:/root/AgricSense-VLA/jackal_ws/install/jackal_msgs/lib:/usr/lib/x86_64-linux-gnu/gazebo-11/plugins:/opt/ros/humble/opt/rviz_ogre_vendor/lib:/opt/ros/humble/lib/x86_64-linux-gnu:/opt/ros/humble/lib /usr/bin/cmake --build /root/AgricSense-VLA/jackal_ws/build/gazebo_ros2_control_demos -- -j20 -l20
[1.187s] [  8%] [32mBuilding CXX object CMakeFiles/example_velocity.dir/examples/example_velocity.cpp.o[0m
[1.188s] [ 16%] [32mBuilding CXX object CMakeFiles/example_effort.dir/examples/example_effort.cpp.o[0m
[1.188s] [ 25%] [32mBuilding CXX object CMakeFiles/example_diff_drive.dir/examples/example_diff_drive.cpp.o[0m
[1.189s] [ 33%] [32mBuilding CXX object CMakeFiles/example_position.dir/examples/example_position.cpp.o[0m
[1.190s] [ 41%] [32mBuilding CXX object CMakeFiles/example_tricycle_drive.dir/examples/example_tricycle_drive.cpp.o[0m
[1.191s] [ 50%] [32mBuilding CXX object CMakeFiles/example_gripper.dir/examples/example_gripper.cpp.o[0m
[4.012s] [ 58%] [32m[1mLinking CXX executable example_diff_drive[0m
[4.118s] [ 66%] [32m[1mLinking CXX executable example_gripper[0m
[4.123s] [ 75%] [32m[1mLinking CXX executable example_effort[0m
[4.154s] [ 75%] Built target example_diff_drive
[4.254s] [ 75%] Built target example_effort
[4.256s] [ 75%] Built target example_gripper
[4.339s] [ 83%] [32m[1mLinking CXX executable example_velocity[0m
[4.429s] [ 91%] [32m[1mLinking CXX executable example_position[0m
[4.472s] [ 91%] Built target example_velocity
[4.583s] [ 91%] Built target example_position
[5.152s] [100%] [32m[1mLinking CXX executable example_tricycle_drive[0m
[5.280s] [100%] Built target example_tricycle_drive
[5.289s] Invoked command in '/root/AgricSense-VLA/jackal_ws/build/gazebo_ros2_control_demos' returned '0': CMAKE_PREFIX_PATH=/root/AgricSense-VLA/jackal_ws/install/gazebo_ros2_control:/root/AgricSense-VLA/jackal_ws/install/jackal_robot:/root/AgricSense-VLA/jackal_ws/install/wireless_msgs:/root/AgricSense-VLA/jackal_ws/install/micro_ros_setup:/root/AgricSense-VLA/jackal_ws/install/micro_ros_agent:/root/AgricSense-VLA/jackal_ws/install/micro_ros_msgs:/root/AgricSense-VLA/jackal_ws/install/jackal_simulator:/root/AgricSense-VLA/jackal_ws/install/jackal_gazebo:/root/AgricSense-VLA/jackal_ws/install/jackal_desktop:/root/AgricSense-VLA/jackal_ws/install/jackal_viz:/root/AgricSense-VLA/jackal_ws/install/jackal_navigation:/root/AgricSense-VLA/jackal_ws/install/jackal_msgs:/root/AgricSense-VLA/jackal_ws/install/jackal_control:/root/AgricSense-VLA/jackal_ws/install/jackal_description:/root/AgricSense-VLA/jackal_ws/install/interactive_marker_twist_server:/root/AgricSense-VLA/jackal_ws/install/gazebo_ros2_control_demos:/root/AgricSense-VLA/jackal_ws/install/wireless_watcher:/root/AgricSense-VLA/jackal_ws/install/sensor_tools:/opt/ros/humble LD_LIBRARY_PATH=/root/AgricSense-VLA/jackal_ws/install/gazebo_ros2_control/lib:/root/AgricSense-VLA/jackal_ws/install/jackal_robot/lib:/root/AgricSense-VLA/jackal_ws/install/wireless_msgs/lib:/root/AgricSense-VLA/jackal_ws/install/micro_ros_agent/lib:/root/AgricSense-VLA/jackal_ws/install/micro_ros_msgs/lib:/root/AgricSense-VLA/jackal_ws/install/jackal_msgs/lib:/usr/lib/x86_64-linux-gnu/gazebo-11/plugins:/opt/ros/humble/opt/rviz_ogre_vendor/lib:/opt/ros/humble/lib/x86_64-linux-gnu:/opt/ros/humble/lib /usr/bin/cmake --build /root/AgricSense-VLA/jackal_ws/build/gazebo_ros2_control_demos -- -j20 -l20
[5.291s] Invoking command in '/root/AgricSense-VLA/jackal_ws/build/gazebo_ros2_control_demos': CMAKE_PREFIX_PATH=/root/AgricSense-VLA/jackal_ws/install/gazebo_ros2_control:/root/AgricSense-VLA/jackal_ws/install/jackal_robot:/root/AgricSense-VLA/jackal_ws/install/wireless_msgs:/root/AgricSense-VLA/jackal_ws/install/micro_ros_setup:/root/AgricSense-VLA/jackal_ws/install/micro_ros_agent:/root/AgricSense-VLA/jackal_ws/install/micro_ros_msgs:/root/AgricSense-VLA/jackal_ws/install/jackal_simulator:/root/AgricSense-VLA/jackal_ws/install/jackal_gazebo:/root/AgricSense-VLA/jackal_ws/install/jackal_desktop:/root/AgricSense-VLA/jackal_ws/install/jackal_viz:/root/AgricSense-VLA/jackal_ws/install/jackal_navigation:/root/AgricSense-VLA/jackal_ws/install/jackal_msgs:/root/AgricSense-VLA/jackal_ws/install/jackal_control:/root/AgricSense-VLA/jackal_ws/install/jackal_description:/root/AgricSense-VLA/jackal_ws/install/interactive_marker_twist_server:/root/AgricSense-VLA/jackal_ws/install/gazebo_ros2_control_demos:/root/AgricSense-VLA/jackal_ws/install/wireless_watcher:/root/AgricSense-VLA/jackal_ws/install/sensor_tools:/opt/ros/humble LD_LIBRARY_PATH=/root/AgricSense-VLA/jackal_ws/install/gazebo_ros2_control/lib:/root/AgricSense-VLA/jackal_ws/install/jackal_robot/lib:/root/AgricSense-VLA/jackal_ws/install/wireless_msgs/lib:/root/AgricSense-VLA/jackal_ws/install/micro_ros_agent/lib:/root/AgricSense-VLA/jackal_ws/install/micro_ros_msgs/lib:/root/AgricSense-VLA/jackal_ws/install/jackal_msgs/lib:/usr/lib/x86_64-linux-gnu/gazebo-11/plugins:/opt/ros/humble/opt/rviz_ogre_vendor/lib:/opt/ros/humble/lib/x86_64-linux-gnu:/opt/ros/humble/lib /usr/bin/cmake --install /root/AgricSense-VLA/jackal_ws/build/gazebo_ros2_control_demos
[5.296s] -- Install configuration: ""
[5.296s] -- Execute custom install script
[5.297s] -- Symlinking: /root/AgricSense-VLA/jackal_ws/install/gazebo_ros2_control_demos/share/gazebo_ros2_control_demos//launch/cart_example_effort.launch.py
[5.304s] -- Symlinking: /root/AgricSense-VLA/jackal_ws/install/gazebo_ros2_control_demos/share/gazebo_ros2_control_demos//launch/cart_example_position.launch.py
[5.312s] -- Symlinking: /root/AgricSense-VLA/jackal_ws/install/gazebo_ros2_control_demos/share/gazebo_ros2_control_demos//launch/cart_example_velocity.launch.py
[5.321s] -- Symlinking: /root/AgricSense-VLA/jackal_ws/install/gazebo_ros2_control_demos/share/gazebo_ros2_control_demos//launch/diff_drive.launch.py
[5.328s] -- Symlinking: /root/AgricSense-VLA/jackal_ws/install/gazebo_ros2_control_demos/share/gazebo_ros2_control_demos//launch/gripper_mimic_joint_example.launch.py
[5.334s] -- Symlinking: /root/AgricSense-VLA/jackal_ws/install/gazebo_ros2_control_demos/share/gazebo_ros2_control_demos//launch/tricycle_drive.launch.py
[5.344s] -- Symlinking: /root/AgricSense-VLA/jackal_ws/install/gazebo_ros2_control_demos/share/gazebo_ros2_control_demos//config/cart_controller.yaml
[5.353s] -- Symlinking: /root/AgricSense-VLA/jackal_ws/install/gazebo_ros2_control_demos/share/gazebo_ros2_control_demos//config/cart_controller_effort.yaml
[5.364s] -- Symlinking: /root/AgricSense-VLA/jackal_ws/install/gazebo_ros2_control_demos/share/gazebo_ros2_control_demos//config/cart_controller_velocity.yaml
[5.378s] -- Symlinking: /root/AgricSense-VLA/jackal_ws/install/gazebo_ros2_control_demos/share/gazebo_ros2_control_demos//config/config.rviz
[5.392s] -- Symlinking: /root/AgricSense-VLA/jackal_ws/install/gazebo_ros2_control_demos/share/gazebo_ros2_control_demos//config/diff_drive_controller.yaml
[5.403s] -- Symlinking: /root/AgricSense-VLA/jackal_ws/install/gazebo_ros2_control_demos/share/gazebo_ros2_control_demos//config/gripper_controller.yaml
[5.411s] -- Symlinking: /root/AgricSense-VLA/jackal_ws/install/gazebo_ros2_control_demos/share/gazebo_ros2_control_demos//config/tricycle_drive_controller.yaml
[5.420s] -- Symlinking: /root/AgricSense-VLA/jackal_ws/install/gazebo_ros2_control_demos/share/gazebo_ros2_control_demos//urdf/test_cart_effort.xacro.urdf
[5.429s] -- Symlinking: /root/AgricSense-VLA/jackal_ws/install/gazebo_ros2_control_demos/share/gazebo_ros2_control_demos//urdf/test_cart_position.xacro.urdf
[5.437s] -- Symlinking: /root/AgricSense-VLA/jackal_ws/install/gazebo_ros2_control_demos/share/gazebo_ros2_control_demos//urdf/test_cart_velocity.xacro.urdf
[5.446s] -- Symlinking: /root/AgricSense-VLA/jackal_ws/install/gazebo_ros2_control_demos/share/gazebo_ros2_control_demos//urdf/test_diff_drive.xacro.urdf
[5.457s] -- Symlinking: /root/AgricSense-VLA/jackal_ws/install/gazebo_ros2_control_demos/share/gazebo_ros2_control_demos//urdf/test_gripper_mimic_joint.xacro.urdf
[5.464s] -- Symlinking: /root/AgricSense-VLA/jackal_ws/install/gazebo_ros2_control_demos/share/gazebo_ros2_control_demos//urdf/test_tricycle_drive.xacro.urdf
[5.471s] -- Symlinking: /root/AgricSense-VLA/jackal_ws/install/gazebo_ros2_control_demos/lib/gazebo_ros2_control_demos/example_position
[5.478s] -- Symlinking: /root/AgricSense-VLA/jackal_ws/install/gazebo_ros2_control_demos/lib/gazebo_ros2_control_demos/example_velocity
[5.484s] -- Symlinking: /root/AgricSense-VLA/jackal_ws/install/gazebo_ros2_control_demos/lib/gazebo_ros2_control_demos/example_effort
[5.493s] -- Symlinking: /root/AgricSense-VLA/jackal_ws/install/gazebo_ros2_control_demos/lib/gazebo_ros2_control_demos/example_diff_drive
[5.499s] -- Symlinking: /root/AgricSense-VLA/jackal_ws/install/gazebo_ros2_control_demos/lib/gazebo_ros2_control_demos/example_tricycle_drive
[5.506s] -- Symlinking: /root/AgricSense-VLA/jackal_ws/install/gazebo_ros2_control_demos/lib/gazebo_ros2_control_demos/example_gripper
[5.517s] -- Symlinking: /root/AgricSense-VLA/jackal_ws/install/gazebo_ros2_control_demos/share/ament_index/resource_index/package_run_dependencies/gazebo_ros2_control_demos
[5.522s] -- Symlinking: /root/AgricSense-VLA/jackal_ws/install/gazebo_ros2_control_demos/share/ament_index/resource_index/parent_prefix_path/gazebo_ros2_control_demos
[5.533s] -- Symlinking: /root/AgricSense-VLA/jackal_ws/install/gazebo_ros2_control_demos/share/gazebo_ros2_control_demos/environment/ament_prefix_path.sh
[5.540s] -- Symlinking: /root/AgricSense-VLA/jackal_ws/install/gazebo_ros2_control_demos/share/gazebo_ros2_control_demos/environment/ament_prefix_path.dsv
[5.550s] -- Symlinking: /root/AgricSense-VLA/jackal_ws/install/gazebo_ros2_control_demos/share/gazebo_ros2_control_demos/environment/path.sh
[5.560s] -- Symlinking: /root/AgricSense-VLA/jackal_ws/install/gazebo_ros2_control_demos/share/gazebo_ros2_control_demos/environment/path.dsv
[5.568s] -- Symlinking: /root/AgricSense-VLA/jackal_ws/install/gazebo_ros2_control_demos/share/gazebo_ros2_control_demos/local_setup.bash
[5.578s] -- Symlinking: /root/AgricSense-VLA/jackal_ws/install/gazebo_ros2_control_demos/share/gazebo_ros2_control_demos/local_setup.sh
[5.586s] -- Symlinking: /root/AgricSense-VLA/jackal_ws/install/gazebo_ros2_control_demos/share/gazebo_ros2_control_demos/local_setup.zsh
[5.596s] -- Symlinking: /root/AgricSense-VLA/jackal_ws/install/gazebo_ros2_control_demos/share/gazebo_ros2_control_demos/local_setup.dsv
[5.604s] -- Symlinking: /root/AgricSense-VLA/jackal_ws/install/gazebo_ros2_control_demos/share/gazebo_ros2_control_demos/package.dsv
[5.614s] -- Symlinking: /root/AgricSense-VLA/jackal_ws/install/gazebo_ros2_control_demos/share/ament_index/resource_index/packages/gazebo_ros2_control_demos
[5.620s] -- Symlinking: /root/AgricSense-VLA/jackal_ws/install/gazebo_ros2_control_demos/share/gazebo_ros2_control_demos/cmake/gazebo_ros2_control_demosConfig.cmake
[5.628s] -- Symlinking: /root/AgricSense-VLA/jackal_ws/install/gazebo_ros2_control_demos/share/gazebo_ros2_control_demos/cmake/gazebo_ros2_control_demosConfig-version.cmake
[5.638s] -- Symlinking: /root/AgricSense-VLA/jackal_ws/install/gazebo_ros2_control_demos/share/gazebo_ros2_control_demos/package.xml
[5.647s] Invoked command in '/root/AgricSense-VLA/jackal_ws/build/gazebo_ros2_control_demos' returned '0': CMAKE_PREFIX_PATH=/root/AgricSense-VLA/jackal_ws/install/gazebo_ros2_control:/root/AgricSense-VLA/jackal_ws/install/jackal_robot:/root/AgricSense-VLA/jackal_ws/install/wireless_msgs:/root/AgricSense-VLA/jackal_ws/install/micro_ros_setup:/root/AgricSense-VLA/jackal_ws/install/micro_ros_agent:/root/AgricSense-VLA/jackal_ws/install/micro_ros_msgs:/root/AgricSense-VLA/jackal_ws/install/jackal_simulator:/root/AgricSense-VLA/jackal_ws/install/jackal_gazebo:/root/AgricSense-VLA/jackal_ws/install/jackal_desktop:/root/AgricSense-VLA/jackal_ws/install/jackal_viz:/root/AgricSense-VLA/jackal_ws/install/jackal_navigation:/root/AgricSense-VLA/jackal_ws/install/jackal_msgs:/root/AgricSense-VLA/jackal_ws/install/jackal_control:/root/AgricSense-VLA/jackal_ws/install/jackal_description:/root/AgricSense-VLA/jackal_ws/install/interactive_marker_twist_server:/root/AgricSense-VLA/jackal_ws/install/gazebo_ros2_control_demos:/root/AgricSense-VLA/jackal_ws/install/wireless_watcher:/root/AgricSense-VLA/jackal_ws/install/sensor_tools:/opt/ros/humble LD_LIBRARY_PATH=/root/AgricSense-VLA/jackal_ws/install/gazebo_ros2_control/lib:/root/AgricSense-VLA/jackal_ws/install/jackal_robot/lib:/root/AgricSense-VLA/jackal_ws/install/wireless_msgs/lib:/root/AgricSense-VLA/jackal_ws/install/micro_ros_agent/lib:/root/AgricSense-VLA/jackal_ws/install/micro_ros_msgs/lib:/root/AgricSense-VLA/jackal_ws/install/jackal_msgs/lib:/usr/lib/x86_64-linux-gnu/gazebo-11/plugins:/opt/ros/humble/opt/rviz_ogre_vendor/lib:/opt/ros/humble/lib/x86_64-linux-gnu:/opt/ros/humble/lib /usr/bin/cmake --install /root/AgricSense-VLA/jackal_ws/build/gazebo_ros2_control_demos
