running develop
running egg_info
creating sensor_tools.egg-info
writing sensor_tools.egg-info/PKG-INFO
writing dependency_links to sensor_tools.egg-info/dependency_links.txt
writing entry points to sensor_tools.egg-info/entry_points.txt
writing requirements to sensor_tools.egg-info/requires.txt
writing top-level names to sensor_tools.egg-info/top_level.txt
writing manifest file 'sensor_tools.egg-info/SOURCES.txt'
reading manifest file 'sensor_tools.egg-info/SOURCES.txt'
writing manifest file 'sensor_tools.egg-info/SOURCES.txt'
running build_ext
Creating /root/AgricSense-VLA/jackal_ws/install/sensor_tools/lib/python3.10/site-packages/sensor-tools.egg-link (link to .)
Installing bgr_to_rgb_relay script to /root/AgricSense-VLA/jackal_ws/install/sensor_tools/lib/sensor_tools
Installing reliable_relay script to /root/AgricSense-VLA/jackal_ws/install/sensor_tools/lib/sensor_tools

Installed /root/AgricSense-VLA/jackal_ws/build/sensor_tools
running symlink_data
creating /root/AgricSense-VLA/jackal_ws/install/sensor_tools/share/ament_index
creating /root/AgricSense-VLA/jackal_ws/install/sensor_tools/share/ament_index/resource_index
creating /root/AgricSense-VLA/jackal_ws/install/sensor_tools/share/ament_index/resource_index/packages
symbolically linking /root/AgricSense-VLA/jackal_ws/build/sensor_tools/resource/sensor_tools -> /root/AgricSense-VLA/jackal_ws/install/sensor_tools/share/ament_index/resource_index/packages
symbolically linking /root/AgricSense-VLA/jackal_ws/build/sensor_tools/package.xml -> /root/AgricSense-VLA/jackal_ws/install/sensor_tools/share/sensor_tools
