[0.572s] Invoking command in '/root/AgricSense-VLA/jackal_ws/build/sensor_tools': PYTHONPATH=/root/AgricSense-VLA/jackal_ws/build/sensor_tools/prefix_override:/usr/lib/python3/dist-packages/colcon_core/task/python/colcon_distutils_commands:/root/AgricSense-VLA/jackal_ws/install/sensor_tools/lib/python3.10/site-packages:${PYTHONPATH} /usr/bin/python3 -W ignore:setup.py install is deprecated -W ignore:easy_install command is deprecated setup.py develop --editable --build-directory /root/AgricSense-VLA/jackal_ws/build/sensor_tools/build --no-deps symlink_data
[0.735s] running develop
[0.825s] running egg_info
[0.826s] creating sensor_tools.egg-info
[0.826s] writing sensor_tools.egg-info/PKG-INFO
[0.826s] writing dependency_links to sensor_tools.egg-info/dependency_links.txt
[0.826s] writing entry points to sensor_tools.egg-info/entry_points.txt
[0.826s] writing requirements to sensor_tools.egg-info/requires.txt
[0.826s] writing top-level names to sensor_tools.egg-info/top_level.txt
[0.826s] writing manifest file 'sensor_tools.egg-info/SOURCES.txt'
[0.827s] reading manifest file 'sensor_tools.egg-info/SOURCES.txt'
[0.827s] writing manifest file 'sensor_tools.egg-info/SOURCES.txt'
[0.828s] running build_ext
[0.828s] Creating /root/AgricSense-VLA/jackal_ws/install/sensor_tools/lib/python3.10/site-packages/sensor-tools.egg-link (link to .)
[0.829s] Installing bgr_to_rgb_relay script to /root/AgricSense-VLA/jackal_ws/install/sensor_tools/lib/sensor_tools
[0.829s] Installing reliable_relay script to /root/AgricSense-VLA/jackal_ws/install/sensor_tools/lib/sensor_tools
[0.829s] 
[0.829s] Installed /root/AgricSense-VLA/jackal_ws/build/sensor_tools
[0.829s] running symlink_data
[0.830s] creating /root/AgricSense-VLA/jackal_ws/install/sensor_tools/share/ament_index
[0.830s] creating /root/AgricSense-VLA/jackal_ws/install/sensor_tools/share/ament_index/resource_index
[0.830s] creating /root/AgricSense-VLA/jackal_ws/install/sensor_tools/share/ament_index/resource_index/packages
[0.830s] symbolically linking /root/AgricSense-VLA/jackal_ws/build/sensor_tools/resource/sensor_tools -> /root/AgricSense-VLA/jackal_ws/install/sensor_tools/share/ament_index/resource_index/packages
[0.830s] symbolically linking /root/AgricSense-VLA/jackal_ws/build/sensor_tools/package.xml -> /root/AgricSense-VLA/jackal_ws/install/sensor_tools/share/sensor_tools
[0.848s] Invoked command in '/root/AgricSense-VLA/jackal_ws/build/sensor_tools' returned '0': PYTHONPATH=/root/AgricSense-VLA/jackal_ws/build/sensor_tools/prefix_override:/usr/lib/python3/dist-packages/colcon_core/task/python/colcon_distutils_commands:/root/AgricSense-VLA/jackal_ws/install/sensor_tools/lib/python3.10/site-packages:${PYTHONPATH} /usr/bin/python3 -W ignore:setup.py install is deprecated -W ignore:easy_install command is deprecated setup.py develop --editable --build-directory /root/AgricSense-VLA/jackal_ws/build/sensor_tools/build --no-deps symlink_data
